DEBUG:root:Order:2 3 10.0
DEBUG:root:Finish turn

DEBUG:root:Order:2 4 10.0
DEBUG:root:Finish turn

DEBUG:root:Order:2 19 15.0
DEBUG:root:Finish turn

DEBUG:root:Order:2 20 15.0
DEBUG:root:Order:2 4 37
DEBUG:root:Finish turn

DEBUG:root:Order:2 15 20.0
DEBUG:root:Bad order:4 3.0 8
DEBUG:root:Finish turn

DEBUG:root:Order:4 16 20.0
DEBUG:root:Order:2 4 3
DEBUG:root:Finish turn

DEBUG:root:Order:2 4 1
DEBUG:root:Finish turn

DEBUG:root:Order:4 0 26.0
DEBUG:root:Bad order:2 24.0 37
DEBUG:root:Bad order:4 3.0 7
DEBUG:root:Finish turn

DEBUG:root:Bad order:2 29.0 40
DEBUG:root:Bad order:4 6.0 7
DEBUG:root:Finish turn

DEBUG:root:Bad order:2 34.0 42
DEBUG:root:Order:4 19 6
DEBUG:root:Finish turn

DEBUG:root:Bad order:2 39.0 44
DEBUG:root:Bad order:2 39.0 44
DEBUG:root:Finish turn

DEBUG:root:Order:2 9 40.0
DEBUG:root:Bad order:2 4.0 16
DEBUG:root:Bad order:15 1.0 13
DEBUG:root:Bad order:4 6.0 8
DEBUG:root:Finish turn

DEBUG:root:Bad order:2 9.0 18
DEBUG:root:Bad order:15 4.0 13
DEBUG:root:Order:4 19 7
DEBUG:root:Finish turn

DEBUG:root:Bad order:2 14.0 20
DEBUG:root:Bad order:15 7.0 13
DEBUG:root:Finish turn

DEBUG:root:Bad order:2 19.0 22
DEBUG:root:Bad order:15 10.0 13
DEBUG:root:Finish turn

DEBUG:root:Bad order:2 24.0 25
DEBUG:root:Bad order:15 13.0 14
DEBUG:root:Finish turn

DEBUG:root:Order:2 19 27
DEBUG:root:Order:15 19 11
DEBUG:root:Order:15 4 2
DEBUG:root:Finish turn

DEBUG:root:Order:2 19 2
DEBUG:root:Order:2 4 1
DEBUG:root:Finish turn

DEBUG:root:Order:2 19 1
DEBUG:root:Order:15 19 1
DEBUG:root:Order:15 4 1
DEBUG:root:Finish turn

DEBUG:root:Order:2 19 2
DEBUG:root:Order:2 4 1
DEBUG:root:Finish turn

DEBUG:root:Order:2 0 4
DEBUG:root:Order:15 0 2
DEBUG:root:Order:4 0 1
DEBUG:root:Finish turn

DEBUG:root:Order:19 10 40.0
DEBUG:root:Order:2 19 13
DEBUG:root:Order:15 19 11
DEBUG:root:Order:4 19 6
DEBUG:root:Order:4 0 5
DEBUG:root:Finish turn

DEBUG:root:Order:2 0 6
DEBUG:root:Order:15 0 4
DEBUG:root:Order:4 0 2
DEBUG:root:Order:4 9 1
DEBUG:root:Finish turn

DEBUG:root:Order:2 0 5
DEBUG:root:Order:15 0 3
DEBUG:root:Order:9 0 2
DEBUG:root:Order:19 0 2
DEBUG:root:Order:4 0 1
DEBUG:root:Finish turn

DEBUG:root:Order:2 0 5
DEBUG:root:Order:15 0 3
DEBUG:root:Order:4 0 2
DEBUG:root:Order:9 0 2
DEBUG:root:Order:19 0 1
DEBUG:root:Finish turn

DEBUG:root:Order:2 0 3
DEBUG:root:Order:15 0 1
DEBUG:root:Order:15 19 1
DEBUG:root:Finish turn

DEBUG:root:Order:19 5 46.0
DEBUG:root:Bad order:2 9.0 10
DEBUG:root:Order:4 19 7
DEBUG:root:Bad order:9 5.0 7
DEBUG:root:Bad order:15 6.0 7
DEBUG:root:Order:0 19 5
DEBUG:root:Finish turn

DEBUG:root:Order:2 0 6
DEBUG:root:Order:2 4 5
DEBUG:root:Finish turn

DEBUG:root:Order:15 0 2
DEBUG:root:Order:15 2 1
DEBUG:root:Order:15 4 1
DEBUG:root:Finish turn

DEBUG:root:Order:2 0 1
DEBUG:root:Order:2 4 2
DEBUG:root:Finish turn

DEBUG:root:Order:2 9 1
DEBUG:root:Finish turn

DEBUG:root:Order:2 4 2
DEBUG:root:Finish turn

DEBUG:root:Order:2 9 1
DEBUG:root:Order:2 15 2
DEBUG:root:Finish turn

DEBUG:root:Order:2 9 1
DEBUG:root:Order:2 4 1
DEBUG:root:Order:15 4 1
DEBUG:root:Finish turn

DEBUG:root:Order:2 5 6
DEBUG:root:Order:4 5 5
DEBUG:root:Order:15 5 5
DEBUG:root:Order:9 5 3
DEBUG:root:Finish turn

DEBUG:root:Order:2 4 1
DEBUG:root:Order:2 9 1
DEBUG:root:Finish turn

DEBUG:root:Order:2 4 1
DEBUG:root:Order:2 9 1
DEBUG:root:Order:2 15 1
DEBUG:root:Order:5 15 1
DEBUG:root:Finish turn

DEBUG:root:Order:5 4 1
DEBUG:root:Order:5 9 1
DEBUG:root:Finish turn

DEBUG:root:Order:2 4 1
DEBUG:root:Order:5 4 1
DEBUG:root:Order:5 9 1
DEBUG:root:Finish turn

DEBUG:root:Order:2 9 2
DEBUG:root:Order:2 4 1
DEBUG:root:Finish turn

DEBUG:root:Order:5 10 4
DEBUG:root:Order:2 10 2
DEBUG:root:Order:15 10 1
DEBUG:root:Order:15 4 1
DEBUG:root:Finish turn

DEBUG:root:Order:2 9 1
DEBUG:root:Order:2 10 1
DEBUG:root:Order:2 4 2
DEBUG:root:Order:5 4 2
DEBUG:root:Finish turn

DEBUG:root:Order:2 6 46.0
DEBUG:root:Order:4 2 9
DEBUG:root:Order:5 2 9
DEBUG:root:Order:15 2 6
DEBUG:root:Order:9 2 5
DEBUG:root:Order:10 2 5
DEBUG:root:Finish turn

DEBUG:root:Order:5 2 2
DEBUG:root:Order:5 4 2
DEBUG:root:Finish turn

DEBUG:root:Order:2 9 1
DEBUG:root:Order:2 10 1
DEBUG:root:Finish turn

DEBUG:root:Order:5 9 1
DEBUG:root:Order:5 10 1
DEBUG:root:Order:5 4 2
DEBUG:root:Order:2 4 1
DEBUG:root:Finish turn

DEBUG:root:Order:2 9 1
DEBUG:root:Order:2 10 1
DEBUG:root:Finish turn

DEBUG:root:Order:15 11 54.0
DEBUG:root:Order:5 12 54.0
DEBUG:root:Order:2 15 20
DEBUG:root:Order:4 15 16
DEBUG:root:Order:4 5 18
DEBUG:root:Order:9 5 16
DEBUG:root:Finish turn

DEBUG:root:Order:10 4 14
DEBUG:root:Order:2 4 1
DEBUG:root:Order:5 4 1
DEBUG:root:Finish turn

DEBUG:root:Order:2 4 2
DEBUG:root:Order:2 9 2
DEBUG:root:Order:2 10 2
DEBUG:root:Order:5 10 2
DEBUG:root:Finish turn

DEBUG:root:Order:5 10 11
DEBUG:root:Order:15 10 8
DEBUG:root:Order:2 10 7
DEBUG:root:Order:4 10 7
DEBUG:root:Order:9 10 7
DEBUG:root:Finish turn

DEBUG:root:Order:2 10 2
DEBUG:root:Order:5 10 2
DEBUG:root:Order:5 4 2
DEBUG:root:Finish turn

DEBUG:root:Order:2 11 8
DEBUG:root:Order:4 11 6
DEBUG:root:Order:5 11 6
DEBUG:root:Order:15 11 6
DEBUG:root:Order:9 11 4
DEBUG:root:Order:10 11 4
DEBUG:root:Finish turn

DEBUG:root:Order:2 11 3
DEBUG:root:Order:5 11 3
DEBUG:root:Order:15 11 1
DEBUG:root:Finish turn

DEBUG:root:Order:2 4 1
DEBUG:root:Order:2 9 1
DEBUG:root:Order:2 10 1
DEBUG:root:Order:2 15 1
DEBUG:root:Order:5 15 1
DEBUG:root:Finish turn

DEBUG:root:Order:5 11 4
DEBUG:root:Order:15 11 3
DEBUG:root:Order:2 11 1
DEBUG:root:Finish turn

DEBUG:root:Order:2 11 3
DEBUG:root:Order:5 11 3
DEBUG:root:Order:15 11 1
DEBUG:root:Finish turn

DEBUG:root:Order:2 11 2
DEBUG:root:Order:2 4 2
DEBUG:root:Order:5 4 2
DEBUG:root:Finish turn

DEBUG:root:Order:4 9 2
DEBUG:root:Order:4 10 2
DEBUG:root:Finish turn

DEBUG:root:Order:5 4 3
DEBUG:root:Order:5 9 1
DEBUG:root:Order:5 10 1
DEBUG:root:Order:5 15 3
DEBUG:root:Order:2 15 1
DEBUG:root:Finish turn

DEBUG:root:Order:15 5 2
DEBUG:root:Order:15 4 1
DEBUG:root:Order:15 9 1
DEBUG:root:Finish turn

DEBUG:root:Order:2 4 2
DEBUG:root:Order:2 9 2
DEBUG:root:Order:2 15 1
DEBUG:root:Finish turn

DEBUG:root:Order:5 13 62.0
DEBUG:root:Order:11 5 12
DEBUG:root:Order:2 5 10
DEBUG:root:Order:15 5 9
DEBUG:root:Order:4 5 8
DEBUG:root:Order:9 5 8
DEBUG:root:Finish turn

DEBUG:root:Order:2 4 1
DEBUG:root:Order:2 5 1
DEBUG:root:Order:2 9 1
DEBUG:root:Finish turn

DEBUG:root:Order:5 4 1
DEBUG:root:Order:5 9 1
DEBUG:root:Order:5 15 1
DEBUG:root:Order:11 15 1
DEBUG:root:Finish turn

DEBUG:root:Order:2 14 62.0
DEBUG:root:Order:11 2 11
DEBUG:root:Order:15 2 11
DEBUG:root:Order:5 2 10
DEBUG:root:Order:4 2 8
DEBUG:root:Order:9 2 8
DEBUG:root:Finish turn

DEBUG:root:Order:5 4 1
DEBUG:root:Order:5 9 1
DEBUG:root:Order:5 2 1
DEBUG:root:Finish turn

DEBUG:root:Order:2 4 1
DEBUG:root:Order:2 9 1
DEBUG:root:Order:2 15 2
DEBUG:root:Order:11 15 1
DEBUG:root:Finish turn

DEBUG:root:Order:5 4 1
DEBUG:root:Order:15 4 1
DEBUG:root:Order:15 9 1
DEBUG:root:Finish turn

DEBUG:root:Order:11 7 64.0
DEBUG:root:Order:5 11 13
DEBUG:root:Order:2 11 12
DEBUG:root:Order:15 11 10
DEBUG:root:Order:4 11 9
DEBUG:root:Order:9 11 8
DEBUG:root:Finish turn

DEBUG:root:Order:2 6 10
DEBUG:root:Order:5 6 10
DEBUG:root:Bad order:11 8.0 9
DEBUG:root:Order:15 6 8
DEBUG:root:Order:4 6 7
DEBUG:root:Order:9 6 7
DEBUG:root:Finish turn

DEBUG:root:Order:11 6 12
DEBUG:root:Order:2 6 4
DEBUG:root:Order:5 6 4
DEBUG:root:Order:15 6 2
DEBUG:root:Order:4 6 1
DEBUG:root:Order:9 6 1
DEBUG:root:Finish turn

DEBUG:root:Order:2 6 6
DEBUG:root:Order:5 6 6
DEBUG:root:Order:11 6 5
DEBUG:root:Order:15 6 4
DEBUG:root:Order:4 6 3
DEBUG:root:Order:9 6 3
DEBUG:root:Finish turn

DEBUG:root:Order:2 12 12
DEBUG:root:Order:5 12 12
DEBUG:root:Order:11 12 11
DEBUG:root:Order:15 12 10
DEBUG:root:Order:4 12 1
DEBUG:root:Order:4 6 9
DEBUG:root:Order:9 6 9
DEBUG:root:Finish turn

DEBUG:root:Order:2 10 5
DEBUG:root:Order:5 10 5
DEBUG:root:Order:11 10 4
DEBUG:root:Order:15 10 3
DEBUG:root:Order:15 12 3
DEBUG:root:Order:9 12 2
DEBUG:root:Order:4 12 1
DEBUG:root:Finish turn

DEBUG:root:Order:2 15 2
DEBUG:root:Order:2 10 1
DEBUG:root:Order:2 4 2
DEBUG:root:Order:5 4 2
DEBUG:root:Order:11 4 1
DEBUG:root:Finish turn

DEBUG:root:Order:4 14 14
DEBUG:root:Order:5 14 13
DEBUG:root:Order:11 14 12
DEBUG:root:Order:2 14 2
DEBUG:root:Order:2 10 10
DEBUG:root:Order:15 10 10
DEBUG:root:Order:9 10 8
DEBUG:root:Finish turn

DEBUG:root:Order:5 10 8
DEBUG:root:Order:11 10 7
DEBUG:root:Order:2 10 6
DEBUG:root:Order:9 10 6
DEBUG:root:Bad order:14 5.0 6
DEBUG:root:Order:15 10 6
DEBUG:root:Order:4 10 5
DEBUG:root:Finish turn

DEBUG:root:Bad order:14 9.0 13
DEBUG:root:Order:2 10 8
DEBUG:root:Order:5 10 8
DEBUG:root:Order:11 10 7
DEBUG:root:Order:15 10 6
DEBUG:root:Order:4 10 5
DEBUG:root:Order:9 10 5
DEBUG:root:Finish turn

DEBUG:root:Bad order:14 13.0 22
DEBUG:root:Order:2 10 10
DEBUG:root:Order:5 10 10
DEBUG:root:Order:11 10 9
DEBUG:root:Order:15 10 8
DEBUG:root:Order:4 10 7
DEBUG:root:Order:9 10 7
DEBUG:root:Finish turn

DEBUG:root:Bad order:14 17.0 23
DEBUG:root:Order:2 10 2
DEBUG:root:Order:5 10 2
DEBUG:root:Order:11 10 1
DEBUG:root:Finish turn

DEBUG:root:Bad order:14 21.0 24
DEBUG:root:Order:2 10 2
DEBUG:root:Order:5 10 2
DEBUG:root:Order:11 10 1
DEBUG:root:Finish turn

DEBUG:root:Order:14 10 21
DEBUG:root:Order:14 4 3
DEBUG:root:Bad order:14 1.0 3
DEBUG:root:Bad order:14 1.0 24
DEBUG:root:Order:2 15 1
DEBUG:root:Order:5 15 1
DEBUG:root:Finish turn

DEBUG:root:Order:2 13 7
DEBUG:root:Order:5 13 7
DEBUG:root:Order:11 13 6
DEBUG:root:Bad order:14 5.0 6
DEBUG:root:Order:15 13 6
DEBUG:root:Order:4 13 3
DEBUG:root:Order:10 13 3
DEBUG:root:Finish turn

DEBUG:root:Bad order:14 9.0 11
DEBUG:root:Order:2 13 6
DEBUG:root:Order:5 13 6
DEBUG:root:Order:11 13 5
DEBUG:root:Order:15 13 4
DEBUG:root:Order:4 13 3
DEBUG:root:Order:9 13 3
DEBUG:root:Order:10 13 3
DEBUG:root:Finish turn

DEBUG:root:Bad order:14 13.0 18
DEBUG:root:Order:2 13 8
DEBUG:root:Order:5 13 8
DEBUG:root:Order:11 13 7
DEBUG:root:Order:15 13 6
DEBUG:root:Order:4 13 5
DEBUG:root:Order:9 13 5
DEBUG:root:Order:10 13 5
DEBUG:root:Finish turn

DEBUG:root:Order:14 13 19
DEBUG:root:Order:2 13 2
DEBUG:root:Order:5 13 2
DEBUG:root:Order:5 4 2
DEBUG:root:Order:11 4 1
DEBUG:root:Finish turn

DEBUG:root:Order:2 9 1
DEBUG:root:Finish turn

DEBUG:root:Order:2 9 2
DEBUG:root:Order:5 9 1
DEBUG:root:Order:5 4 1
DEBUG:root:Order:5 15 1
DEBUG:root:Finish turn

DEBUG:root:Order:2 7 11
DEBUG:root:Order:11 7 11
DEBUG:root:Order:14 7 11
DEBUG:root:Order:5 7 5
DEBUG:root:Order:5 13 9
DEBUG:root:Order:15 13 9
DEBUG:root:Order:4 13 8
DEBUG:root:Order:9 13 8
DEBUG:root:Finish turn

DEBUG:root:Order:2 7 3
DEBUG:root:Order:11 7 2
DEBUG:root:Order:14 7 2
DEBUG:root:Order:14 5 1
DEBUG:root:Finish turn

DEBUG:root:Order:2 7 1
DEBUG:root:Finish turn

DEBUG:root:Order:2 7 3
DEBUG:root:Order:5 7 3
DEBUG:root:Order:11 7 2
DEBUG:root:Order:13 7 2
DEBUG:root:Order:14 7 1
DEBUG:root:Order:14 4 1
DEBUG:root:Order:14 9 1
DEBUG:root:Finish turn

DEBUG:root:Order:2 4 1
DEBUG:root:Order:5 4 1
DEBUG:root:Order:5 9 1
DEBUG:root:Finish turn

DEBUG:root:Order:2 9 2
DEBUG:root:Order:2 4 1
DEBUG:root:Order:2 14 2
DEBUG:root:Order:5 14 1
DEBUG:root:Order:11 14 1
DEBUG:root:Finish turn

DEBUG:root:Order:14 4 2
DEBUG:root:Order:14 9 2
DEBUG:root:Order:14 2 1
DEBUG:root:Order:14 15 3
DEBUG:root:Order:5 15 1
DEBUG:root:Finish turn

DEBUG:root:Order:15 14 3
DEBUG:root:Order:15 4 1
DEBUG:root:Order:15 9 1
DEBUG:root:Finish turn

DEBUG:root:Order:2 8 64.0
DEBUG:root:Order:5 2 12
DEBUG:root:Order:11 2 10
DEBUG:root:Order:14 2 8
DEBUG:root:Order:4 2 6
DEBUG:root:Order:9 2 6
DEBUG:root:Order:15 2 6
DEBUG:root:Finish turn

DEBUG:root:Order:5 2 2
DEBUG:root:Order:5 4 2
DEBUG:root:Order:11 4 1
DEBUG:root:Order:14 4 1
DEBUG:root:Finish turn

DEBUG:root:Order:4 9 1
DEBUG:root:Finish turn

DEBUG:root:Order:2 9 2
DEBUG:root:Order:5 9 1
DEBUG:root:Order:5 4 1
DEBUG:root:Order:5 15 1
DEBUG:root:Finish turn

DEBUG:root:Order:5 17 69.0
DEBUG:root:Order:11 18 69.0
DEBUG:root:Order:2 5 21
DEBUG:root:Order:14 5 21
DEBUG:root:Order:15 5 7
DEBUG:root:Order:15 11 19
DEBUG:root:Order:4 11 18
DEBUG:root:Order:9 11 10
DEBUG:root:Finish turn

DEBUG:root:Order:9 15 6
DEBUG:root:Order:2 15 1
DEBUG:root:Order:2 4 1
DEBUG:root:Order:2 11 1
DEBUG:root:Finish turn

DEBUG:root:Order:5 10 7
DEBUG:root:Order:14 10 6
DEBUG:root:Order:2 10 5
DEBUG:root:Order:9 10 2
DEBUG:root:Order:9 11 4
DEBUG:root:Order:15 11 4
DEBUG:root:Order:4 11 1
DEBUG:root:Finish turn

DEBUG:root:Order:2 10 4
DEBUG:root:Order:5 10 4
DEBUG:root:Order:4 10 3
DEBUG:root:Order:14 10 3
DEBUG:root:Order:15 10 2
DEBUG:root:Finish turn

DEBUG:root:Order:2 10 7
DEBUG:root:Order:5 10 7
DEBUG:root:Order:14 10 6
DEBUG:root:Order:15 10 5
DEBUG:root:Order:4 10 4
DEBUG:root:Order:9 10 3
DEBUG:root:Finish turn

DEBUG:root:Order:2 11 5
DEBUG:root:Order:5 11 5
DEBUG:root:Order:14 11 4
DEBUG:root:Order:15 11 3
DEBUG:root:Order:4 11 2
DEBUG:root:Order:4 10 2
DEBUG:root:Finish turn

DEBUG:root:Order:2 10 11
DEBUG:root:Order:5 10 11
DEBUG:root:Order:9 10 10
DEBUG:root:Order:11 10 10
DEBUG:root:Order:14 10 8
DEBUG:root:Order:14 13 10
DEBUG:root:Order:15 13 9
DEBUG:root:Order:4 13 3
DEBUG:root:Finish turn

DEBUG:root:Order:8 13 10
DEBUG:root:Order:2 13 6
DEBUG:root:Order:4 13 6
DEBUG:root:Order:5 13 6
DEBUG:root:Order:11 13 5
DEBUG:root:Order:15 13 4
DEBUG:root:Order:9 13 3
DEBUG:root:Order:10 13 2
DEBUG:root:Finish turn

DEBUG:root:Order:2 13 2
DEBUG:root:Order:5 13 1
DEBUG:root:Order:5 8 1
DEBUG:root:Order:5 14 1
DEBUG:root:Order:5 4 2
DEBUG:root:Order:11 4 1
DEBUG:root:Finish turn

DEBUG:root:Order:2 10 9
DEBUG:root:Order:4 10 8
DEBUG:root:Order:11 10 8
DEBUG:root:Order:13 10 7
DEBUG:root:Order:14 10 7
DEBUG:root:Order:15 10 1
DEBUG:root:Order:15 7 7
DEBUG:root:Order:5 7 6
DEBUG:root:Order:9 7 5
DEBUG:root:Order:8 7 3
DEBUG:root:Finish turn

DEBUG:root:Order:2 7 3
DEBUG:root:Order:5 7 3
DEBUG:root:Order:11 7 2
DEBUG:root:Order:13 7 2
DEBUG:root:Order:14 7 2
DEBUG:root:Finish turn

DEBUG:root:Order:2 7 4
DEBUG:root:Order:5 7 4
DEBUG:root:Order:11 7 3
DEBUG:root:Order:13 7 3
DEBUG:root:Order:14 7 3
DEBUG:root:Order:15 7 2
DEBUG:root:Order:4 7 1
DEBUG:root:Order:9 7 1
DEBUG:root:Finish turn

DEBUG:root:Order:2 7 4
DEBUG:root:Order:5 7 4
DEBUG:root:Order:11 7 3
DEBUG:root:Order:13 7 3
DEBUG:root:Order:14 7 3
DEBUG:root:Order:15 7 2
DEBUG:root:Order:4 7 1
DEBUG:root:Order:9 7 1
DEBUG:root:Finish turn

DEBUG:root:Order:2 18 9
DEBUG:root:Order:5 18 9
DEBUG:root:Order:11 18 8
DEBUG:root:Order:13 18 8
DEBUG:root:Order:14 18 8
DEBUG:root:Order:14 7 8
DEBUG:root:Order:15 7 7
DEBUG:root:Order:4 7 6
DEBUG:root:Order:9 7 6
DEBUG:root:Order:8 7 2
DEBUG:root:Finish turn

DEBUG:root:Order:2 17 6
DEBUG:root:Order:5 17 6
DEBUG:root:Order:8 17 5
DEBUG:root:Order:11 17 5
DEBUG:root:Order:13 17 5
DEBUG:root:Order:18 17 5
DEBUG:root:Order:15 17 4
DEBUG:root:Order:4 17 3
DEBUG:root:Order:9 17 2
DEBUG:root:Order:9 14 2
DEBUG:root:Finish turn

DEBUG:root:Order:2 17 2
DEBUG:root:Order:5 17 2
DEBUG:root:Order:18 17 2
DEBUG:root:Order:11 17 1
DEBUG:root:Order:13 17 1
DEBUG:root:Finish turn

DEBUG:root:Order:2 18 8
DEBUG:root:Order:5 18 8
DEBUG:root:Order:11 18 7
DEBUG:root:Order:13 18 7
DEBUG:root:Order:14 18 7
DEBUG:root:Order:15 18 6
DEBUG:root:Order:4 18 4
DEBUG:root:Order:9 18 3
DEBUG:root:Order:8 18 2
DEBUG:root:Finish turn

DEBUG:root:Order:2 8 1
DEBUG:root:Order:5 8 1
DEBUG:root:Order:5 4 1
DEBUG:root:Order:5 9 1
DEBUG:root:Order:5 15 1
DEBUG:root:Finish turn

DEBUG:root:Order:2 8 2
DEBUG:root:Order:2 4 1
DEBUG:root:Order:2 9 1
DEBUG:root:Order:2 5 2
DEBUG:root:Order:11 5 1
DEBUG:root:Order:14 5 1
DEBUG:root:Order:18 5 1
DEBUG:root:Finish turn

DEBUG:root:Order:5 8 3
DEBUG:root:Order:5 2 2
DEBUG:root:Order:5 4 2
DEBUG:root:Order:5 9 2
DEBUG:root:Order:5 15 5
DEBUG:root:Order:18 15 1
DEBUG:root:Finish turn

DEBUG:root:Order:15 5 5
DEBUG:root:Order:18 5 1
DEBUG:root:Order:18 8 2
DEBUG:root:Order:18 4 1
DEBUG:root:Order:18 9 1
DEBUG:root:Finish turn

DEBUG:root:Order:2 8 3
DEBUG:root:Order:2 4 2
DEBUG:root:Order:2 9 2
DEBUG:root:Order:2 18 1
DEBUG:root:Finish turn

DEBUG:root:Order:5 2 2
DEBUG:root:Order:11 2 1
DEBUG:root:Order:11 8 2
DEBUG:root:Order:11 4 1
DEBUG:root:Order:11 9 1
DEBUG:root:Order:11 15 2
DEBUG:root:Order:14 15 2
DEBUG:root:Order:18 15 1
DEBUG:root:Finish turn

DEBUG:root:Order:15 11 3
DEBUG:root:Order:15 8 2
DEBUG:root:Order:15 4 1
DEBUG:root:Order:15 9 1
DEBUG:root:Finish turn

DEBUG:root:Order:5 8 3
DEBUG:root:Order:5 15 3
DEBUG:root:Order:5 4 2
DEBUG:root:Order:5 9 2
DEBUG:root:Order:5 11 3
DEBUG:root:Order:18 11 3
DEBUG:root:Order:2 11 2
DEBUG:root:Order:14 11 1
DEBUG:root:Finish turn

DEBUG:root:Order:11 5 7
DEBUG:root:Order:11 8 2
DEBUG:root:Order:11 4 1
DEBUG:root:Order:11 9 1
DEBUG:root:Order:11 15 9
DEBUG:root:Order:2 15 2
DEBUG:root:Order:18 15 2
DEBUG:root:Order:14 15 1
DEBUG:root:Finish turn

DEBUG:root:Order:2 21 76.0
DEBUG:root:Order:14 22 76.0
DEBUG:root:Order:15 14 34
DEBUG:root:Order:18 14 19
DEBUG:root:Bad order:18 3.0 23
DEBUG:root:Order:5 2 22
DEBUG:root:Order:4 2 19
DEBUG:root:Order:9 2 11
DEBUG:root:Order:9 13 19
DEBUG:root:Order:8 13 18
DEBUG:root:Order:11 13 7
DEBUG:root:Finish turn

DEBUG:root:Order:18 13 8
DEBUG:root:Order:11 13 7
DEBUG:root:Order:5 13 4
DEBUG:root:Order:2 13 3
DEBUG:root:Order:14 13 2
DEBUG:root:Order:14 9 2
DEBUG:root:Order:15 9 2
DEBUG:root:Order:4 9 1
DEBUG:root:Finish turn

DEBUG:root:Order:2 13 7
DEBUG:root:Order:5 13 7
DEBUG:root:Order:18 13 7
DEBUG:root:Order:11 13 6
DEBUG:root:Order:15 13 5
DEBUG:root:Order:4 13 4
DEBUG:root:Order:14 13 4
DEBUG:root:Order:8 13 3
DEBUG:root:Order:8 9 3
DEBUG:root:Finish turn

DEBUG:root:Order:2 8 7
DEBUG:root:Order:5 8 7
DEBUG:root:Order:18 8 7
DEBUG:root:Order:9 8 6
DEBUG:root:Order:11 8 6
DEBUG:root:Order:14 8 6
DEBUG:root:Order:13 8 5
DEBUG:root:Order:15 8 5
DEBUG:root:Order:4 8 4
DEBUG:root:Finish turn

DEBUG:root:Order:2 8 9
DEBUG:root:Order:5 8 9
DEBUG:root:Order:18 8 9
DEBUG:root:Order:11 8 8
DEBUG:root:Order:13 8 8
DEBUG:root:Bad order:14 4.0 8
DEBUG:root:Order:15 8 7
DEBUG:root:Order:4 8 6
DEBUG:root:Order:9 8 5
DEBUG:root:Order:9 10 6
DEBUG:root:Finish turn

DEBUG:root:Bad order:14 8.0 11
DEBUG:root:Order:2 10 4
DEBUG:root:Order:5 10 4
DEBUG:root:Order:18 10 4
DEBUG:root:Order:11 10 3
DEBUG:root:Order:13 10 3
DEBUG:root:Order:15 10 2
DEBUG:root:Order:4 10 1
DEBUG:root:Finish turn

DEBUG:root:Bad order:14 12.0 15
DEBUG:root:Order:2 10 5
DEBUG:root:Order:5 10 5
DEBUG:root:Order:18 10 5
DEBUG:root:Order:11 10 4
DEBUG:root:Order:15 10 3
DEBUG:root:Order:4 10 2
DEBUG:root:Finish turn

DEBUG:root:Bad order:14 16.0 24
DEBUG:root:Order:2 10 10
DEBUG:root:Order:5 10 10
DEBUG:root:Order:18 10 10
DEBUG:root:Order:11 10 9
DEBUG:root:Order:15 10 8
DEBUG:root:Order:4 10 7
DEBUG:root:Order:8 10 5
DEBUG:root:Order:8 7 6
DEBUG:root:Order:9 7 5
DEBUG:root:Finish turn

DEBUG:root:Order:14 22 30
DEBUG:root:Order:2 22 7
DEBUG:root:Order:5 22 4
DEBUG:root:Order:5 7 7
DEBUG:root:Order:18 7 7
DEBUG:root:Order:11 7 6
DEBUG:root:Order:15 7 5
DEBUG:root:Order:4 7 4
DEBUG:root:Order:9 7 4
DEBUG:root:Order:10 7 2
DEBUG:root:Order:10 8 1
DEBUG:root:Finish turn

DEBUG:root:Order:2 22 3
DEBUG:root:Order:18 22 3
DEBUG:root:Order:11 22 2
DEBUG:root:Order:14 22 2
DEBUG:root:Order:14 7 1
DEBUG:root:Order:14 8 1
DEBUG:root:Order:14 5 2
DEBUG:root:Order:15 5 1
DEBUG:root:Finish turn

DEBUG:root:Order:5 22 5
DEBUG:root:Order:2 22 3
DEBUG:root:Order:18 22 3
DEBUG:root:Order:11 22 2
DEBUG:root:Order:11 7 1
DEBUG:root:Order:11 8 1
DEBUG:root:Order:11 14 1
DEBUG:root:Finish turn

DEBUG:root:Order:2 8 2
DEBUG:root:Order:2 11 1
DEBUG:root:Order:2 4 2
DEBUG:root:Order:5 4 2
DEBUG:root:Order:18 4 2
DEBUG:root:Order:15 4 1
DEBUG:root:Finish turn

DEBUG:root:Order:4 8 3
DEBUG:root:Order:4 9 2
DEBUG:root:Order:4 10 2
DEBUG:root:Order:4 2 1
DEBUG:root:Order:4 11 4
DEBUG:root:Order:5 11 1
DEBUG:root:Order:18 11 1
DEBUG:root:Finish turn

DEBUG:root:Order:11 4 6
DEBUG:root:Order:5 4 2
DEBUG:root:Order:5 8 2
DEBUG:root:Order:5 9 1
DEBUG:root:Order:5 15 2
DEBUG:root:Order:18 15 2
DEBUG:root:Order:2 15 1
DEBUG:root:Order:14 15 1
DEBUG:root:Finish turn

DEBUG:root:Order:15 5 3
DEBUG:root:Order:15 8 3
DEBUG:root:Order:15 4 2
DEBUG:root:Order:15 9 2
DEBUG:root:Finish turn

DEBUG:root:Order:2 15 3
DEBUG:root:Order:18 15 2
DEBUG:root:Order:18 8 2
DEBUG:root:Order:18 4 1
DEBUG:root:Order:18 9 1
DEBUG:root:Finish turn

DEBUG:root:Order:5 21 12
DEBUG:root:Order:2 21 11
DEBUG:root:Order:11 21 11
DEBUG:root:Order:14 21 11
DEBUG:root:Order:15 21 8
DEBUG:root:Order:18 21 4
DEBUG:root:Order:18 22 8
DEBUG:root:Order:4 22 7
DEBUG:root:Order:9 22 7
DEBUG:root:Order:8 22 2
DEBUG:root:Finish turn

DEBUG:root:Order:2 21 2
DEBUG:root:Order:5 21 2
DEBUG:root:Order:8 21 2
DEBUG:root:Order:11 21 1
DEBUG:root:Order:14 21 1
DEBUG:root:Finish turn

DEBUG:root:Order:2 21 3
DEBUG:root:Order:5 21 3
DEBUG:root:Order:11 21 2
DEBUG:root:Order:14 21 2
DEBUG:root:Order:15 21 1
DEBUG:root:Order:18 21 1
DEBUG:root:Order:22 21 1
DEBUG:root:Finish turn

DEBUG:root:Order:2 21 4
DEBUG:root:Order:5 21 4
DEBUG:root:Order:18 21 4
DEBUG:root:Order:11 21 3
DEBUG:root:Order:14 21 3
DEBUG:root:Order:15 21 2
DEBUG:root:Order:22 21 2
DEBUG:root:Finish turn

DEBUG:root:Order:2 21 3
DEBUG:root:Order:5 21 3
DEBUG:root:Order:18 21 3
DEBUG:root:Order:11 21 2
DEBUG:root:Order:14 21 2
DEBUG:root:Order:15 21 1
DEBUG:root:Order:22 21 1
DEBUG:root:Finish turn

DEBUG:root:Order:2 8 1
DEBUG:root:Order:5 8 1
DEBUG:root:Order:18 8 1
DEBUG:root:Finish turn

DEBUG:root:Order:2 22 11
DEBUG:root:Order:5 22 11
DEBUG:root:Order:18 22 11
DEBUG:root:Order:11 22 10
DEBUG:root:Order:14 22 10
DEBUG:root:Order:15 22 8
DEBUG:root:Order:4 22 6
DEBUG:root:Order:9 22 6
DEBUG:root:Order:8 22 5
DEBUG:root:Finish turn

DEBUG:root:Order:2 22 2
DEBUG:root:Order:5 22 2
DEBUG:root:Order:5 8 2
DEBUG:root:Order:5 4 1
DEBUG:root:Order:5 9 1
DEBUG:root:Finish turn

DEBUG:root:Order:18 5 2
DEBUG:root:Order:18 8 2
DEBUG:root:Order:18 4 1
DEBUG:root:Order:18 9 1
DEBUG:root:Order:18 15 3
DEBUG:root:Order:2 15 1
DEBUG:root:Order:11 15 1
DEBUG:root:Order:14 15 1
DEBUG:root:Finish turn

DEBUG:root:Order:15 18 3
DEBUG:root:Order:15 8 2
DEBUG:root:Order:15 4 1
DEBUG:root:Order:15 9 1
DEBUG:root:Order:15 22 5
DEBUG:root:Order:2 22 2
DEBUG:root:Order:5 22 1
DEBUG:root:Order:11 22 1
DEBUG:root:Order:14 22 1
DEBUG:root:Finish turn

DEBUG:root:Order:22 15 7
DEBUG:root:Order:22 8 3
DEBUG:root:Order:22 4 2
DEBUG:root:Order:22 9 2
DEBUG:root:Finish turn

DEBUG:root:Order:2 22 3
DEBUG:root:Order:5 22 2
DEBUG:root:Order:5 8 2
DEBUG:root:Order:5 4 1
DEBUG:root:Order:5 9 1
DEBUG:root:Order:5 15 3
DEBUG:root:Order:18 15 2
DEBUG:root:Order:11 15 1
DEBUG:root:Order:14 15 1
DEBUG:root:Finish turn

DEBUG:root:Order:15 7 12
DEBUG:root:Order:2 7 8
DEBUG:root:Order:18 7 8
DEBUG:root:Order:11 7 7
DEBUG:root:Order:14 7 7
DEBUG:root:Order:22 7 5
DEBUG:root:Order:4 7 4
DEBUG:root:Order:9 7 4
DEBUG:root:Order:8 7 3
DEBUG:root:Order:5 7 2
DEBUG:root:Finish turn

DEBUG:root:Order:2 7 3
DEBUG:root:Order:5 7 3
DEBUG:root:Order:18 7 3
DEBUG:root:Order:11 7 2
DEBUG:root:Order:14 7 2
DEBUG:root:Order:15 7 1
DEBUG:root:Order:22 7 1
DEBUG:root:Order:22 8 1
DEBUG:root:Finish turn

DEBUG:root:Order:2 7 3
DEBUG:root:Order:5 7 3
DEBUG:root:Order:18 7 3
DEBUG:root:Order:11 7 2
DEBUG:root:Order:14 7 2
DEBUG:root:Order:15 7 1
DEBUG:root:Finish turn

DEBUG:root:Order:2 7 4
DEBUG:root:Order:5 7 4
DEBUG:root:Order:18 7 4
DEBUG:root:Order:11 7 3
DEBUG:root:Order:14 7 3
DEBUG:root:Order:15 7 2
DEBUG:root:Order:22 7 2
DEBUG:root:Order:4 7 1
DEBUG:root:Order:9 7 1
DEBUG:root:Finish turn

DEBUG:root:Order:2 7 4
DEBUG:root:Order:5 7 4
DEBUG:root:Order:18 7 4
DEBUG:root:Order:11 7 3
DEBUG:root:Order:14 7 3
DEBUG:root:Order:15 7 2
DEBUG:root:Order:22 7 2
DEBUG:root:Order:4 7 1
DEBUG:root:Order:4 8 1
DEBUG:root:Finish turn

DEBUG:root:Order:2 4 1
DEBUG:root:Order:5 4 1
DEBUG:root:Order:5 8 1
DEBUG:root:Order:18 8 1
DEBUG:root:Order:18 9 1
DEBUG:root:Finish turn

DEBUG:root:Order:2 8 2
DEBUG:root:Order:2 4 1
DEBUG:root:Order:2 9 2
DEBUG:root:Order:5 9 1
DEBUG:root:Order:11 9 1
DEBUG:root:Order:14 9 1
DEBUG:root:Order:18 9 1
DEBUG:root:Finish turn

DEBUG:root:Order:9 8 3
DEBUG:root:Order:9 4 2
DEBUG:root:Order:9 2 1
DEBUG:root:Order:9 15 1
DEBUG:root:Order:9 22 1
DEBUG:root:Finish turn

DEBUG:root:Order:5 9 3
DEBUG:root:Order:18 9 2
DEBUG:root:Order:18 8 2
DEBUG:root:Order:18 4 1
DEBUG:root:Order:18 15 3
DEBUG:root:Order:2 15 1
DEBUG:root:Order:11 15 1
DEBUG:root:Order:14 15 1
DEBUG:root:Finish turn

DEBUG:root:Order:15 8 3
DEBUG:root:Order:15 18 3
DEBUG:root:Order:15 4 2
DEBUG:root:Order:15 9 2
DEBUG:root:Order:15 22 1
DEBUG:root:Finish turn

DEBUG:root:Order:2 15 3
DEBUG:root:Order:5 15 3
DEBUG:root:Order:5 8 2
DEBUG:root:Order:5 4 1
DEBUG:root:Order:5 9 1
DEBUG:root:Order:5 22 3
DEBUG:root:Order:11 22 1
DEBUG:root:Order:14 22 1
DEBUG:root:Order:18 22 1
DEBUG:root:Finish turn

DEBUG:root:Order:22 5 4
DEBUG:root:Order:22 8 2
DEBUG:root:Order:22 4 1
DEBUG:root:Order:22 9 1
DEBUG:root:Order:22 15 5
DEBUG:root:Order:2 15 2
DEBUG:root:Order:18 15 2
DEBUG:root:Order:11 15 1
DEBUG:root:Order:14 15 1
DEBUG:root:Finish turn

DEBUG:root:Order:15 22 8
DEBUG:root:Order:15 8 3
DEBUG:root:Order:15 4 2
DEBUG:root:Order:15 9 2
DEBUG:root:Finish turn

DEBUG:root:Order:2 15 3
DEBUG:root:Order:18 15 2
DEBUG:root:Order:18 8 2
DEBUG:root:Order:18 4 1
DEBUG:root:Order:18 9 1
DEBUG:root:Order:18 22 3
DEBUG:root:Order:5 22 2
DEBUG:root:Order:11 22 1
DEBUG:root:Order:14 22 1
DEBUG:root:Finish turn

DEBUG:root:Order:22 18 4
DEBUG:root:Order:22 8 3
DEBUG:root:Order:22 4 2
DEBUG:root:Order:22 9 2
DEBUG:root:Order:22 15 1
DEBUG:root:Finish turn

DEBUG:root:Order:2 22 3
DEBUG:root:Order:5 22 3
DEBUG:root:Order:5 8 2
DEBUG:root:Order:5 4 1
DEBUG:root:Order:5 9 1
DEBUG:root:Order:5 15 3
DEBUG:root:Order:11 15 1
DEBUG:root:Order:14 15 1
DEBUG:root:Order:18 15 1
DEBUG:root:Finish turn

DEBUG:root:Order:15 5 4
DEBUG:root:Order:15 8 2
DEBUG:root:Order:15 4 1
DEBUG:root:Order:15 9 1
DEBUG:root:Order:15 22 5
DEBUG:root:Order:2 22 2
DEBUG:root:Order:18 22 2
DEBUG:root:Order:11 22 1
DEBUG:root:Order:14 22 1
DEBUG:root:Finish turn

DEBUG:root:Order:22 15 8
DEBUG:root:Order:22 8 3
DEBUG:root:Order:22 4 2
DEBUG:root:Order:22 9 2
DEBUG:root:Finish turn

DEBUG:root:Order:2 22 3
DEBUG:root:Order:18 22 2
DEBUG:root:Order:18 8 2
DEBUG:root:Order:18 4 1
DEBUG:root:Order:18 9 1
DEBUG:root:Order:18 15 3
DEBUG:root:Order:5 15 2
DEBUG:root:Order:11 15 1
DEBUG:root:Order:14 15 1
DEBUG:root:Finish turn

DEBUG:root:Order:15 18 4
DEBUG:root:Order:15 8 3
DEBUG:root:Order:15 4 2
DEBUG:root:Order:15 9 2
DEBUG:root:Order:15 22 1
DEBUG:root:Finish turn

DEBUG:root:Order:2 7 10
DEBUG:root:Order:5 7 10
DEBUG:root:Order:11 7 8
DEBUG:root:Order:14 7 8
DEBUG:root:Order:18 7 8
DEBUG:root:Order:22 7 6
DEBUG:root:Order:4 7 5
DEBUG:root:Order:9 7 5
DEBUG:root:Order:8 7 4
DEBUG:root:Finish turn

DEBUG:root:Order:2 7 3
DEBUG:root:Order:5 7 3
DEBUG:root:Order:18 7 3
DEBUG:root:Order:11 7 2
DEBUG:root:Order:14 7 2
DEBUG:root:Order:15 7 1
DEBUG:root:Order:22 7 1
DEBUG:root:Finish turn

DEBUG:root:Order:2 7 4
DEBUG:root:Order:5 7 4
DEBUG:root:Order:18 7 4
DEBUG:root:Order:11 7 3
DEBUG:root:Order:14 7 3
DEBUG:root:Order:15 7 2
DEBUG:root:Order:22 7 2
DEBUG:root:Order:4 7 1
DEBUG:root:Order:4 8 1
DEBUG:root:Order:9 8 1
DEBUG:root:Finish turn

DEBUG:root:Order:2 7 5
DEBUG:root:Order:5 7 5
DEBUG:root:Order:18 7 5
DEBUG:root:Order:11 7 4
DEBUG:root:Order:14 7 4
DEBUG:root:Order:15 7 3
DEBUG:root:Order:22 7 3
DEBUG:root:Order:8 7 2
DEBUG:root:Order:9 7 2
DEBUG:root:Order:4 7 1
DEBUG:root:Finish turn

DEBUG:root:Order:2 7 6
DEBUG:root:Order:5 7 6
DEBUG:root:Order:18 7 6
DEBUG:root:Order:11 7 5
DEBUG:root:Order:14 7 5
DEBUG:root:Order:15 7 4
DEBUG:root:Order:22 7 4
DEBUG:root:Order:4 7 3
DEBUG:root:Order:9 7 3
DEBUG:root:Order:8 7 2
DEBUG:root:Finish turn

DEBUG:root:Order:2 7 7
DEBUG:root:Order:5 7 7
DEBUG:root:Order:18 7 7
DEBUG:root:Order:11 7 6
DEBUG:root:Order:14 7 6
DEBUG:root:Order:15 7 5
DEBUG:root:Order:22 7 5
DEBUG:root:Order:4 7 4
DEBUG:root:Order:9 7 4
DEBUG:root:Order:8 7 3
DEBUG:root:Finish turn

DEBUG:root:Order:2 7 5
DEBUG:root:Order:5 7 5
DEBUG:root:Order:18 7 5
DEBUG:root:Order:11 7 4
DEBUG:root:Order:14 7 4
DEBUG:root:Order:15 7 3
DEBUG:root:Order:22 7 3
DEBUG:root:Order:4 7 2
DEBUG:root:Order:9 7 2
DEBUG:root:Order:8 7 1
DEBUG:root:Finish turn

DEBUG:root:Order:2 7 6
DEBUG:root:Order:5 7 6
DEBUG:root:Order:18 7 6
DEBUG:root:Order:11 7 5
DEBUG:root:Order:14 7 5
DEBUG:root:Order:15 7 4
DEBUG:root:Order:22 7 4
DEBUG:root:Order:4 7 3
DEBUG:root:Order:9 7 3
DEBUG:root:Order:8 7 2
DEBUG:root:Finish turn

DEBUG:root:Order:2 7 6
DEBUG:root:Order:5 7 6
DEBUG:root:Order:18 7 6
DEBUG:root:Order:11 7 5
DEBUG:root:Order:14 7 5
DEBUG:root:Order:15 7 4
DEBUG:root:Order:22 7 4
DEBUG:root:Order:4 7 3
DEBUG:root:Order:9 7 3
DEBUG:root:Order:8 7 2
DEBUG:root:Finish turn

DEBUG:root:Order:2 7 7
DEBUG:root:Order:5 7 7
DEBUG:root:Order:18 7 7
DEBUG:root:Order:11 7 6
DEBUG:root:Order:14 7 6
DEBUG:root:Order:15 7 5
DEBUG:root:Order:22 7 5
DEBUG:root:Order:4 7 4
DEBUG:root:Order:9 7 4
DEBUG:root:Order:8 7 3
DEBUG:root:Finish turn

DEBUG:root:Order:2 8 1
DEBUG:root:Order:5 8 1
DEBUG:root:Order:5 4 1
DEBUG:root:Order:5 9 1
DEBUG:root:Order:5 15 1
DEBUG:root:Order:18 15 1
DEBUG:root:Finish turn

DEBUG:root:Order:2 8 2
DEBUG:root:Order:2 4 1
DEBUG:root:Order:2 9 1
DEBUG:root:Order:2 5 2
DEBUG:root:Order:18 5 2
DEBUG:root:Order:11 5 1
DEBUG:root:Order:14 5 1
DEBUG:root:Order:15 5 1
DEBUG:root:Finish turn

DEBUG:root:Order:5 8 3
DEBUG:root:Order:5 2 2
DEBUG:root:Order:5 4 2
DEBUG:root:Order:5 9 2
DEBUG:root:Order:5 22 1
DEBUG:root:Order:5 15 7
DEBUG:root:Order:18 15 1
DEBUG:root:Finish turn

DEBUG:root:Order:15 5 7
DEBUG:root:Order:15 8 2
DEBUG:root:Order:15 4 1
DEBUG:root:Order:15 9 1
DEBUG:root:Order:15 22 7
DEBUG:root:Order:18 22 2
DEBUG:root:Order:2 22 1
DEBUG:root:Order:11 22 1
DEBUG:root:Order:14 22 1
DEBUG:root:Finish turn

DEBUG:root:Order:22 15 11
DEBUG:root:Order:22 8 3
DEBUG:root:Order:22 4 2
DEBUG:root:Order:22 9 2
DEBUG:root:Finish turn

DEBUG:root:Order:2 22 3
DEBUG:root:Order:18 22 3
DEBUG:root:Order:5 22 1
DEBUG:root:Order:5 8 2
DEBUG:root:Order:5 4 1
DEBUG:root:Order:5 9 1
DEBUG:root:Order:5 15 2
DEBUG:root:Order:11 15 1
DEBUG:root:Order:14 15 1
DEBUG:root:Finish turn

DEBUG:root:Order:15 5 2
DEBUG:root:Order:15 8 2
DEBUG:root:Order:15 4 1
DEBUG:root:Order:15 9 1
DEBUG:root:Order:15 22 3
DEBUG:root:Order:2 22 2
DEBUG:root:Order:18 22 2
DEBUG:root:Order:11 22 1
DEBUG:root:Order:14 22 1
DEBUG:root:Finish turn

DEBUG:root:Order:22 15 6
DEBUG:root:Order:22 8 3
DEBUG:root:Order:22 4 2
DEBUG:root:Order:22 9 2
DEBUG:root:Finish turn

DEBUG:root:Order:2 22 3
DEBUG:root:Order:18 22 2
DEBUG:root:Order:18 8 2
DEBUG:root:Order:18 4 1
DEBUG:root:Order:18 9 1
DEBUG:root:Order:18 15 3
DEBUG:root:Order:5 15 2
DEBUG:root:Order:11 15 1
DEBUG:root:Order:14 15 1
DEBUG:root:Finish turn

DEBUG:root:Order:15 18 4
DEBUG:root:Order:15 8 3
DEBUG:root:Order:15 4 2
DEBUG:root:Order:15 9 2
DEBUG:root:Order:15 22 1
DEBUG:root:Finish turn

DEBUG:root:Order:2 8 19
DEBUG:root:Order:5 8 19
DEBUG:root:Order:11 8 17
DEBUG:root:Order:14 8 17
DEBUG:root:Order:18 8 17
DEBUG:root:Order:22 8 15
DEBUG:root:Order:4 8 14
DEBUG:root:Order:9 8 14
DEBUG:root:Order:15 8 9
DEBUG:root:Finish turn

DEBUG:root:Order:2 8 2
DEBUG:root:Order:5 8 2
DEBUG:root:Order:18 8 2
DEBUG:root:Order:11 8 1
DEBUG:root:Order:14 8 1
DEBUG:root:Finish turn

DEBUG:root:Order:2 8 2
DEBUG:root:Order:5 8 2
DEBUG:root:Order:5 4 2
DEBUG:root:Order:5 9 2
DEBUG:root:Finish turn

DEBUG:root:Order:18 5 2
DEBUG:root:Order:18 8 2
DEBUG:root:Order:18 4 1
DEBUG:root:Order:18 9 1
DEBUG:root:Order:18 15 3
DEBUG:root:Order:2 15 1
DEBUG:root:Order:11 15 1
DEBUG:root:Order:14 15 1
DEBUG:root:Finish turn

DEBUG:root:Order:15 18 3
DEBUG:root:Order:15 8 2
DEBUG:root:Order:15 4 1
DEBUG:root:Order:15 9 1
DEBUG:root:Order:15 22 5
DEBUG:root:Order:2 22 2
DEBUG:root:Order:5 22 1
DEBUG:root:Order:11 22 1
DEBUG:root:Order:14 22 1
DEBUG:root:Finish turn

DEBUG:root:Order:22 15 7
DEBUG:root:Order:22 8 3
DEBUG:root:Order:22 4 2
DEBUG:root:Order:22 9 2
DEBUG:root:Finish turn

DEBUG:root:Order:2 7 9
DEBUG:root:Order:5 7 9
DEBUG:root:Order:18 7 8
DEBUG:root:Order:11 7 7
DEBUG:root:Order:14 7 7
DEBUG:root:Order:15 7 5
DEBUG:root:Order:4 7 4
DEBUG:root:Order:9 7 4
DEBUG:root:Order:8 7 3
DEBUG:root:Finish turn

DEBUG:root:Order:2 7 3
DEBUG:root:Order:5 7 3
DEBUG:root:Order:18 7 3
DEBUG:root:Order:11 7 2
DEBUG:root:Order:14 7 2
DEBUG:root:Order:15 7 1
DEBUG:root:Order:22 7 1
DEBUG:root:Finish turn

DEBUG:root:Order:2 7 5
DEBUG:root:Order:5 7 5
DEBUG:root:Order:18 7 5
DEBUG:root:Order:11 7 4
DEBUG:root:Order:14 7 4
DEBUG:root:Order:15 7 3
DEBUG:root:Order:22 7 3
DEBUG:root:Order:4 7 2
DEBUG:root:Order:9 7 2
DEBUG:root:Finish turn

DEBUG:root:Order:2 7 8
DEBUG:root:Order:5 7 8
DEBUG:root:Order:18 7 8
DEBUG:root:Order:11 7 7
DEBUG:root:Order:14 7 7
DEBUG:root:Order:15 7 6
DEBUG:root:Order:22 7 6
DEBUG:root:Order:4 7 5
DEBUG:root:Order:9 7 5
DEBUG:root:Order:8 7 4
DEBUG:root:Finish turn

DEBUG:root:Order:2 7 12
DEBUG:root:Order:5 7 12
DEBUG:root:Order:18 7 12
DEBUG:root:Order:11 7 11
DEBUG:root:Order:14 7 11
DEBUG:root:Order:15 7 10
DEBUG:root:Order:22 7 10
DEBUG:root:Order:4 7 9
DEBUG:root:Order:9 7 9
DEBUG:root:Order:8 7 8
DEBUG:root:Finish turn

DEBUG:root:Order:2 7 11
DEBUG:root:Order:5 7 11
DEBUG:root:Order:18 7 11
DEBUG:root:Order:11 7 10
DEBUG:root:Order:14 7 10
DEBUG:root:Order:15 7 9
DEBUG:root:Order:22 7 9
DEBUG:root:Order:4 7 8
DEBUG:root:Order:9 7 8
DEBUG:root:Order:8 7 7
DEBUG:root:Finish turn

DEBUG:root:Order:2 7 8
DEBUG:root:Order:5 7 8
DEBUG:root:Order:18 7 8
DEBUG:root:Order:11 7 7
DEBUG:root:Order:14 7 7
DEBUG:root:Order:15 7 6
DEBUG:root:Order:22 7 6
DEBUG:root:Order:4 7 5
DEBUG:root:Order:9 7 5
DEBUG:root:Order:8 7 4
DEBUG:root:Finish turn

DEBUG:root:Order:2 7 8
DEBUG:root:Order:5 7 8
DEBUG:root:Order:18 7 8
DEBUG:root:Order:11 7 7
DEBUG:root:Order:14 7 7
DEBUG:root:Order:15 7 6
DEBUG:root:Order:22 7 6
DEBUG:root:Order:4 7 5
DEBUG:root:Order:9 7 5
DEBUG:root:Order:8 7 4
DEBUG:root:Finish turn

DEBUG:root:Order:2 7 8
DEBUG:root:Order:5 7 8
DEBUG:root:Order:18 7 8
DEBUG:root:Order:11 7 7
DEBUG:root:Order:14 7 7
DEBUG:root:Order:15 7 6
DEBUG:root:Order:22 7 6
DEBUG:root:Order:4 7 5
DEBUG:root:Order:9 7 5
DEBUG:root:Order:8 7 4
DEBUG:root:Finish turn

DEBUG:root:Order:2 7 8
DEBUG:root:Order:5 7 8
DEBUG:root:Order:18 7 8
DEBUG:root:Order:11 7 7
DEBUG:root:Order:14 7 7
DEBUG:root:Order:15 7 6
DEBUG:root:Order:22 7 6
DEBUG:root:Order:4 7 5
DEBUG:root:Order:9 7 5
DEBUG:root:Order:8 7 4
DEBUG:root:Finish turn

DEBUG:root:Order:2 7 9
DEBUG:root:Order:5 7 9
DEBUG:root:Order:18 7 9
DEBUG:root:Order:11 7 8
DEBUG:root:Order:14 7 8
DEBUG:root:Order:15 7 7
DEBUG:root:Order:22 7 7
DEBUG:root:Order:4 7 6
DEBUG:root:Order:9 7 6
DEBUG:root:Order:8 7 5
DEBUG:root:Finish turn

DEBUG:root:Order:2 7 2
DEBUG:root:Order:5 7 2
DEBUG:root:Order:18 7 2
DEBUG:root:Order:18 8 1
DEBUG:root:Order:18 4 2
DEBUG:root:Order:11 4 1
DEBUG:root:Order:14 4 1
DEBUG:root:Finish turn

DEBUG:root:Order:2 8 1
DEBUG:root:Order:4 8 1
DEBUG:root:Order:5 8 1
DEBUG:root:Order:5 9 1
DEBUG:root:Finish turn

DEBUG:root:Order:2 8 2
DEBUG:root:Order:2 9 2
DEBUG:root:Order:2 4 2
DEBUG:root:Order:5 4 1
DEBUG:root:Order:11 4 1
DEBUG:root:Order:14 4 1
DEBUG:root:Finish turn

DEBUG:root:Order:4 8 3
DEBUG:root:Order:4 2 2
DEBUG:root:Order:4 9 2
DEBUG:root:Order:4 15 1
DEBUG:root:Order:4 22 1
DEBUG:root:Finish turn

DEBUG:root:Order:5 8 18
DEBUG:root:Order:18 8 18
DEBUG:root:Order:2 8 16
DEBUG:root:Order:11 8 16
DEBUG:root:Order:14 8 16
DEBUG:root:Order:15 8 14
DEBUG:root:Order:22 8 14
DEBUG:root:Order:9 8 13
DEBUG:root:Order:4 8 7
DEBUG:root:Finish turn

DEBUG:root:Order:2 8 2
DEBUG:root:Order:5 8 2
DEBUG:root:Order:18 8 2
DEBUG:root:Order:18 4 2
DEBUG:root:Order:11 4 1
DEBUG:root:Order:14 4 1
DEBUG:root:Finish turn

DEBUG:root:Order:2 8 1
DEBUG:root:Order:4 8 1
DEBUG:root:Order:5 8 1
DEBUG:root:Order:5 9 1
DEBUG:root:Finish turn

DEBUG:root:Order:2 8 2
DEBUG:root:Order:2 9 2
DEBUG:root:Order:2 4 2
DEBUG:root:Order:5 4 1
DEBUG:root:Order:11 4 1
DEBUG:root:Order:14 4 1
DEBUG:root:Order:18 4 1
DEBUG:root:Finish turn

DEBUG:root:Order:4 8 3
DEBUG:root:Order:4 2 2
DEBUG:root:Order:4 9 2
DEBUG:root:Order:4 15 1
DEBUG:root:Order:4 22 1
DEBUG:root:Finish turn

DEBUG:root:Order:5 4 3
DEBUG:root:Order:18 4 3
DEBUG:root:Order:18 8 2
DEBUG:root:Order:18 9 1
DEBUG:root:Order:18 15 3
DEBUG:root:Order:2 15 1
DEBUG:root:Order:11 15 1
DEBUG:root:Order:14 15 1
DEBUG:root:Finish turn

DEBUG:root:Order:15 18 3
DEBUG:root:Order:15 8 2
DEBUG:root:Order:15 4 1
DEBUG:root:Order:15 9 1
DEBUG:root:Order:15 22 5
DEBUG:root:Order:2 22 2
DEBUG:root:Order:5 22 2
DEBUG:root:Order:11 22 1
DEBUG:root:Order:14 22 1
DEBUG:root:Finish turn

DEBUG:root:Order:22 15 7
DEBUG:root:Order:22 8 3
DEBUG:root:Order:22 4 2
DEBUG:root:Order:22 9 2
DEBUG:root:Finish turn

DEBUG:root:Order:2 22 3
DEBUG:root:Order:5 22 1
DEBUG:root:Order:5 8 2
DEBUG:root:Order:5 4 1
DEBUG:root:Order:5 9 1
DEBUG:root:Order:5 15 3
DEBUG:root:Order:18 15 2
DEBUG:root:Order:11 15 1
DEBUG:root:Order:14 15 1
DEBUG:root:Finish turn

DEBUG:root:Order:15 5 3
DEBUG:root:Order:15 8 3
DEBUG:root:Order:15 4 2
DEBUG:root:Order:15 9 2
DEBUG:root:Order:15 22 1
DEBUG:root:Finish turn

DEBUG:root:Order:2 8 9
DEBUG:root:Order:18 8 9
DEBUG:root:Order:5 8 7
DEBUG:root:Order:11 8 7
DEBUG:root:Order:14 8 7
DEBUG:root:Order:22 8 5
DEBUG:root:Order:4 8 4
DEBUG:root:Order:9 8 4
DEBUG:root:Finish turn

DEBUG:root:Order:2 8 8
DEBUG:root:Order:5 8 8
DEBUG:root:Order:18 8 8
DEBUG:root:Order:11 8 7
DEBUG:root:Order:14 8 7
DEBUG:root:Order:15 8 6
DEBUG:root:Order:22 8 6
DEBUG:root:Order:4 8 5
DEBUG:root:Order:9 8 5
DEBUG:root:Finish turn

DEBUG:root:Order:2 8 12
DEBUG:root:Order:5 8 12
DEBUG:root:Order:18 8 12
DEBUG:root:Order:11 8 11
DEBUG:root:Order:14 8 11
DEBUG:root:Order:15 8 10
DEBUG:root:Order:22 8 10
DEBUG:root:Order:4 8 9
DEBUG:root:Order:9 8 9
DEBUG:root:Finish turn

DEBUG:root:Order:2 8 18
DEBUG:root:Order:5 8 18
DEBUG:root:Order:18 8 18
DEBUG:root:Order:11 8 17
DEBUG:root:Order:14 8 17
DEBUG:root:Order:15 8 16
DEBUG:root:Order:22 8 11
DEBUG:root:Order:22 7 16
DEBUG:root:Order:4 7 15
DEBUG:root:Order:9 7 4
DEBUG:root:Finish turn

DEBUG:root:Order:9 7 10
DEBUG:root:Order:9 22 10
DEBUG:root:Order:9 8 2
DEBUG:root:Order:9 4 10
DEBUG:root:Order:2 4 2
DEBUG:root:Order:5 4 2
DEBUG:root:Order:18 4 2
DEBUG:root:Order:11 4 1
DEBUG:root:Order:14 4 1
DEBUG:root:Finish turn

DEBUG:root:Order:4 7 20
DEBUG:root:Order:2 7 6
DEBUG:root:Order:5 7 6
DEBUG:root:Order:18 7 6
DEBUG:root:Order:11 7 5
DEBUG:root:Order:14 7 2
DEBUG:root:Order:14 9 5
DEBUG:root:Order:15 9 4
DEBUG:root:Order:22 9 3
DEBUG:root:Order:8 9 1
DEBUG:root:Finish turn

DEBUG:root:Order:2 7 11
DEBUG:root:Order:5 7 11
DEBUG:root:Order:18 7 11
DEBUG:root:Order:11 7 10
DEBUG:root:Order:15 7 9
DEBUG:root:Order:22 7 9
DEBUG:root:Order:4 7 8
DEBUG:root:Order:14 7 8
DEBUG:root:Order:8 7 7
DEBUG:root:Order:9 7 2
DEBUG:root:Finish turn

DEBUG:root:Order:2 7 2
DEBUG:root:Order:5 7 2
DEBUG:root:Order:5 8 2
DEBUG:root:Order:5 4 1
DEBUG:root:Order:5 9 1
DEBUG:root:Finish turn

DEBUG:root:Order:18 7 14
DEBUG:root:Order:2 7 12
DEBUG:root:Order:11 7 12
DEBUG:root:Order:14 7 12
DEBUG:root:Order:15 7 10
DEBUG:root:Order:22 7 10
DEBUG:root:Order:4 7 9
DEBUG:root:Order:9 7 9
DEBUG:root:Order:5 7 8
DEBUG:root:Order:8 7 8
DEBUG:root:Finish turn

DEBUG:root:Order:2 7 7
DEBUG:root:Order:5 7 7
DEBUG:root:Order:18 7 7
DEBUG:root:Order:11 7 6
DEBUG:root:Order:14 7 6
DEBUG:root:Order:15 7 5
DEBUG:root:Order:22 7 5
DEBUG:root:Order:4 7 4
DEBUG:root:Order:9 7 4
DEBUG:root:Order:8 7 3
DEBUG:root:Finish turn

DEBUG:root:Order:2 7 8
DEBUG:root:Order:5 7 8
DEBUG:root:Order:18 7 8
DEBUG:root:Order:11 7 7
DEBUG:root:Order:14 7 7
DEBUG:root:Order:15 7 6
DEBUG:root:Order:22 7 6
DEBUG:root:Order:4 7 5
DEBUG:root:Order:9 7 5
DEBUG:root:Order:8 7 4
DEBUG:root:Finish turn

DEBUG:root:Order:2 7 8
DEBUG:root:Order:5 7 8
DEBUG:root:Order:18 7 8
DEBUG:root:Order:11 7 7
DEBUG:root:Order:14 7 7
DEBUG:root:Order:15 7 6
DEBUG:root:Order:22 7 6
DEBUG:root:Order:4 7 5
DEBUG:root:Order:9 7 5
DEBUG:root:Order:8 7 4
DEBUG:root:Finish turn

DEBUG:root:Order:2 7 8
DEBUG:root:Order:5 7 8
DEBUG:root:Order:18 7 8
DEBUG:root:Order:11 7 7
DEBUG:root:Order:14 7 7
DEBUG:root:Order:15 7 6
DEBUG:root:Order:22 7 6
DEBUG:root:Order:4 7 5
DEBUG:root:Order:9 7 5
DEBUG:root:Order:8 7 4
DEBUG:root:Finish turn

DEBUG:root:Order:2 8 1
DEBUG:root:Order:5 8 1
DEBUG:root:Order:5 4 1
DEBUG:root:Order:5 9 1
DEBUG:root:Order:5 15 1
DEBUG:root:Order:18 15 1
DEBUG:root:Finish turn

DEBUG:root:Order:2 8 14
DEBUG:root:Order:18 8 14
DEBUG:root:Order:11 8 13
DEBUG:root:Order:14 8 13
DEBUG:root:Order:15 8 13
DEBUG:root:Order:5 8 11
DEBUG:root:Order:22 8 11
DEBUG:root:Order:4 8 10
DEBUG:root:Order:9 8 10
DEBUG:root:Finish turn

DEBUG:root:Order:2 8 2
DEBUG:root:Order:5 8 2
DEBUG:root:Order:18 8 2
DEBUG:root:Order:11 8 1
DEBUG:root:Order:11 4 1
DEBUG:root:Order:14 4 1
DEBUG:root:Finish turn

DEBUG:root:Order:2 8 1
DEBUG:root:Order:5 8 1
DEBUG:root:Order:18 8 1
DEBUG:root:Order:18 9 1
DEBUG:root:Finish turn

DEBUG:root:Order:2 8 2
DEBUG:root:Order:2 9 2
DEBUG:root:Order:2 4 1
DEBUG:root:Order:2 15 2
DEBUG:root:Order:5 15 2
DEBUG:root:Order:14 15 1
DEBUG:root:Order:18 15 1
DEBUG:root:Finish turn

DEBUG:root:Order:15 2 3
DEBUG:root:Order:15 8 3
DEBUG:root:Order:15 4 2
DEBUG:root:Order:15 9 2
DEBUG:root:Order:15 22 1
DEBUG:root:Finish turn

DEBUG:root:Order:5 15 3
DEBUG:root:Order:18 15 3
DEBUG:root:Order:18 8 2
DEBUG:root:Order:18 4 1
DEBUG:root:Order:18 9 1
DEBUG:root:Order:18 22 3
DEBUG:root:Order:2 22 1
DEBUG:root:Order:11 22 1
DEBUG:root:Order:14 22 1
DEBUG:root:Finish turn

DEBUG:root:Order:22 18 4
DEBUG:root:Order:22 8 2
DEBUG:root:Order:22 4 1
DEBUG:root:Order:22 9 1
DEBUG:root:Order:22 15 5
DEBUG:root:Order:2 15 2
DEBUG:root:Order:5 15 2
DEBUG:root:Order:11 15 1
DEBUG:root:Order:14 15 1
DEBUG:root:Finish turn

DEBUG:root:Order:15 22 8
DEBUG:root:Order:15 8 3
DEBUG:root:Order:15 4 2
DEBUG:root:Order:15 9 2
DEBUG:root:Finish turn

DEBUG:root:Order:2 15 3
DEBUG:root:Order:5 15 2
DEBUG:root:Order:5 8 2
DEBUG:root:Order:5 4 1
DEBUG:root:Order:5 9 1
DEBUG:root:Order:5 22 3
DEBUG:root:Order:18 22 2
DEBUG:root:Order:11 22 1
DEBUG:root:Order:14 22 1
DEBUG:root:Finish turn

DEBUG:root:Order:22 5 4
DEBUG:root:Order:22 8 3
DEBUG:root:Order:22 4 2
DEBUG:root:Order:22 9 2
DEBUG:root:Order:22 15 1
DEBUG:root:Finish turn

DEBUG:root:Order:2 22 3
DEBUG:root:Order:18 22 3
DEBUG:root:Order:18 8 2
DEBUG:root:Order:18 4 1
DEBUG:root:Order:18 9 1
DEBUG:root:Order:18 15 3
DEBUG:root:Order:5 15 1
DEBUG:root:Order:11 15 1
DEBUG:root:Order:14 15 1
DEBUG:root:Finish turn

DEBUG:root:Order:15 18 4
DEBUG:root:Order:15 8 2
DEBUG:root:Order:15 4 1
DEBUG:root:Order:15 9 1
DEBUG:root:Order:15 22 5
DEBUG:root:Order:2 22 2
DEBUG:root:Order:5 22 2
DEBUG:root:Order:11 22 1
DEBUG:root:Order:14 22 1
DEBUG:root:Finish turn

DEBUG:root:Order:22 15 8
DEBUG:root:Order:22 8 3
DEBUG:root:Order:22 4 2
DEBUG:root:Order:22 9 2
DEBUG:root:Finish turn

DEBUG:root:Order:2 22 3
DEBUG:root:Order:5 22 2
DEBUG:root:Order:5 8 2
DEBUG:root:Order:5 4 1
DEBUG:root:Order:5 9 1
DEBUG:root:Order:5 15 3
DEBUG:root:Order:18 15 2
DEBUG:root:Order:11 15 1
DEBUG:root:Order:14 15 1
DEBUG:root:Finish turn

DEBUG:root:Order:15 22 19
DEBUG:root:Order:2 22 15
DEBUG:root:Order:18 22 15
DEBUG:root:Order:11 22 14
DEBUG:root:Order:14 22 14
DEBUG:root:Order:4 22 11
DEBUG:root:Order:9 22 11
DEBUG:root:Order:8 22 10
DEBUG:root:Order:5 22 9
DEBUG:root:Finish turn

DEBUG:root:Order:2 22 1
DEBUG:root:Order:5 22 1
DEBUG:root:Order:18 22 1
DEBUG:root:Order:18 8 1
DEBUG:root:Finish turn

DEBUG:root:Order:2 8 2
DEBUG:root:Order:5 8 1
DEBUG:root:Order:5 4 2
DEBUG:root:Order:5 9 2
DEBUG:root:Order:5 15 2
DEBUG:root:Order:11 15 1
DEBUG:root:Order:14 15 1
DEBUG:root:Order:18 15 1
DEBUG:root:Finish turn

DEBUG:root:Order:15 22 6
DEBUG:root:Order:2 22 4
DEBUG:root:Order:18 22 4
DEBUG:root:Order:11 22 3
DEBUG:root:Order:14 22 3
DEBUG:root:Order:14 5 3
DEBUG:root:Finish turn

DEBUG:root:Order:5 7 19
DEBUG:root:Order:2 7 17
DEBUG:root:Order:18 7 17
DEBUG:root:Order:11 7 16
DEBUG:root:Order:15 7 15
DEBUG:root:Order:4 7 14
DEBUG:root:Order:9 7 14
DEBUG:root:Order:14 7 12
DEBUG:root:Order:14 22 13
DEBUG:root:Finish turn

DEBUG:root:Order:8 7 10
DEBUG:root:Order:2 7 2
DEBUG:root:Order:5 7 1
DEBUG:root:Order:5 14 2
DEBUG:root:Order:18 14 2
DEBUG:root:Order:11 14 1
DEBUG:root:Finish turn

DEBUG:root:Order:2 7 5
DEBUG:root:Order:18 7 5
DEBUG:root:Order:5 7 4
DEBUG:root:Order:11 7 4
DEBUG:root:Order:15 7 3
DEBUG:root:Bad order:22 0.0 3
DEBUG:root:Order:4 7 1
DEBUG:root:Order:8 7 1
DEBUG:root:Order:9 7 1
DEBUG:root:Finish turn

DEBUG:root:Order:2 7 3
DEBUG:root:Order:5 7 2
DEBUG:root:Order:5 22 3
DEBUG:root:Order:18 22 2
DEBUG:root:Order:18 8 3
DEBUG:root:Order:11 8 2
DEBUG:root:Order:15 8 1
DEBUG:root:Finish turn

DEBUG:root:Order:8 22 5
DEBUG:root:Order:2 22 4
DEBUG:root:Order:11 22 3
DEBUG:root:Order:14 22 3
DEBUG:root:Order:5 22 2
DEBUG:root:Order:15 22 2
DEBUG:root:Order:18 22 2
DEBUG:root:Order:4 22 1
DEBUG:root:Order:9 22 1
DEBUG:root:Finish turn

DEBUG:root:Order:2 22 1
DEBUG:root:Order:5 22 1
DEBUG:root:Order:18 22 1
DEBUG:root:Order:18 8 1
DEBUG:root:Finish turn

DEBUG:root:Order:2 22 10
DEBUG:root:Order:5 22 10
DEBUG:root:Order:11 22 9
DEBUG:root:Order:14 22 9
DEBUG:root:Order:18 22 9
DEBUG:root:Order:15 22 7
DEBUG:root:Order:4 22 5
DEBUG:root:Order:9 22 5
DEBUG:root:Order:8 22 4
DEBUG:root:Finish turn

DEBUG:root:Order:2 22 7
DEBUG:root:Order:5 22 7
DEBUG:root:Order:18 22 7
DEBUG:root:Order:11 22 6
DEBUG:root:Order:14 22 6
DEBUG:root:Order:15 22 5
DEBUG:root:Order:4 22 4
DEBUG:root:Order:9 22 4
DEBUG:root:Order:8 22 3
DEBUG:root:Finish turn

DEBUG:root:Order:2 22 11
DEBUG:root:Order:5 22 11
DEBUG:root:Order:18 22 11
DEBUG:root:Order:11 22 10
DEBUG:root:Order:14 22 10
DEBUG:root:Order:15 22 9
DEBUG:root:Order:4 22 8
DEBUG:root:Order:9 22 8
DEBUG:root:Order:8 22 7
DEBUG:root:Finish turn

DEBUG:root:Order:2 8 1
DEBUG:root:Order:5 8 1
DEBUG:root:Order:5 4 1
DEBUG:root:Order:5 9 1
DEBUG:root:Order:5 15 1
DEBUG:root:Order:18 15 1
DEBUG:root:Finish turn

DEBUG:root:Order:2 22 8
DEBUG:root:Order:18 22 8
DEBUG:root:Order:11 22 7
DEBUG:root:Order:14 22 7
DEBUG:root:Order:15 22 7
DEBUG:root:Order:5 22 5
DEBUG:root:Order:4 22 4
DEBUG:root:Order:9 22 4
DEBUG:root:Order:8 22 3
DEBUG:root:Finish turn

DEBUG:root:Order:2 22 4
DEBUG:root:Order:5 22 4
DEBUG:root:Order:18 22 4
DEBUG:root:Order:11 22 3
DEBUG:root:Order:14 22 3
DEBUG:root:Order:15 22 2
DEBUG:root:Order:4 22 1
DEBUG:root:Order:9 22 1
DEBUG:root:Finish turn

DEBUG:root:Order:2 22 6
DEBUG:root:Order:5 22 6
DEBUG:root:Order:18 22 6
DEBUG:root:Order:11 22 5
DEBUG:root:Order:14 22 5
DEBUG:root:Order:15 22 4
DEBUG:root:Order:4 22 3
DEBUG:root:Order:9 22 3
DEBUG:root:Order:8 22 2
DEBUG:root:Finish turn

DEBUG:root:Order:2 8 1
DEBUG:root:Order:5 8 1
DEBUG:root:Order:5 4 1
DEBUG:root:Order:5 9 1
DEBUG:root:Order:5 15 1
DEBUG:root:Order:18 15 1
DEBUG:root:Finish turn

DEBUG:root:Order:2 8 2
DEBUG:root:Order:2 4 1
DEBUG:root:Order:2 9 1
DEBUG:root:Order:2 5 2
DEBUG:root:Order:18 5 2
DEBUG:root:Order:11 5 1
DEBUG:root:Order:14 5 1
DEBUG:root:Order:15 5 1
DEBUG:root:Finish turn

DEBUG:root:Order:5 7 10
DEBUG:root:Order:18 7 4
DEBUG:root:Order:11 7 3
DEBUG:root:Order:14 7 3
DEBUG:root:Order:15 7 2
DEBUG:root:Finish turn

DEBUG:root:Order:2 7 3
DEBUG:root:Order:5 7 3
DEBUG:root:Order:18 7 3
DEBUG:root:Order:11 7 2
DEBUG:root:Order:14 7 2
DEBUG:root:Order:15 7 1
DEBUG:root:Finish turn

DEBUG:root:Order:2 7 3
DEBUG:root:Order:5 7 3
DEBUG:root:Order:18 7 3
DEBUG:root:Order:11 7 2
DEBUG:root:Order:14 7 2
DEBUG:root:Order:15 7 1
DEBUG:root:Finish turn

DEBUG:root:Order:2 7 3
DEBUG:root:Order:5 7 3
DEBUG:root:Order:18 7 3
DEBUG:root:Order:11 7 2
DEBUG:root:Order:14 7 2
DEBUG:root:Order:15 7 1
DEBUG:root:Finish turn

DEBUG:root:Order:2 22 13
DEBUG:root:Order:5 22 13
DEBUG:root:Order:18 22 13
DEBUG:root:Order:11 22 12
DEBUG:root:Order:14 22 12
DEBUG:root:Order:15 22 11
DEBUG:root:Order:4 22 10
DEBUG:root:Order:9 22 10
DEBUG:root:Order:8 22 2
DEBUG:root:Order:8 7 5
DEBUG:root:Finish turn

DEBUG:root:Order:2 7 2
DEBUG:root:Order:5 7 2
DEBUG:root:Order:18 7 2
DEBUG:root:Order:11 7 1
DEBUG:root:Order:14 7 1
DEBUG:root:Finish turn

DEBUG:root:Order:2 7 6
DEBUG:root:Order:5 7 6
DEBUG:root:Order:18 7 6
DEBUG:root:Order:11 7 5
DEBUG:root:Order:14 7 5
DEBUG:root:Order:15 7 4
DEBUG:root:Order:4 7 2
DEBUG:root:Order:9 7 2
DEBUG:root:Finish turn

DEBUG:root:Order:2 7 10
DEBUG:root:Order:5 7 10
DEBUG:root:Order:18 7 10
DEBUG:root:Order:11 7 9
DEBUG:root:Order:14 7 9
DEBUG:root:Order:15 7 8
DEBUG:root:Order:4 7 7
DEBUG:root:Order:9 7 7
DEBUG:root:Order:8 7 4
DEBUG:root:Finish turn

DEBUG:root:Order:2 22 4
DEBUG:root:Order:5 22 4
DEBUG:root:Order:18 22 4
DEBUG:root:Order:11 22 3
DEBUG:root:Order:14 22 3
DEBUG:root:Order:15 22 2
DEBUG:root:Order:4 22 1
DEBUG:root:Order:9 22 1
DEBUG:root:Finish turn

DEBUG:root:Order:2 22 7
DEBUG:root:Order:5 22 7
DEBUG:root:Order:18 22 7
DEBUG:root:Order:11 22 6
DEBUG:root:Order:14 22 6
DEBUG:root:Order:15 22 5
DEBUG:root:Order:4 22 4
DEBUG:root:Order:9 22 4
DEBUG:root:Order:8 22 3
DEBUG:root:Order:7 22 1
DEBUG:root:Finish turn

DEBUG:root:Order:2 7 6
DEBUG:root:Order:5 7 6
DEBUG:root:Order:18 7 6
DEBUG:root:Order:11 7 5
DEBUG:root:Order:14 7 5
DEBUG:root:Order:15 7 4
DEBUG:root:Order:4 7 3
DEBUG:root:Order:9 7 3
DEBUG:root:Order:8 7 2
DEBUG:root:Finish turn

DEBUG:root:Order:2 7 7
DEBUG:root:Order:5 7 7
DEBUG:root:Order:18 7 7
DEBUG:root:Order:11 7 6
DEBUG:root:Order:14 7 6
DEBUG:root:Order:15 7 5
DEBUG:root:Order:4 7 4
DEBUG:root:Order:9 7 4
DEBUG:root:Order:8 7 3
DEBUG:root:Order:22 7 1
DEBUG:root:Finish turn

DEBUG:root:Order:2 7 7
DEBUG:root:Order:5 7 7
DEBUG:root:Order:18 7 7
DEBUG:root:Order:11 7 6
DEBUG:root:Order:14 7 6
DEBUG:root:Order:15 7 5
DEBUG:root:Order:22 7 5
DEBUG:root:Order:4 7 4
DEBUG:root:Order:9 7 4
DEBUG:root:Order:8 7 3
DEBUG:root:Finish turn

DEBUG:root:Order:2 7 8
DEBUG:root:Order:5 7 8
DEBUG:root:Order:18 7 8
DEBUG:root:Order:11 7 7
DEBUG:root:Order:14 7 7
DEBUG:root:Order:15 7 6
DEBUG:root:Order:22 7 6
DEBUG:root:Order:4 7 5
DEBUG:root:Order:9 7 5
DEBUG:root:Order:8 7 4
DEBUG:root:Finish turn

DEBUG:root:Order:2 8 1
DEBUG:root:Order:5 8 1
DEBUG:root:Order:5 4 1
DEBUG:root:Order:5 9 1
DEBUG:root:Order:5 15 1
DEBUG:root:Order:18 15 1
DEBUG:root:Finish turn

DEBUG:root:Order:2 22 6
DEBUG:root:Order:18 22 6
DEBUG:root:Order:11 22 5
DEBUG:root:Order:14 22 5
DEBUG:root:Order:15 22 5
DEBUG:root:Order:5 22 3
DEBUG:root:Order:4 22 2
DEBUG:root:Order:9 22 2
DEBUG:root:Order:8 22 1
DEBUG:root:Finish turn

DEBUG:root:Order:2 22 9
DEBUG:root:Order:5 22 9
DEBUG:root:Order:18 22 9
DEBUG:root:Order:11 22 8
DEBUG:root:Order:14 22 8
DEBUG:root:Order:15 22 7
DEBUG:root:Order:4 22 6
DEBUG:root:Order:9 22 6
DEBUG:root:Order:8 22 5
DEBUG:root:Finish turn

DEBUG:root:Order:2 22 13
DEBUG:root:Order:5 22 13
DEBUG:root:Order:18 22 13
DEBUG:root:Order:11 22 12
DEBUG:root:Order:14 22 12
DEBUG:root:Order:15 22 11
DEBUG:root:Order:4 22 10
DEBUG:root:Order:9 22 10
DEBUG:root:Order:8 22 9
DEBUG:root:Finish turn

DEBUG:root:Order:2 22 12
DEBUG:root:Order:5 22 12
DEBUG:root:Order:18 22 12
DEBUG:root:Order:11 22 11
DEBUG:root:Order:14 22 11
DEBUG:root:Order:15 22 10
DEBUG:root:Order:4 22 9
DEBUG:root:Order:9 22 9
DEBUG:root:Order:8 22 8
DEBUG:root:Finish turn

DEBUG:root:Order:2 22 15
DEBUG:root:Order:5 22 15
DEBUG:root:Order:18 22 15
DEBUG:root:Order:11 22 14
DEBUG:root:Order:14 22 14
DEBUG:root:Order:15 22 13
DEBUG:root:Order:4 22 12
DEBUG:root:Order:9 22 12
DEBUG:root:Order:8 22 11
DEBUG:root:Finish turn

DEBUG:root:Order:2 8 1
DEBUG:root:Order:5 8 1
DEBUG:root:Order:5 4 1
DEBUG:root:Order:5 9 1
DEBUG:root:Order:5 15 1
DEBUG:root:Order:18 15 1
DEBUG:root:Finish turn

DEBUG:root:Order:2 8 2
DEBUG:root:Order:2 4 1
DEBUG:root:Order:2 9 1
DEBUG:root:Order:2 5 2
DEBUG:root:Order:18 5 2
DEBUG:root:Order:11 5 1
DEBUG:root:Order:14 5 1
DEBUG:root:Order:15 5 1
DEBUG:root:Finish turn

DEBUG:root:Order:5 8 3
DEBUG:root:Order:5 2 2
DEBUG:root:Order:5 4 2
DEBUG:root:Order:5 9 2
DEBUG:root:Order:5 22 1
DEBUG:root:Order:5 15 7
DEBUG:root:Order:18 15 1
DEBUG:root:Finish turn

DEBUG:root:Order:15 5 7
DEBUG:root:Order:15 8 2
DEBUG:root:Order:15 4 1
DEBUG:root:Order:15 9 1
DEBUG:root:Order:15 22 7
DEBUG:root:Order:18 22 2
DEBUG:root:Order:2 22 1
DEBUG:root:Order:11 22 1
DEBUG:root:Order:14 22 1
DEBUG:root:Finish turn

DEBUG:root:Order:22 15 11
DEBUG:root:Order:22 8 3
DEBUG:root:Order:22 4 2
DEBUG:root:Order:22 9 2
DEBUG:root:Finish turn

DEBUG:root:Order:2 22 3
DEBUG:root:Order:18 22 3
DEBUG:root:Order:5 22 1
DEBUG:root:Order:5 8 2
DEBUG:root:Order:5 4 1
DEBUG:root:Order:5 9 1
DEBUG:root:Order:5 15 2
DEBUG:root:Order:11 15 1
DEBUG:root:Order:14 15 1
DEBUG:root:Finish turn

DEBUG:root:Order:15 5 2
DEBUG:root:Order:15 8 2
DEBUG:root:Order:15 4 1
DEBUG:root:Order:15 9 1
DEBUG:root:Order:15 22 3
DEBUG:root:Order:2 22 2
DEBUG:root:Order:18 22 2
DEBUG:root:Order:11 22 1
DEBUG:root:Order:14 22 1
DEBUG:root:Finish turn

DEBUG:root:Order:22 15 6
DEBUG:root:Order:22 8 3
DEBUG:root:Order:22 4 2
DEBUG:root:Order:22 9 2
DEBUG:root:Finish turn

DEBUG:root:Order:2 22 3
DEBUG:root:Order:18 22 2
DEBUG:root:Order:18 8 2
DEBUG:root:Order:18 4 1
DEBUG:root:Order:18 9 1
DEBUG:root:Order:18 15 3
DEBUG:root:Order:5 15 2
DEBUG:root:Order:11 15 1
DEBUG:root:Order:14 15 1
DEBUG:root:Finish turn

DEBUG:root:Order:15 18 4
DEBUG:root:Order:15 8 3
DEBUG:root:Order:15 4 2
DEBUG:root:Order:15 9 2
DEBUG:root:Order:15 22 1
DEBUG:root:Finish turn

DEBUG:root:Order:2 15 3
DEBUG:root:Order:5 15 3
DEBUG:root:Order:5 8 2
DEBUG:root:Order:5 4 1
DEBUG:root:Order:5 9 1
DEBUG:root:Order:5 22 3
DEBUG:root:Order:11 22 1
DEBUG:root:Order:14 22 1
DEBUG:root:Order:18 22 1
DEBUG:root:Finish turn

DEBUG:root:Order:22 5 4
DEBUG:root:Order:22 8 2
DEBUG:root:Order:22 4 1
DEBUG:root:Order:22 9 1
DEBUG:root:Order:22 15 5
DEBUG:root:Order:2 15 2
DEBUG:root:Order:18 15 2
DEBUG:root:Order:11 15 1
DEBUG:root:Order:14 15 1
DEBUG:root:Finish turn

DEBUG:root:Order:15 22 8
DEBUG:root:Order:15 8 3
DEBUG:root:Order:15 4 2
DEBUG:root:Order:15 9 2
DEBUG:root:Finish turn

DEBUG:root:Order:2 7 14
DEBUG:root:Order:18 7 14
DEBUG:root:Order:5 7 13
DEBUG:root:Order:11 7 12
DEBUG:root:Order:14 7 12
DEBUG:root:Order:22 7 10
DEBUG:root:Order:4 7 9
DEBUG:root:Order:9 7 9
DEBUG:root:Order:8 7 8
DEBUG:root:Order:15 7 5
DEBUG:root:Finish turn

DEBUG:root:Order:2 7 4
DEBUG:root:Order:5 7 4
DEBUG:root:Order:18 7 4
DEBUG:root:Order:11 7 3
DEBUG:root:Order:14 7 3
DEBUG:root:Order:15 7 2
DEBUG:root:Order:22 7 2
DEBUG:root:Order:4 7 1
DEBUG:root:Order:9 7 1
DEBUG:root:Finish turn

DEBUG:root:Order:2 7 7
DEBUG:root:Order:5 7 7
DEBUG:root:Order:18 7 7
DEBUG:root:Order:11 7 6
DEBUG:root:Order:14 7 6
DEBUG:root:Order:15 7 5
DEBUG:root:Order:22 7 5
DEBUG:root:Order:4 7 4
DEBUG:root:Order:9 7 4
DEBUG:root:Order:8 7 3
DEBUG:root:Finish turn

DEBUG:root:Order:2 7 6
DEBUG:root:Order:5 7 6
DEBUG:root:Order:18 7 6
DEBUG:root:Order:11 7 5
DEBUG:root:Order:14 7 5
DEBUG:root:Order:15 7 4
DEBUG:root:Order:22 7 4
DEBUG:root:Order:4 7 3
DEBUG:root:Order:9 7 3
DEBUG:root:Order:8 7 2
DEBUG:root:Finish turn

DEBUG:root:Order:2 7 7
DEBUG:root:Order:5 7 7
DEBUG:root:Order:18 7 7
DEBUG:root:Order:11 7 6
DEBUG:root:Order:14 7 6
DEBUG:root:Order:15 7 5
DEBUG:root:Order:22 7 5
DEBUG:root:Order:4 7 4
DEBUG:root:Order:9 7 4
DEBUG:root:Order:8 7 3
DEBUG:root:Finish turn

DEBUG:root:Order:2 8 1
DEBUG:root:Order:5 8 1
DEBUG:root:Order:5 4 1
DEBUG:root:Order:5 9 1
DEBUG:root:Order:5 15 1
DEBUG:root:Order:18 15 1
DEBUG:root:Finish turn

DEBUG:root:Order:2 8 2
DEBUG:root:Order:2 4 1
DEBUG:root:Order:2 9 1
DEBUG:root:Order:2 5 2
DEBUG:root:Order:18 5 2
DEBUG:root:Order:11 5 1
DEBUG:root:Order:14 5 1
DEBUG:root:Order:15 5 1
DEBUG:root:Finish turn

DEBUG:root:Order:5 8 3
DEBUG:root:Order:5 2 2
DEBUG:root:Order:5 4 2
DEBUG:root:Order:5 9 2
DEBUG:root:Order:5 22 1
DEBUG:root:Order:5 15 7
DEBUG:root:Order:18 15 1
DEBUG:root:Finish turn

DEBUG:root:Order:15 5 7
DEBUG:root:Order:15 8 2
DEBUG:root:Order:15 4 1
DEBUG:root:Order:15 9 1
DEBUG:root:Order:15 22 7
DEBUG:root:Order:18 22 2
DEBUG:root:Order:2 22 1
DEBUG:root:Order:11 22 1
DEBUG:root:Order:14 22 1
DEBUG:root:Finish turn

DEBUG:root:Order:22 15 11
DEBUG:root:Order:22 8 3
DEBUG:root:Order:22 4 2
DEBUG:root:Order:22 9 2
DEBUG:root:Finish turn

DEBUG:root:Order:2 22 3
DEBUG:root:Order:18 22 3
DEBUG:root:Order:5 22 1
DEBUG:root:Order:5 8 2
DEBUG:root:Order:5 4 1
DEBUG:root:Order:5 9 1
DEBUG:root:Order:5 15 2
DEBUG:root:Order:11 15 1
DEBUG:root:Order:14 15 1
DEBUG:root:Finish turn

DEBUG:root:Order:15 5 2
DEBUG:root:Order:15 8 2
DEBUG:root:Order:15 4 1
DEBUG:root:Order:15 9 1
DEBUG:root:Order:15 22 3
DEBUG:root:Order:2 22 2
DEBUG:root:Order:18 22 2
DEBUG:root:Order:11 22 1
DEBUG:root:Order:14 22 1
DEBUG:root:Finish turn

DEBUG:root:Order:22 15 6
DEBUG:root:Order:22 8 3
DEBUG:root:Order:22 4 2
DEBUG:root:Order:22 9 2
DEBUG:root:Finish turn

DEBUG:root:Order:2 22 3
DEBUG:root:Order:18 22 2
DEBUG:root:Order:18 8 2
DEBUG:root:Order:18 4 1
DEBUG:root:Order:18 9 1
DEBUG:root:Order:18 15 3
DEBUG:root:Order:5 15 2
DEBUG:root:Order:11 15 1
DEBUG:root:Order:14 15 1
DEBUG:root:Finish turn

DEBUG:root:Order:15 18 4
DEBUG:root:Order:15 8 3
DEBUG:root:Order:15 4 2
DEBUG:root:Order:15 9 2
DEBUG:root:Order:15 22 1
DEBUG:root:Finish turn

DEBUG:root:Order:2 15 3
DEBUG:root:Order:5 15 3
DEBUG:root:Order:5 8 2
DEBUG:root:Order:5 4 1
DEBUG:root:Order:5 9 1
DEBUG:root:Order:5 22 3
DEBUG:root:Order:11 22 1
DEBUG:root:Order:14 22 1
DEBUG:root:Order:18 22 1
DEBUG:root:Finish turn

DEBUG:root:Order:22 5 4
DEBUG:root:Order:22 8 2
DEBUG:root:Order:22 4 1
DEBUG:root:Order:22 9 1
DEBUG:root:Order:22 15 5
DEBUG:root:Order:2 15 2
DEBUG:root:Order:18 15 2
DEBUG:root:Order:11 15 1
DEBUG:root:Order:14 15 1
DEBUG:root:Finish turn

DEBUG:root:Order:15 22 8
DEBUG:root:Order:15 8 3
DEBUG:root:Order:15 4 2
DEBUG:root:Order:15 9 2
DEBUG:root:Finish turn

DEBUG:root:Order:2 15 3
DEBUG:root:Order:18 15 2
DEBUG:root:Order:18 8 2
DEBUG:root:Order:18 4 1
DEBUG:root:Order:18 9 1
DEBUG:root:Order:18 22 3
DEBUG:root:Order:5 22 2
DEBUG:root:Order:11 22 1
DEBUG:root:Order:14 22 1
DEBUG:root:Finish turn

DEBUG:root:Order:22 18 4
DEBUG:root:Order:22 8 3
DEBUG:root:Order:22 4 2
DEBUG:root:Order:22 9 2
DEBUG:root:Order:22 15 1
DEBUG:root:Finish turn

DEBUG:root:Order:2 22 3
DEBUG:root:Order:5 22 3
DEBUG:root:Order:5 8 2
DEBUG:root:Order:5 4 1
DEBUG:root:Order:5 9 1
DEBUG:root:Order:5 15 3
DEBUG:root:Order:11 15 1
DEBUG:root:Order:14 15 1
DEBUG:root:Order:18 15 1
DEBUG:root:Finish turn

DEBUG:root:Order:15 7 13
DEBUG:root:Order:2 7 10
DEBUG:root:Order:18 7 10
DEBUG:root:Order:11 7 9
DEBUG:root:Order:14 7 9
DEBUG:root:Order:22 7 7
DEBUG:root:Order:4 7 6
DEBUG:root:Order:9 7 6
DEBUG:root:Order:8 7 5
DEBUG:root:Order:5 7 3
DEBUG:root:Finish turn

DEBUG:root:Order:2 7 4
DEBUG:root:Order:5 7 4
DEBUG:root:Order:18 7 4
DEBUG:root:Order:11 7 3
DEBUG:root:Order:14 7 3
DEBUG:root:Order:15 7 2
DEBUG:root:Order:22 7 2
DEBUG:root:Order:4 7 1
DEBUG:root:Order:9 7 1
DEBUG:root:Finish turn

DEBUG:root:Order:2 7 5
DEBUG:root:Order:5 7 5
DEBUG:root:Order:18 7 5
DEBUG:root:Order:11 7 4
DEBUG:root:Order:14 7 4
DEBUG:root:Order:15 7 3
DEBUG:root:Order:22 7 3
DEBUG:root:Order:4 7 2
DEBUG:root:Order:9 7 2
DEBUG:root:Order:8 7 1
DEBUG:root:Finish turn

DEBUG:root:Order:2 7 9
DEBUG:root:Order:5 7 9
DEBUG:root:Order:18 7 9
DEBUG:root:Order:11 7 8
DEBUG:root:Order:14 7 8
DEBUG:root:Order:15 7 7
DEBUG:root:Order:22 7 7
DEBUG:root:Order:4 7 6
DEBUG:root:Order:9 7 6
DEBUG:root:Order:8 7 5
DEBUG:root:Finish turn

DEBUG:root:Order:2 7 12
DEBUG:root:Order:5 7 12
DEBUG:root:Order:18 7 12
DEBUG:root:Order:11 7 11
DEBUG:root:Order:14 7 11
DEBUG:root:Order:15 7 10
DEBUG:root:Order:22 7 10
DEBUG:root:Order:4 7 9
DEBUG:root:Order:9 7 9
DEBUG:root:Order:8 7 8
DEBUG:root:Finish turn

DEBUG:root:Order:2 7 11
DEBUG:root:Order:5 7 11
DEBUG:root:Order:18 7 11
DEBUG:root:Order:11 7 10
DEBUG:root:Order:14 7 10
DEBUG:root:Order:15 7 9
DEBUG:root:Order:22 7 9
DEBUG:root:Order:4 7 8
DEBUG:root:Order:9 7 8
DEBUG:root:Order:8 7 7
DEBUG:root:Finish turn

DEBUG:root:Order:2 7 8
DEBUG:root:Order:5 7 8
DEBUG:root:Order:18 7 8
DEBUG:root:Order:11 7 7
DEBUG:root:Order:14 7 7
DEBUG:root:Order:15 7 6
DEBUG:root:Order:22 7 6
DEBUG:root:Order:4 7 5
DEBUG:root:Order:9 7 5
DEBUG:root:Order:8 7 4
DEBUG:root:Finish turn

DEBUG:root:Order:2 7 8
DEBUG:root:Order:5 7 8
DEBUG:root:Order:18 7 8
DEBUG:root:Order:11 7 7
DEBUG:root:Order:14 7 7
DEBUG:root:Order:15 7 6
DEBUG:root:Order:22 7 6
DEBUG:root:Order:4 7 5
DEBUG:root:Order:9 7 5
DEBUG:root:Order:8 7 4
DEBUG:root:Finish turn

DEBUG:root:Order:2 7 8
DEBUG:root:Order:5 7 8
DEBUG:root:Order:18 7 8
DEBUG:root:Order:11 7 7
DEBUG:root:Order:14 7 7
DEBUG:root:Order:15 7 6
DEBUG:root:Order:22 7 6
DEBUG:root:Order:4 7 5
DEBUG:root:Order:9 7 5
DEBUG:root:Order:8 7 4
DEBUG:root:Finish turn

DEBUG:root:Order:2 7 8
DEBUG:root:Order:5 7 8
DEBUG:root:Order:18 7 8
DEBUG:root:Order:11 7 7
DEBUG:root:Order:14 7 7
DEBUG:root:Order:15 7 6
DEBUG:root:Order:22 7 6
DEBUG:root:Order:4 7 5
DEBUG:root:Order:9 7 5
DEBUG:root:Order:8 7 4
DEBUG:root:Finish turn

DEBUG:root:Order:2 8 1
DEBUG:root:Order:5 8 1
DEBUG:root:Order:5 4 1
DEBUG:root:Order:5 9 1
DEBUG:root:Order:5 15 1
DEBUG:root:Order:18 15 1
DEBUG:root:Finish turn

DEBUG:root:Order:2 8 21
DEBUG:root:Order:18 8 21
DEBUG:root:Order:11 8 20
DEBUG:root:Order:14 8 20
DEBUG:root:Order:15 8 20
DEBUG:root:Order:5 8 18
DEBUG:root:Order:22 8 18
DEBUG:root:Order:4 8 17
DEBUG:root:Order:9 8 17
DEBUG:root:Finish turn

DEBUG:root:Order:2 8 1
DEBUG:root:Order:5 8 1
DEBUG:root:Order:18 8 1
DEBUG:root:Order:18 4 1
DEBUG:root:Order:18 9 1
DEBUG:root:Order:18 15 1
DEBUG:root:Finish turn

DEBUG:root:Order:2 22 18
DEBUG:root:Order:5 22 18
DEBUG:root:Order:11 22 17
DEBUG:root:Order:14 22 17
DEBUG:root:Order:15 22 16
DEBUG:root:Order:18 22 15
DEBUG:root:Order:4 22 14
DEBUG:root:Order:9 22 14
DEBUG:root:Order:8 22 13
DEBUG:root:Finish turn

DEBUG:root:Order:2 22 2
DEBUG:root:Order:5 22 2
DEBUG:root:Order:18 22 2
DEBUG:root:Order:11 22 1
DEBUG:root:Order:14 22 1
DEBUG:root:Order:14 8 1
DEBUG:root:Order:14 4 1
DEBUG:root:Finish turn

DEBUG:root:Order:2 8 19
DEBUG:root:Order:5 8 19
DEBUG:root:Order:18 8 19
DEBUG:root:Order:11 8 18
DEBUG:root:Order:15 8 17
DEBUG:root:Order:4 8 16
DEBUG:root:Order:14 8 16
DEBUG:root:Bad order:22 2.0 16
DEBUG:root:Order:9 8 15
DEBUG:root:Finish turn

DEBUG:root:Order:22 8 5
DEBUG:root:Order:2 8 3
DEBUG:root:Order:5 8 3
DEBUG:root:Order:18 8 3
DEBUG:root:Order:11 8 2
DEBUG:root:Order:14 8 2
DEBUG:root:Order:15 8 1
DEBUG:root:Finish turn

DEBUG:root:Order:2 22 3
DEBUG:root:Order:5 22 3
DEBUG:root:Order:18 22 3
DEBUG:root:Order:11 22 2
DEBUG:root:Order:14 22 2
DEBUG:root:Order:14 8 1
DEBUG:root:Finish turn

DEBUG:root:Order:2 22 4
DEBUG:root:Order:5 22 4
DEBUG:root:Order:18 22 4
DEBUG:root:Order:11 22 3
DEBUG:root:Order:15 22 3
DEBUG:root:Order:14 22 2
DEBUG:root:Order:4 22 1
DEBUG:root:Order:9 22 1
DEBUG:root:Finish turn

DEBUG:root:Order:2 8 1
DEBUG:root:Order:5 8 1
DEBUG:root:Order:18 8 1
DEBUG:root:Order:18 4 1
DEBUG:root:Order:18 9 1
DEBUG:root:Order:18 15 1
DEBUG:root:Finish turn

DEBUG:root:Order:2 8 2
DEBUG:root:Order:2 4 1
DEBUG:root:Order:2 9 1
DEBUG:root:Order:2 18 2
DEBUG:root:Order:5 18 2
DEBUG:root:Order:11 18 1
DEBUG:root:Order:14 18 1
DEBUG:root:Finish turn

DEBUG:root:Order:18 8 3
DEBUG:root:Order:18 2 2
DEBUG:root:Order:18 4 2
DEBUG:root:Order:18 9 2
DEBUG:root:Order:18 15 6
DEBUG:root:Order:5 15 1
DEBUG:root:Finish turn

DEBUG:root:Order:15 22 10
DEBUG:root:Order:5 22 6
DEBUG:root:Order:2 22 5
DEBUG:root:Order:11 22 5
DEBUG:root:Order:14 22 5
DEBUG:root:Order:4 22 2
DEBUG:root:Order:9 22 2
DEBUG:root:Order:8 22 1
DEBUG:root:Finish turn

DEBUG:root:Order:2 22 4
DEBUG:root:Order:5 22 4
DEBUG:root:Order:11 22 3
DEBUG:root:Order:14 22 3
DEBUG:root:Order:15 22 2
DEBUG:root:Order:4 22 1
DEBUG:root:Order:9 22 1
DEBUG:root:Order:18 22 1
DEBUG:root:Finish turn

DEBUG:root:Order:2 22 4
DEBUG:root:Order:5 22 4
DEBUG:root:Order:18 22 4
DEBUG:root:Order:11 22 3
DEBUG:root:Order:14 22 3
DEBUG:root:Order:15 22 2
DEBUG:root:Order:4 22 1
DEBUG:root:Order:9 22 1
DEBUG:root:Finish turn

DEBUG:root:Order:2 22 6
DEBUG:root:Order:5 22 6
DEBUG:root:Order:18 22 6
DEBUG:root:Order:11 22 5
DEBUG:root:Order:14 22 5
DEBUG:root:Order:15 22 4
DEBUG:root:Order:4 22 3
DEBUG:root:Order:9 22 3
DEBUG:root:Order:8 22 2
DEBUG:root:Finish turn

DEBUG:root:Order:2 22 6
DEBUG:root:Order:5 22 6
DEBUG:root:Order:18 22 6
DEBUG:root:Order:11 22 5
DEBUG:root:Order:14 22 5
DEBUG:root:Order:15 22 4
DEBUG:root:Order:4 22 3
DEBUG:root:Order:9 22 3
DEBUG:root:Order:8 22 2
DEBUG:root:Finish turn

DEBUG:root:Order:2 22 6
DEBUG:root:Order:5 22 6
DEBUG:root:Order:18 22 6
DEBUG:root:Order:11 22 5
DEBUG:root:Order:14 22 5
DEBUG:root:Order:15 22 4
DEBUG:root:Order:4 22 3
DEBUG:root:Order:9 22 3
DEBUG:root:Order:8 22 2
DEBUG:root:Finish turn

DEBUG:root:Order:2 7 9
DEBUG:root:Order:5 7 9
DEBUG:root:Order:18 7 9
DEBUG:root:Order:11 7 8
DEBUG:root:Order:14 7 8
DEBUG:root:Order:15 7 7
DEBUG:root:Order:4 7 6
DEBUG:root:Order:9 7 6
DEBUG:root:Order:8 7 5
DEBUG:root:Finish turn

DEBUG:root:Order:2 7 4
DEBUG:root:Order:5 7 4
DEBUG:root:Order:18 7 4
DEBUG:root:Order:11 7 3
DEBUG:root:Order:14 7 3
DEBUG:root:Order:15 7 2
DEBUG:root:Order:4 7 1
DEBUG:root:Order:9 7 1
DEBUG:root:Finish turn

DEBUG:root:Order:2 7 9
DEBUG:root:Order:5 7 9
DEBUG:root:Order:18 7 9
DEBUG:root:Order:11 7 8
DEBUG:root:Order:14 7 8
DEBUG:root:Order:15 7 7
DEBUG:root:Order:4 7 6
DEBUG:root:Order:9 7 6
DEBUG:root:Order:8 7 5
DEBUG:root:Finish turn

DEBUG:root:Order:2 7 11
DEBUG:root:Order:5 7 11
DEBUG:root:Order:18 7 11
DEBUG:root:Order:11 7 10
DEBUG:root:Order:14 7 10
DEBUG:root:Order:15 7 9
DEBUG:root:Order:4 7 8
DEBUG:root:Order:9 7 8
DEBUG:root:Order:8 7 7
DEBUG:root:Finish turn

DEBUG:root:Order:2 7 11
DEBUG:root:Order:5 7 11
DEBUG:root:Order:18 7 11
DEBUG:root:Order:11 7 10
DEBUG:root:Order:14 7 10
DEBUG:root:Order:15 7 9
DEBUG:root:Order:4 7 8
DEBUG:root:Order:9 7 8
DEBUG:root:Order:8 7 7
DEBUG:root:Finish turn

DEBUG:root:Order:2 7 7
DEBUG:root:Order:5 7 7
DEBUG:root:Order:18 7 7
DEBUG:root:Order:11 7 6
DEBUG:root:Order:14 7 6
DEBUG:root:Order:15 7 5
DEBUG:root:Order:4 7 4
DEBUG:root:Order:9 7 4
DEBUG:root:Order:8 7 3
DEBUG:root:Finish turn

DEBUG:root:Order:2 7 11
DEBUG:root:Order:5 7 11
DEBUG:root:Order:18 7 11
DEBUG:root:Order:11 7 10
DEBUG:root:Order:14 7 10
DEBUG:root:Order:15 7 9
DEBUG:root:Order:4 7 1
DEBUG:root:Order:4 22 8
DEBUG:root:Order:9 22 8
DEBUG:root:Order:8 22 6
DEBUG:root:Finish turn

DEBUG:root:Order:2 22 2
DEBUG:root:Order:5 22 2
DEBUG:root:Order:18 22 2
DEBUG:root:Order:11 22 1
DEBUG:root:Order:14 22 1
DEBUG:root:Finish turn

DEBUG:root:Order:2 22 5
DEBUG:root:Order:5 22 5
DEBUG:root:Order:18 22 5
DEBUG:root:Order:11 22 4
DEBUG:root:Order:14 22 4
DEBUG:root:Order:15 22 3
DEBUG:root:Order:9 22 1
DEBUG:root:Finish turn

DEBUG:root:Order:2 22 9
DEBUG:root:Order:5 22 9
DEBUG:root:Order:18 22 9
DEBUG:root:Order:11 22 8
DEBUG:root:Order:14 22 8
DEBUG:root:Order:15 22 7
DEBUG:root:Order:4 22 6
DEBUG:root:Order:9 22 6
DEBUG:root:Order:8 22 5
DEBUG:root:Finish turn

DEBUG:root:Order:2 22 10
DEBUG:root:Order:5 22 10
DEBUG:root:Order:18 22 10
DEBUG:root:Order:11 22 9
DEBUG:root:Order:14 22 9
DEBUG:root:Order:15 22 8
DEBUG:root:Order:4 22 7
DEBUG:root:Order:9 22 7
DEBUG:root:Order:8 22 6
DEBUG:root:Finish turn

DEBUG:root:Order:2 22 7
DEBUG:root:Order:5 22 7
DEBUG:root:Order:18 22 7
DEBUG:root:Order:11 22 6
DEBUG:root:Order:14 22 6
DEBUG:root:Order:15 22 5
DEBUG:root:Order:4 22 4
DEBUG:root:Order:9 22 4
DEBUG:root:Order:8 22 3
DEBUG:root:Finish turn

DEBUG:root:Order:2 22 10
DEBUG:root:Order:5 22 10
DEBUG:root:Order:18 22 10
DEBUG:root:Order:11 22 9
DEBUG:root:Order:14 22 9
DEBUG:root:Order:15 22 8
DEBUG:root:Order:4 22 7
DEBUG:root:Order:9 22 7
DEBUG:root:Order:8 22 6
DEBUG:root:Finish turn

DEBUG:root:Order:2 22 13
DEBUG:root:Order:5 22 13
DEBUG:root:Order:18 22 13
DEBUG:root:Order:11 22 12
DEBUG:root:Order:14 22 12
DEBUG:root:Order:15 22 11
DEBUG:root:Order:4 22 10
DEBUG:root:Order:9 22 10
DEBUG:root:Order:8 22 9
DEBUG:root:Finish turn

DEBUG:root:Order:2 8 15
DEBUG:root:Order:5 8 15
DEBUG:root:Order:18 8 15
DEBUG:root:Order:11 8 14
DEBUG:root:Order:14 8 14
DEBUG:root:Order:15 8 13
DEBUG:root:Order:4 8 12
DEBUG:root:Order:9 8 12
DEBUG:root:Order:22 8 7
DEBUG:root:Finish turn

DEBUG:root:Order:2 8 2
DEBUG:root:Order:5 8 2
DEBUG:root:Order:18 8 2
DEBUG:root:Order:18 4 2
DEBUG:root:Order:11 4 1
DEBUG:root:Order:14 4 1
DEBUG:root:Finish turn

DEBUG:root:Order:2 8 1
DEBUG:root:Order:4 8 1
DEBUG:root:Order:5 8 1
DEBUG:root:Order:5 9 1
DEBUG:root:Finish turn

DEBUG:root:Order:2 22 13
DEBUG:root:Order:5 22 12
DEBUG:root:Order:11 22 12
DEBUG:root:Order:14 22 12
DEBUG:root:Order:18 22 12
DEBUG:root:Order:4 22 10
DEBUG:root:Order:15 22 10
DEBUG:root:Order:8 22 8
DEBUG:root:Order:9 22 8
DEBUG:root:Finish turn

DEBUG:root:Order:2 22 8
DEBUG:root:Order:5 22 8
DEBUG:root:Order:18 22 8
DEBUG:root:Order:11 22 7
DEBUG:root:Order:14 22 7
DEBUG:root:Order:15 22 6
DEBUG:root:Order:4 22 5
DEBUG:root:Order:9 22 5
DEBUG:root:Order:8 22 4
DEBUG:root:Finish turn

DEBUG:root:Order:2 8 1
DEBUG:root:Order:5 8 1
DEBUG:root:Order:5 4 1
DEBUG:root:Order:5 9 1
DEBUG:root:Order:5 15 1
DEBUG:root:Order:18 15 1
DEBUG:root:Finish turn

DEBUG:root:Order:2 22 5
DEBUG:root:Order:18 22 5
DEBUG:root:Order:11 22 4
DEBUG:root:Order:14 22 4
DEBUG:root:Order:15 22 4
DEBUG:root:Order:5 22 2
DEBUG:root:Order:4 22 1
DEBUG:root:Order:9 22 1
DEBUG:root:Finish turn

DEBUG:root:Order:2 22 3
DEBUG:root:Order:5 22 3
DEBUG:root:Order:18 22 3
DEBUG:root:Order:11 22 2
DEBUG:root:Order:14 22 2
DEBUG:root:Order:15 22 1
DEBUG:root:Order:15 8 1
DEBUG:root:Finish turn

DEBUG:root:Order:2 22 11
DEBUG:root:Order:5 22 11
DEBUG:root:Order:18 22 11
DEBUG:root:Order:11 22 10
DEBUG:root:Order:14 22 10
DEBUG:root:Order:4 22 8
DEBUG:root:Order:9 22 8
DEBUG:root:Order:15 22 8
DEBUG:root:Order:8 22 7
DEBUG:root:Finish turn

DEBUG:root:Order:2 22 2
DEBUG:root:Order:5 22 2
DEBUG:root:Order:5 8 2
DEBUG:root:Order:5 4 1
DEBUG:root:Order:5 9 1
DEBUG:root:Finish turn

DEBUG:root:Order:7 5 3
DEBUG:root:Order:7 8 3
DEBUG:root:Order:7 4 2
DEBUG:root:Order:7 9 2
DEBUG:root:Order:7 15 1
DEBUG:root:Order:7 22 1
DEBUG:root:Finish turn

DEBUG:root:Order:18 7 5
DEBUG:root:Order:2 7 3
DEBUG:root:Order:5 7 2
DEBUG:root:Order:11 7 2
DEBUG:root:Order:14 7 2
DEBUG:root:Finish turn

DEBUG:root:Order:2 7 6
DEBUG:root:Order:5 7 6
DEBUG:root:Order:18 7 6
DEBUG:root:Order:11 7 5
DEBUG:root:Order:14 7 5
DEBUG:root:Order:15 7 4
DEBUG:root:Order:22 7 4
DEBUG:root:Order:4 7 2
DEBUG:root:Order:9 7 2
DEBUG:root:Finish turn

DEBUG:root:Order:2 7 10
DEBUG:root:Order:5 7 10
DEBUG:root:Order:18 7 10
DEBUG:root:Order:11 7 9
DEBUG:root:Order:14 7 9
DEBUG:root:Order:15 7 8
DEBUG:root:Order:22 7 8
DEBUG:root:Order:4 7 7
DEBUG:root:Order:9 7 7
DEBUG:root:Order:8 7 6
DEBUG:root:Finish turn

DEBUG:root:Order:2 7 12
DEBUG:root:Order:5 7 12
DEBUG:root:Order:18 7 12
DEBUG:root:Order:11 7 11
DEBUG:root:Order:14 7 11
DEBUG:root:Order:15 7 10
DEBUG:root:Order:22 7 10
DEBUG:root:Order:4 7 9
DEBUG:root:Order:9 7 9
DEBUG:root:Order:8 7 8
DEBUG:root:Finish turn

DEBUG:root:Order:2 7 11
DEBUG:root:Order:5 7 11
DEBUG:root:Order:18 7 11
DEBUG:root:Order:11 7 10
DEBUG:root:Order:14 7 10
DEBUG:root:Order:15 7 9
DEBUG:root:Order:22 7 9
DEBUG:root:Order:4 7 8
DEBUG:root:Order:9 7 8
DEBUG:root:Order:8 7 7
DEBUG:root:Finish turn

DEBUG:root:Order:2 7 6
DEBUG:root:Order:5 7 6
DEBUG:root:Order:18 7 6
DEBUG:root:Order:11 7 5
DEBUG:root:Order:14 7 5
DEBUG:root:Order:15 7 4
DEBUG:root:Order:22 7 4
DEBUG:root:Order:4 7 3
DEBUG:root:Order:9 7 3
DEBUG:root:Order:8 7 2
DEBUG:root:Finish turn

DEBUG:root:Order:2 7 6
DEBUG:root:Order:5 7 6
DEBUG:root:Order:18 7 6
DEBUG:root:Order:11 7 5
DEBUG:root:Order:14 7 5
DEBUG:root:Order:15 7 4
DEBUG:root:Order:22 7 4
DEBUG:root:Order:4 7 3
DEBUG:root:Order:9 7 3
DEBUG:root:Order:8 7 2
DEBUG:root:Finish turn

DEBUG:root:Order:2 7 6
DEBUG:root:Order:5 7 6
DEBUG:root:Order:18 7 6
DEBUG:root:Order:11 7 5
DEBUG:root:Order:14 7 5
DEBUG:root:Order:15 7 4
DEBUG:root:Order:22 7 4
DEBUG:root:Order:4 7 3
DEBUG:root:Order:9 7 3
DEBUG:root:Order:8 7 2
DEBUG:root:Finish turn

DEBUG:root:Order:2 7 6
DEBUG:root:Order:5 7 6
DEBUG:root:Order:18 7 6
DEBUG:root:Order:11 7 5
DEBUG:root:Order:14 7 5
DEBUG:root:Order:15 7 4
DEBUG:root:Order:22 7 4
DEBUG:root:Order:4 7 3
DEBUG:root:Order:9 7 3
DEBUG:root:Order:8 7 2
DEBUG:root:Finish turn

DEBUG:root:Order:2 7 7
DEBUG:root:Order:5 7 7
DEBUG:root:Order:18 7 7
DEBUG:root:Order:11 7 6
DEBUG:root:Order:14 7 6
DEBUG:root:Order:15 7 5
DEBUG:root:Order:22 7 5
DEBUG:root:Order:4 7 4
DEBUG:root:Order:9 7 4
DEBUG:root:Order:8 7 3
DEBUG:root:Finish turn

DEBUG:root:Order:2 7 6
DEBUG:root:Order:5 7 6
DEBUG:root:Order:18 7 6
DEBUG:root:Order:11 7 5
DEBUG:root:Order:14 7 5
DEBUG:root:Order:15 7 4
DEBUG:root:Order:22 7 4
DEBUG:root:Order:4 7 3
DEBUG:root:Order:9 7 3
DEBUG:root:Order:8 7 2
DEBUG:root:Finish turn

DEBUG:root:Order:2 7 8
DEBUG:root:Order:5 7 8
DEBUG:root:Order:18 7 8
DEBUG:root:Order:11 7 7
DEBUG:root:Order:14 7 7
DEBUG:root:Order:15 7 6
DEBUG:root:Order:22 7 6
DEBUG:root:Order:4 7 5
DEBUG:root:Order:9 7 5
DEBUG:root:Order:8 7 4
DEBUG:root:Finish turn

DEBUG:root:Order:2 8 1
DEBUG:root:Order:5 8 1
DEBUG:root:Order:5 4 1
DEBUG:root:Order:5 9 1
DEBUG:root:Order:5 15 1
DEBUG:root:Order:18 15 1
DEBUG:root:Finish turn

DEBUG:root:Order:2 8 9
DEBUG:root:Order:18 8 9
DEBUG:root:Order:11 8 8
DEBUG:root:Order:14 8 8
DEBUG:root:Order:15 8 8
DEBUG:root:Order:5 8 6
DEBUG:root:Order:22 8 6
DEBUG:root:Order:4 8 5
DEBUG:root:Order:9 8 5
DEBUG:root:Finish turn

DEBUG:root:Order:2 8 10
DEBUG:root:Order:5 8 10
DEBUG:root:Order:18 8 10
DEBUG:root:Order:11 8 9
DEBUG:root:Order:14 8 9
DEBUG:root:Order:15 8 8
DEBUG:root:Order:22 8 8
DEBUG:root:Order:4 8 7
DEBUG:root:Order:9 8 7
DEBUG:root:Finish turn

DEBUG:root:Order:2 8 11
DEBUG:root:Order:5 8 11
DEBUG:root:Order:18 8 11
DEBUG:root:Order:11 8 10
DEBUG:root:Order:14 8 10
DEBUG:root:Order:15 8 9
DEBUG:root:Order:22 8 9
DEBUG:root:Order:4 8 8
DEBUG:root:Order:9 8 8
DEBUG:root:Finish turn

DEBUG:root:Order:2 8 10
DEBUG:root:Order:5 8 10
DEBUG:root:Order:18 8 10
DEBUG:root:Order:11 8 9
DEBUG:root:Order:14 8 9
DEBUG:root:Order:15 8 8
DEBUG:root:Order:22 8 8
DEBUG:root:Order:4 8 7
DEBUG:root:Order:9 8 7
DEBUG:root:Finish turn

DEBUG:root:Order:2 9 11
DEBUG:root:Order:5 9 11
DEBUG:root:Order:18 9 11
DEBUG:root:Order:11 9 10
DEBUG:root:Order:14 9 10
DEBUG:root:Order:15 9 9
DEBUG:root:Order:22 9 9
DEBUG:root:Order:4 9 8
DEBUG:root:Finish turn

DEBUG:root:Order:2 22 8
DEBUG:root:Order:5 22 8
DEBUG:root:Order:18 22 8
DEBUG:root:Order:11 22 7
DEBUG:root:Order:14 22 7
DEBUG:root:Order:15 22 6
DEBUG:root:Order:4 22 5
DEBUG:root:Order:8 22 4
DEBUG:root:Order:9 22 2
DEBUG:root:Finish turn

DEBUG:root:Order:2 4 7
DEBUG:root:Order:5 4 7
DEBUG:root:Order:18 4 7
DEBUG:root:Order:11 4 6
DEBUG:root:Order:14 4 6
DEBUG:root:Order:15 4 5
DEBUG:root:Order:9 4 4
DEBUG:root:Order:8 4 3
DEBUG:root:Finish turn

DEBUG:root:Order:2 4 13
DEBUG:root:Order:5 4 13
DEBUG:root:Order:18 4 13
DEBUG:root:Order:11 4 12
DEBUG:root:Order:14 4 12
DEBUG:root:Order:15 4 11
DEBUG:root:Order:9 4 10
DEBUG:root:Order:8 4 9
DEBUG:root:Finish turn

DEBUG:root:Order:2 4 2
DEBUG:root:Order:5 4 2
DEBUG:root:Order:18 4 2
DEBUG:root:Order:11 4 1
DEBUG:root:Order:11 8 1
DEBUG:root:Order:11 9 1
DEBUG:root:Order:14 9 1
DEBUG:root:Finish turn

DEBUG:root:Order:2 18 8
DEBUG:root:Order:5 18 8
DEBUG:root:Order:14 18 7
DEBUG:root:Order:9 18 6
DEBUG:root:Order:15 18 6
DEBUG:root:Order:11 18 5
DEBUG:root:Order:4 18 4
DEBUG:root:Order:8 18 3
DEBUG:root:Finish turn

DEBUG:root:Order:2 8 10
DEBUG:root:Order:5 8 10
DEBUG:root:Order:18 8 10
DEBUG:root:Order:11 8 9
DEBUG:root:Order:14 8 9
DEBUG:root:Order:15 8 8
DEBUG:root:Order:4 8 7
DEBUG:root:Order:9 8 7
DEBUG:root:Finish turn

DEBUG:root:Order:2 4 8
DEBUG:root:Order:5 4 8
DEBUG:root:Order:11 4 7
DEBUG:root:Order:14 4 7
DEBUG:root:Order:15 4 6
DEBUG:root:Order:9 4 5
DEBUG:root:Order:8 4 3
DEBUG:root:Finish turn

DEBUG:root:Bad order:7 28.0 61
DEBUG:root:Order:7 4 18
DEBUG:root:Bad order:7 10.0 17
DEBUG:root:Bad order:7 10.0 16
DEBUG:root:Bad order:7 10.0 15
DEBUG:root:Bad order:7 10.0 15
DEBUG:root:Bad order:7 10.0 14
DEBUG:root:Bad order:7 10.0 14
DEBUG:root:Finish turn

DEBUG:root:Bad order:7 42.0 59
DEBUG:root:Order:7 9 14
DEBUG:root:Order:7 15 12
DEBUG:root:Order:7 11 10
DEBUG:root:Bad order:7 6.0 10
DEBUG:root:Bad order:7 6.0 8
DEBUG:root:Bad order:7 6.0 8
DEBUG:root:Finish turn

DEBUG:root:Bad order:7 33.0 42
DEBUG:root:Order:4 8 8
DEBUG:root:Order:11 8 7
DEBUG:root:Order:15 8 6
DEBUG:root:Order:9 8 5
DEBUG:root:Finish turn

DEBUG:root:Order:7 8 29
DEBUG:root:Order:7 22 26
DEBUG:root:Bad order:7 5.0 41
DEBUG:root:Order:2 14 3
DEBUG:root:Order:5 14 3
DEBUG:root:Order:11 14 2
DEBUG:root:Order:15 14 1
DEBUG:root:Finish turn

DEBUG:root:Order:14 7 11
DEBUG:root:Order:2 7 2
DEBUG:root:Order:2 22 4
DEBUG:root:Order:5 22 4
DEBUG:root:Order:11 22 3
DEBUG:root:Order:15 22 1
DEBUG:root:Order:15 8 2
DEBUG:root:Order:4 8 1
DEBUG:root:Order:9 8 1
DEBUG:root:Finish turn

DEBUG:root:Order:5 7 3
DEBUG:root:Order:8 7 2
DEBUG:root:Order:11 7 2
DEBUG:root:Order:14 7 2
DEBUG:root:Order:2 7 1
DEBUG:root:Finish turn

DEBUG:root:Order:2 22 4
DEBUG:root:Order:5 22 4
DEBUG:root:Order:11 22 3
DEBUG:root:Order:14 22 3
DEBUG:root:Order:15 22 2
DEBUG:root:Order:4 22 1
DEBUG:root:Order:9 22 1
DEBUG:root:Finish turn

DEBUG:root:Order:2 22 3
DEBUG:root:Order:5 22 3
DEBUG:root:Order:11 22 2
DEBUG:root:Order:14 22 2
DEBUG:root:Order:15 22 1
DEBUG:root:Finish turn

DEBUG:root:Order:2 7 2
DEBUG:root:Order:2 8 2
DEBUG:root:Order:2 4 2
DEBUG:root:Order:5 4 2
DEBUG:root:Order:11 4 1
DEBUG:root:Order:14 4 1
DEBUG:root:Finish turn

DEBUG:root:Order:4 9 13
DEBUG:root:Order:5 9 11
DEBUG:root:Order:11 9 10
DEBUG:root:Order:14 9 10
DEBUG:root:Order:15 9 9
DEBUG:root:Order:2 9 7
DEBUG:root:Order:7 9 6
DEBUG:root:Order:8 9 6
DEBUG:root:Finish turn

DEBUG:root:Order:2 7 6
DEBUG:root:Order:5 7 6
DEBUG:root:Order:11 7 5
DEBUG:root:Order:14 7 5
DEBUG:root:Order:15 7 4
DEBUG:root:Order:4 7 3
DEBUG:root:Order:4 9 3
DEBUG:root:Finish turn

DEBUG:root:Order:2 7 5
DEBUG:root:Order:5 7 5
DEBUG:root:Order:11 7 4
DEBUG:root:Order:14 7 4
DEBUG:root:Order:8 7 3
DEBUG:root:Order:15 7 3
DEBUG:root:Order:9 7 1
DEBUG:root:Finish turn

DEBUG:root:Order:2 7 6
DEBUG:root:Order:5 7 6
DEBUG:root:Order:11 7 5
DEBUG:root:Order:14 7 5
DEBUG:root:Order:15 7 4
DEBUG:root:Order:9 7 3
DEBUG:root:Order:4 7 2
DEBUG:root:Finish turn

DEBUG:root:Order:2 4 1
DEBUG:root:Order:2 9 1
DEBUG:root:Order:2 15 1
DEBUG:root:Order:5 15 1
DEBUG:root:Finish turn

DEBUG:root:Order:5 9 15
DEBUG:root:Order:11 9 14
DEBUG:root:Order:14 9 14
DEBUG:root:Order:15 9 14
DEBUG:root:Order:2 9 13
DEBUG:root:Order:4 9 11
DEBUG:root:Finish turn

DEBUG:root:Order:2 9 1
DEBUG:root:Order:5 9 1
DEBUG:root:Order:8 9 1
DEBUG:root:Finish turn

DEBUG:root:Order:2 8 4
DEBUG:root:Order:5 8 4
DEBUG:root:Order:11 8 3
DEBUG:root:Order:14 8 2
DEBUG:root:Order:14 9 1
DEBUG:root:Order:14 4 3
DEBUG:root:Order:15 4 1
DEBUG:root:Finish turn

DEBUG:root:Order:2 8 3
DEBUG:root:Order:4 8 3
DEBUG:root:Order:5 8 3
DEBUG:root:Order:11 8 2
DEBUG:root:Order:15 8 1
DEBUG:root:Finish turn

DEBUG:root:Order:2 8 4
DEBUG:root:Order:5 8 4
DEBUG:root:Order:11 8 3
DEBUG:root:Order:14 8 2
DEBUG:root:Order:15 8 2
DEBUG:root:Order:4 8 1
DEBUG:root:Finish turn

DEBUG:root:Order:2 8 4
DEBUG:root:Order:5 8 4
DEBUG:root:Order:11 8 3
DEBUG:root:Order:14 8 3
DEBUG:root:Order:15 8 2
DEBUG:root:Order:4 8 1
DEBUG:root:Order:9 8 1
DEBUG:root:Finish turn

DEBUG:root:Order:2 8 5
DEBUG:root:Order:5 8 5
DEBUG:root:Order:11 8 4
DEBUG:root:Order:14 8 4
DEBUG:root:Order:15 8 3
DEBUG:root:Order:4 8 2
DEBUG:root:Order:9 8 2
DEBUG:root:Finish turn

DEBUG:root:Order:2 8 5
DEBUG:root:Order:5 8 5
DEBUG:root:Order:11 8 4
DEBUG:root:Order:14 8 4
DEBUG:root:Order:15 8 3
DEBUG:root:Order:4 8 2
DEBUG:root:Order:9 8 2
DEBUG:root:Finish turn

DEBUG:root:Order:2 8 6
DEBUG:root:Order:5 8 6
DEBUG:root:Order:11 8 5
DEBUG:root:Order:14 8 5
DEBUG:root:Order:15 8 4
DEBUG:root:Order:4 8 3
DEBUG:root:Order:9 8 3
DEBUG:root:Finish turn

DEBUG:root:Order:2 8 4
DEBUG:root:Order:5 8 4
DEBUG:root:Order:11 8 3
DEBUG:root:Order:14 8 3
DEBUG:root:Order:15 8 2
DEBUG:root:Order:4 8 1
DEBUG:root:Order:9 8 1
DEBUG:root:Finish turn

DEBUG:root:Order:2 8 7
DEBUG:root:Order:5 8 7
DEBUG:root:Order:11 8 6
DEBUG:root:Order:14 8 6
DEBUG:root:Order:15 8 5
DEBUG:root:Order:4 8 4
DEBUG:root:Order:9 8 4
DEBUG:root:Finish turn

DEBUG:root:Order:2 8 5
DEBUG:root:Order:5 8 5
DEBUG:root:Order:11 8 4
DEBUG:root:Order:14 8 4
DEBUG:root:Order:15 8 3
DEBUG:root:Order:4 8 2
DEBUG:root:Order:9 8 2
DEBUG:root:Finish turn

DEBUG:root:Order:2 8 4
DEBUG:root:Order:5 8 4
DEBUG:root:Order:11 8 3
DEBUG:root:Order:14 8 3
DEBUG:root:Order:15 8 2
DEBUG:root:Order:4 8 1
DEBUG:root:Order:9 8 1
DEBUG:root:Finish turn

DEBUG:root:Order:2 8 5
DEBUG:root:Order:5 8 5
DEBUG:root:Order:11 8 4
DEBUG:root:Order:14 8 4
DEBUG:root:Order:15 8 3
DEBUG:root:Order:4 8 2
DEBUG:root:Order:9 8 2
DEBUG:root:Finish turn

DEBUG:root:Order:2 8 7
DEBUG:root:Order:5 8 7
DEBUG:root:Order:11 8 6
DEBUG:root:Order:14 8 6
DEBUG:root:Order:15 8 5
DEBUG:root:Order:4 8 4
DEBUG:root:Order:9 8 4
DEBUG:root:Finish turn

DEBUG:root:Order:2 8 9
DEBUG:root:Order:5 8 9
DEBUG:root:Order:11 8 8
DEBUG:root:Order:14 8 8
DEBUG:root:Order:15 8 7
DEBUG:root:Order:4 8 6
DEBUG:root:Order:9 8 6
DEBUG:root:Finish turn

DEBUG:root:Order:2 8 7
DEBUG:root:Order:5 8 7
DEBUG:root:Order:11 8 6
DEBUG:root:Order:14 8 6
DEBUG:root:Order:15 8 5
DEBUG:root:Order:4 8 4
DEBUG:root:Order:9 8 4
DEBUG:root:Finish turn

DEBUG:root:Order:2 8 5
DEBUG:root:Order:5 8 5
DEBUG:root:Order:11 8 4
DEBUG:root:Order:14 8 4
DEBUG:root:Order:15 8 3
DEBUG:root:Order:4 8 2
DEBUG:root:Order:9 8 2
DEBUG:root:Finish turn

DEBUG:root:Order:2 4 1
DEBUG:root:Order:2 9 1
DEBUG:root:Order:2 15 1
DEBUG:root:Order:5 15 1
DEBUG:root:Finish turn

DEBUG:root:Order:5 4 15
DEBUG:root:Order:11 4 14
DEBUG:root:Order:14 4 14
DEBUG:root:Order:15 4 14
DEBUG:root:Order:2 4 13
DEBUG:root:Order:9 4 7
DEBUG:root:Order:9 8 7
DEBUG:root:Finish turn

DEBUG:root:Order:2 9 2
DEBUG:root:Order:5 9 2
DEBUG:root:Order:5 4 2
DEBUG:root:Finish turn

DEBUG:root:Order:2 4 15
DEBUG:root:Order:11 4 15
DEBUG:root:Order:14 4 15
DEBUG:root:Order:5 4 13
DEBUG:root:Order:15 4 13
DEBUG:root:Order:9 4 12
DEBUG:root:Finish turn

DEBUG:root:Order:2 15 18
DEBUG:root:Order:5 15 18
DEBUG:root:Order:11 15 17
DEBUG:root:Order:14 15 17
DEBUG:root:Order:9 15 15
DEBUG:root:Order:4 15 7
DEBUG:root:Order:4 8 5
DEBUG:root:Finish turn

DEBUG:root:Order:2 8 5
DEBUG:root:Order:5 8 5
DEBUG:root:Order:11 8 4
DEBUG:root:Order:14 8 4
DEBUG:root:Order:4 8 2
DEBUG:root:Order:9 8 2
DEBUG:root:Order:15 8 2
DEBUG:root:Finish turn

DEBUG:root:Order:2 4 1
DEBUG:root:Order:2 9 1
DEBUG:root:Order:2 15 1
DEBUG:root:Order:5 15 1
DEBUG:root:Finish turn

DEBUG:root:Order:5 14 8
DEBUG:root:Order:11 14 7
DEBUG:root:Order:15 14 7
DEBUG:root:Order:2 14 6
DEBUG:root:Order:4 14 4
DEBUG:root:Order:9 14 4
DEBUG:root:Finish turn

DEBUG:root:Order:2 9 7
DEBUG:root:Order:5 9 7
DEBUG:root:Order:11 9 6
DEBUG:root:Order:15 9 5
DEBUG:root:Order:4 9 4
DEBUG:root:Finish turn

DEBUG:root:Order:2 9 7
DEBUG:root:Order:5 9 7
DEBUG:root:Order:11 9 6
DEBUG:root:Order:14 9 6
DEBUG:root:Order:15 9 5
DEBUG:root:Order:4 9 4
DEBUG:root:Finish turn

DEBUG:root:Order:2 9 8
DEBUG:root:Order:5 9 8
DEBUG:root:Order:11 9 7
DEBUG:root:Order:14 9 7
DEBUG:root:Order:15 9 6
DEBUG:root:Order:4 9 5
DEBUG:root:Finish turn

DEBUG:root:Order:2 9 9
DEBUG:root:Order:5 9 9
DEBUG:root:Order:11 9 8
DEBUG:root:Order:14 9 8
DEBUG:root:Order:15 9 7
DEBUG:root:Order:4 9 6
DEBUG:root:Finish turn

DEBUG:root:Bad order:2 7.0 10
DEBUG:root:Bad order:5 7.0 10
DEBUG:root:Bad order:11 6.0 9
DEBUG:root:Order:14 9 9
DEBUG:root:Order:15 9 8
DEBUG:root:Order:4 9 7
DEBUG:root:Finish turn

DEBUG:root:Bad order:2 12.0 21
DEBUG:root:Bad order:5 12.0 21
DEBUG:root:Bad order:11 10.0 19
DEBUG:root:Order:14 9 10
DEBUG:root:Order:15 9 9
DEBUG:root:Order:4 9 8
DEBUG:root:Finish turn

DEBUG:root:Bad order:2 17.0 34
DEBUG:root:Bad order:5 17.0 34
DEBUG:root:Bad order:11 14.0 31
DEBUG:root:Order:15 9 11
DEBUG:root:Order:4 9 10
DEBUG:root:Finish turn

DEBUG:root:Bad order:2 22.0 48
DEBUG:root:Bad order:5 22.0 48
DEBUG:root:Bad order:11 18.0 44
DEBUG:root:Order:15 9 12
DEBUG:root:Order:4 9 11
DEBUG:root:Finish turn

DEBUG:root:Bad order:2 27.0 64
DEBUG:root:Bad order:5 27.0 64
DEBUG:root:Bad order:11 22.0 59
DEBUG:root:Order:15 9 14
DEBUG:root:Order:4 9 13
DEBUG:root:Finish turn

DEBUG:root:Bad order:2 32.0 82
DEBUG:root:Bad order:5 32.0 82
DEBUG:root:Bad order:11 26.0 76
DEBUG:root:Order:15 9 16
DEBUG:root:Order:4 9 15
DEBUG:root:Finish turn

DEBUG:root:Bad order:2 37.0 84
DEBUG:root:Bad order:5 37.0 84
DEBUG:root:Bad order:11 30.0 77
DEBUG:root:Finish turn

DEBUG:root:Bad order:2 42.0 85
DEBUG:root:Bad order:5 42.0 85
DEBUG:root:Bad order:11 34.0 77
DEBUG:root:Finish turn

DEBUG:root:Bad order:2 47.0 87
DEBUG:root:Bad order:5 47.0 87
DEBUG:root:Bad order:11 38.0 78
DEBUG:root:Finish turn

DEBUG:root:Bad order:2 52.0 88
DEBUG:root:Bad order:5 52.0 88
DEBUG:root:Bad order:11 42.0 78
DEBUG:root:Finish turn

DEBUG:root:Bad order:2 57.0 90
DEBUG:root:Bad order:5 57.0 90
DEBUG:root:Bad order:11 46.0 79
DEBUG:root:Finish turn

DEBUG:root:Bad order:2 62.0 91
DEBUG:root:Bad order:5 62.0 91
DEBUG:root:Bad order:11 50.0 79
DEBUG:root:Finish turn

DEBUG:root:Bad order:2 67.0 93
DEBUG:root:Bad order:5 67.0 93
DEBUG:root:Bad order:11 54.0 80
DEBUG:root:Finish turn

DEBUG:root:Bad order:2 72.0 94
DEBUG:root:Bad order:5 72.0 94
DEBUG:root:Bad order:11 58.0 80
DEBUG:root:Finish turn

DEBUG:root:Bad order:2 77.0 96
DEBUG:root:Bad order:5 77.0 96
DEBUG:root:Bad order:11 62.0 81
DEBUG:root:Finish turn

DEBUG:root:Bad order:2 82.0 96
DEBUG:root:Bad order:5 82.0 96
DEBUG:root:Bad order:11 66.0 80
DEBUG:root:Finish turn

DEBUG:root:Bad order:2 87.0 94
DEBUG:root:Bad order:5 87.0 94
DEBUG:root:Bad order:11 70.0 77
DEBUG:root:Finish turn

DEBUG:root:Bad order:2 92.0 95
DEBUG:root:Bad order:5 92.0 95
DEBUG:root:Bad order:11 74.0 77
DEBUG:root:Finish turn

DEBUG:root:Order:2 9 96
DEBUG:root:Order:5 9 96
DEBUG:root:Order:11 9 77
DEBUG:root:Finish turn

DEBUG:root:Order:2 9 1
DEBUG:root:Order:5 9 1
DEBUG:root:Finish turn

DEBUG:root:Order:2 11 4
DEBUG:root:Order:5 11 4
DEBUG:root:Order:9 11 1
DEBUG:root:Finish turn

DEBUG:root:Order:2 9 1
DEBUG:root:Order:5 9 1
DEBUG:root:Finish turn

DEBUG:root:Bad order:5 15.0 26
DEBUG:root:Order:9 2 23
DEBUG:root:Finish turn

DEBUG:root:Bad order:5 20.0 58
DEBUG:root:Order:9 2 29
DEBUG:root:Finish turn

DEBUG:root:Bad order:5 25.0 58
DEBUG:root:Finish turn

DEBUG:root:Bad order:5 30.0 58
DEBUG:root:Finish turn

DEBUG:root:Bad order:5 35.0 58
DEBUG:root:Finish turn

DEBUG:root:Bad order:5 40.0 58
DEBUG:root:Finish turn

DEBUG:root:Bad order:5 45.0 58
DEBUG:root:Finish turn

DEBUG:root:Bad order:5 50.0 91
DEBUG:root:Order:5 2 12
DEBUG:root:Finish turn

DEBUG:root:Bad order:5 43.0 46
DEBUG:root:Finish turn

DEBUG:root:Order:5 2 46
DEBUG:root:Finish turn

DEBUG:root:Finish turn

DEBUG:root:Order:2 5 14
DEBUG:root:Finish turn

DEBUG:root:Finish turn

DEBUG:root:Finish turn

DEBUG:root:Finish turn

DEBUG:root:Finish turn

DEBUG:root:Bad order:5 3.0 7
DEBUG:root:Finish turn

DEBUG:root:Order:2 5 22
DEBUG:root:Finish turn

DEBUG:root:Finish turn

DEBUG:root:Finish turn

DEBUG:root:Finish turn

DEBUG:root:Finish turn

DEBUG:root:Finish turn

DEBUG:root:Finish turn

DEBUG:root:Finish turn

DEBUG:root:Finish turn

DEBUG:root:Finish turn

DEBUG:root:Finish turn

DEBUG:root:Finish turn

DEBUG:root:Finish turn

DEBUG:root:Finish turn

