INFO:root:
Selector: High Level Ordering of Strategies
| Sequence: Spread Strategy
| | Check: if_neutral_planet_available
| | Action: spread_to_weakest_neutral_planet
| Sequence: Offensive Strategy
| | Check: have_largest_fleet
| | Action: attack_weakest_enemy_planet
| Action: attack_weakest_enemy_planet

DEBUG:root:Executing:Selector: High Level Ordering of Strategies
DEBUG:root:Executing:Sequence: Spread Strategy
DEBUG:root:Executing:Check: if_neutral_planet_available
DEBUG:root:Result: Check: if_neutral_planet_available -> Success
DEBUG:root:Executing:Action: spread_to_weakest_neutral_planet
DEBUG:root:Order:1 17 5.0
DEBUG:root:Result: Action: spread_to_weakest_neutral_planet -> Success
DEBUG:root:Result: Sequence: Spread Strategy -> Success
DEBUG:root:Result: Selector: High Level Ordering of Strategies -> Success
DEBUG:root:Finish turn

DEBUG:root:Executing:Selector: High Level Ordering of Strategies
DEBUG:root:Executing:Sequence: Spread Strategy
DEBUG:root:Executing:Check: if_neutral_planet_available
DEBUG:root:Result: Check: if_neutral_planet_available -> Success
DEBUG:root:Executing:Action: spread_to_weakest_neutral_planet
DEBUG:root:Order:1 18 5.0
DEBUG:root:Result: Action: spread_to_weakest_neutral_planet -> Success
DEBUG:root:Result: Sequence: Spread Strategy -> Success
DEBUG:root:Result: Selector: High Level Ordering of Strategies -> Success
DEBUG:root:Finish turn

DEBUG:root:Executing:Selector: High Level Ordering of Strategies
DEBUG:root:Executing:Sequence: Spread Strategy
DEBUG:root:Executing:Check: if_neutral_planet_available
DEBUG:root:Result: Check: if_neutral_planet_available -> Success
DEBUG:root:Executing:Action: spread_to_weakest_neutral_planet
DEBUG:root:Order:1 11 13.0
DEBUG:root:Result: Action: spread_to_weakest_neutral_planet -> Success
DEBUG:root:Result: Sequence: Spread Strategy -> Success
DEBUG:root:Result: Selector: High Level Ordering of Strategies -> Success
DEBUG:root:Finish turn

DEBUG:root:Executing:Selector: High Level Ordering of Strategies
DEBUG:root:Executing:Sequence: Spread Strategy
DEBUG:root:Executing:Check: if_neutral_planet_available
DEBUG:root:Result: Check: if_neutral_planet_available -> Success
DEBUG:root:Executing:Action: spread_to_weakest_neutral_planet
DEBUG:root:Order:1 12 13.0
DEBUG:root:Result: Action: spread_to_weakest_neutral_planet -> Success
DEBUG:root:Result: Sequence: Spread Strategy -> Success
DEBUG:root:Result: Selector: High Level Ordering of Strategies -> Success
DEBUG:root:Finish turn

DEBUG:root:Executing:Selector: High Level Ordering of Strategies
DEBUG:root:Executing:Sequence: Spread Strategy
DEBUG:root:Executing:Check: if_neutral_planet_available
DEBUG:root:Result: Check: if_neutral_planet_available -> Success
DEBUG:root:Executing:Action: spread_to_weakest_neutral_planet
DEBUG:root:Order:1 5 23.0
DEBUG:root:Result: Action: spread_to_weakest_neutral_planet -> Success
DEBUG:root:Result: Sequence: Spread Strategy -> Success
DEBUG:root:Result: Selector: High Level Ordering of Strategies -> Success
DEBUG:root:Finish turn

DEBUG:root:Executing:Selector: High Level Ordering of Strategies
DEBUG:root:Executing:Sequence: Spread Strategy
DEBUG:root:Executing:Check: if_neutral_planet_available
DEBUG:root:Result: Check: if_neutral_planet_available -> Success
DEBUG:root:Executing:Action: spread_to_weakest_neutral_planet
DEBUG:root:Order:1 6 23.0
DEBUG:root:Result: Action: spread_to_weakest_neutral_planet -> Success
DEBUG:root:Result: Sequence: Spread Strategy -> Success
DEBUG:root:Result: Selector: High Level Ordering of Strategies -> Success
DEBUG:root:Finish turn

DEBUG:root:Executing:Selector: High Level Ordering of Strategies
DEBUG:root:Executing:Sequence: Spread Strategy
DEBUG:root:Executing:Check: if_neutral_planet_available
DEBUG:root:Result: Check: if_neutral_planet_available -> Success
DEBUG:root:Executing:Action: spread_to_weakest_neutral_planet
DEBUG:root:Order:1 0 38.0
DEBUG:root:Result: Action: spread_to_weakest_neutral_planet -> Success
DEBUG:root:Result: Sequence: Spread Strategy -> Success
DEBUG:root:Result: Selector: High Level Ordering of Strategies -> Success
DEBUG:root:Finish turn

DEBUG:root:Executing:Selector: High Level Ordering of Strategies
DEBUG:root:Executing:Sequence: Spread Strategy
DEBUG:root:Executing:Check: if_neutral_planet_available
DEBUG:root:Result: Check: if_neutral_planet_available -> Success
DEBUG:root:Executing:Action: spread_to_weakest_neutral_planet
DEBUG:root:Result: Action: spread_to_weakest_neutral_planet -> Failure
DEBUG:root:Result: Sequence: Spread Strategy -> Failure
DEBUG:root:Executing:Sequence: Offensive Strategy
DEBUG:root:Executing:Check: have_largest_fleet
DEBUG:root:Result: Check: have_largest_fleet -> Success
DEBUG:root:Executing:Action: attack_weakest_enemy_planet
DEBUG:root:Result: Action: attack_weakest_enemy_planet -> Failure
DEBUG:root:Result: Sequence: Offensive Strategy -> Failure
DEBUG:root:Executing:Action: attack_weakest_enemy_planet
DEBUG:root:Result: Action: attack_weakest_enemy_planet -> Failure
DEBUG:root:Result: Selector: High Level Ordering of Strategies -> Failure
DEBUG:root:Finish turn

DEBUG:root:Executing:Selector: High Level Ordering of Strategies
DEBUG:root:Executing:Sequence: Spread Strategy
DEBUG:root:Executing:Check: if_neutral_planet_available
DEBUG:root:Result: Check: if_neutral_planet_available -> Success
DEBUG:root:Executing:Action: spread_to_weakest_neutral_planet
DEBUG:root:Result: Action: spread_to_weakest_neutral_planet -> Failure
DEBUG:root:Result: Sequence: Spread Strategy -> Failure
DEBUG:root:Executing:Sequence: Offensive Strategy
DEBUG:root:Executing:Check: have_largest_fleet
DEBUG:root:Result: Check: have_largest_fleet -> Success
DEBUG:root:Executing:Action: attack_weakest_enemy_planet
DEBUG:root:Result: Action: attack_weakest_enemy_planet -> Failure
DEBUG:root:Result: Sequence: Offensive Strategy -> Failure
DEBUG:root:Executing:Action: attack_weakest_enemy_planet
DEBUG:root:Result: Action: attack_weakest_enemy_planet -> Failure
DEBUG:root:Result: Selector: High Level Ordering of Strategies -> Failure
DEBUG:root:Finish turn

DEBUG:root:Executing:Selector: High Level Ordering of Strategies
DEBUG:root:Executing:Sequence: Spread Strategy
DEBUG:root:Executing:Check: if_neutral_planet_available
DEBUG:root:Result: Check: if_neutral_planet_available -> Success
DEBUG:root:Executing:Action: spread_to_weakest_neutral_planet
DEBUG:root:Result: Action: spread_to_weakest_neutral_planet -> Failure
DEBUG:root:Result: Sequence: Spread Strategy -> Failure
DEBUG:root:Executing:Sequence: Offensive Strategy
DEBUG:root:Executing:Check: have_largest_fleet
DEBUG:root:Result: Check: have_largest_fleet -> Success
DEBUG:root:Executing:Action: attack_weakest_enemy_planet
DEBUG:root:Result: Action: attack_weakest_enemy_planet -> Failure
DEBUG:root:Result: Sequence: Offensive Strategy -> Failure
DEBUG:root:Executing:Action: attack_weakest_enemy_planet
DEBUG:root:Result: Action: attack_weakest_enemy_planet -> Failure
DEBUG:root:Result: Selector: High Level Ordering of Strategies -> Failure
DEBUG:root:Finish turn

DEBUG:root:Executing:Selector: High Level Ordering of Strategies
DEBUG:root:Executing:Sequence: Spread Strategy
DEBUG:root:Executing:Check: if_neutral_planet_available
DEBUG:root:Result: Check: if_neutral_planet_available -> Success
DEBUG:root:Executing:Action: spread_to_weakest_neutral_planet
DEBUG:root:Result: Action: spread_to_weakest_neutral_planet -> Failure
DEBUG:root:Result: Sequence: Spread Strategy -> Failure
DEBUG:root:Executing:Sequence: Offensive Strategy
DEBUG:root:Executing:Check: have_largest_fleet
DEBUG:root:Result: Check: have_largest_fleet -> Success
DEBUG:root:Executing:Action: attack_weakest_enemy_planet
DEBUG:root:Result: Action: attack_weakest_enemy_planet -> Failure
DEBUG:root:Result: Sequence: Offensive Strategy -> Failure
DEBUG:root:Executing:Action: attack_weakest_enemy_planet
DEBUG:root:Result: Action: attack_weakest_enemy_planet -> Failure
DEBUG:root:Result: Selector: High Level Ordering of Strategies -> Failure
DEBUG:root:Finish turn

DEBUG:root:Executing:Selector: High Level Ordering of Strategies
DEBUG:root:Executing:Sequence: Spread Strategy
DEBUG:root:Executing:Check: if_neutral_planet_available
DEBUG:root:Result: Check: if_neutral_planet_available -> Success
DEBUG:root:Executing:Action: spread_to_weakest_neutral_planet
DEBUG:root:Result: Action: spread_to_weakest_neutral_planet -> Failure
DEBUG:root:Result: Sequence: Spread Strategy -> Failure
DEBUG:root:Executing:Sequence: Offensive Strategy
DEBUG:root:Executing:Check: have_largest_fleet
DEBUG:root:Result: Check: have_largest_fleet -> Success
DEBUG:root:Executing:Action: attack_weakest_enemy_planet
DEBUG:root:Order:1 9 31.0
DEBUG:root:Result: Action: attack_weakest_enemy_planet -> Success
DEBUG:root:Result: Sequence: Offensive Strategy -> Success
DEBUG:root:Result: Selector: High Level Ordering of Strategies -> Success
DEBUG:root:Finish turn

DEBUG:root:Executing:Selector: High Level Ordering of Strategies
DEBUG:root:Executing:Sequence: Spread Strategy
DEBUG:root:Executing:Check: if_neutral_planet_available
DEBUG:root:Result: Check: if_neutral_planet_available -> Success
DEBUG:root:Executing:Action: spread_to_weakest_neutral_planet
DEBUG:root:Result: Action: spread_to_weakest_neutral_planet -> Failure
DEBUG:root:Result: Sequence: Spread Strategy -> Failure
DEBUG:root:Executing:Sequence: Offensive Strategy
DEBUG:root:Executing:Check: have_largest_fleet
DEBUG:root:Result: Check: have_largest_fleet -> Success
DEBUG:root:Executing:Action: attack_weakest_enemy_planet
DEBUG:root:Result: Action: attack_weakest_enemy_planet -> Failure
DEBUG:root:Result: Sequence: Offensive Strategy -> Failure
DEBUG:root:Executing:Action: attack_weakest_enemy_planet
DEBUG:root:Result: Action: attack_weakest_enemy_planet -> Failure
DEBUG:root:Result: Selector: High Level Ordering of Strategies -> Failure
DEBUG:root:Finish turn

DEBUG:root:Executing:Selector: High Level Ordering of Strategies
DEBUG:root:Executing:Sequence: Spread Strategy
DEBUG:root:Executing:Check: if_neutral_planet_available
DEBUG:root:Result: Check: if_neutral_planet_available -> Success
DEBUG:root:Executing:Action: spread_to_weakest_neutral_planet
DEBUG:root:Result: Action: spread_to_weakest_neutral_planet -> Failure
DEBUG:root:Result: Sequence: Spread Strategy -> Failure
DEBUG:root:Executing:Sequence: Offensive Strategy
DEBUG:root:Executing:Check: have_largest_fleet
DEBUG:root:Result: Check: have_largest_fleet -> Success
DEBUG:root:Executing:Action: attack_weakest_enemy_planet
DEBUG:root:Result: Action: attack_weakest_enemy_planet -> Failure
DEBUG:root:Result: Sequence: Offensive Strategy -> Failure
DEBUG:root:Executing:Action: attack_weakest_enemy_planet
DEBUG:root:Result: Action: attack_weakest_enemy_planet -> Failure
DEBUG:root:Result: Selector: High Level Ordering of Strategies -> Failure
DEBUG:root:Finish turn

DEBUG:root:Executing:Selector: High Level Ordering of Strategies
DEBUG:root:Executing:Sequence: Spread Strategy
DEBUG:root:Executing:Check: if_neutral_planet_available
DEBUG:root:Result: Check: if_neutral_planet_available -> Success
DEBUG:root:Executing:Action: spread_to_weakest_neutral_planet
DEBUG:root:Result: Action: spread_to_weakest_neutral_planet -> Failure
DEBUG:root:Result: Sequence: Spread Strategy -> Failure
DEBUG:root:Executing:Sequence: Offensive Strategy
DEBUG:root:Executing:Check: have_largest_fleet
DEBUG:root:Result: Check: have_largest_fleet -> Success
DEBUG:root:Executing:Action: attack_weakest_enemy_planet
DEBUG:root:Result: Action: attack_weakest_enemy_planet -> Failure
DEBUG:root:Result: Sequence: Offensive Strategy -> Failure
DEBUG:root:Executing:Action: attack_weakest_enemy_planet
DEBUG:root:Result: Action: attack_weakest_enemy_planet -> Failure
DEBUG:root:Result: Selector: High Level Ordering of Strategies -> Failure
DEBUG:root:Finish turn

DEBUG:root:Executing:Selector: High Level Ordering of Strategies
DEBUG:root:Executing:Sequence: Spread Strategy
DEBUG:root:Executing:Check: if_neutral_planet_available
DEBUG:root:Result: Check: if_neutral_planet_available -> Success
DEBUG:root:Executing:Action: spread_to_weakest_neutral_planet
DEBUG:root:Result: Action: spread_to_weakest_neutral_planet -> Failure
DEBUG:root:Result: Sequence: Spread Strategy -> Failure
DEBUG:root:Executing:Sequence: Offensive Strategy
DEBUG:root:Executing:Check: have_largest_fleet
DEBUG:root:Result: Check: have_largest_fleet -> Success
DEBUG:root:Executing:Action: attack_weakest_enemy_planet
DEBUG:root:Result: Action: attack_weakest_enemy_planet -> Failure
DEBUG:root:Result: Sequence: Offensive Strategy -> Failure
DEBUG:root:Executing:Action: attack_weakest_enemy_planet
DEBUG:root:Result: Action: attack_weakest_enemy_planet -> Failure
DEBUG:root:Result: Selector: High Level Ordering of Strategies -> Failure
DEBUG:root:Finish turn

DEBUG:root:Executing:Selector: High Level Ordering of Strategies
DEBUG:root:Executing:Sequence: Spread Strategy
DEBUG:root:Executing:Check: if_neutral_planet_available
DEBUG:root:Result: Check: if_neutral_planet_available -> Success
DEBUG:root:Executing:Action: spread_to_weakest_neutral_planet
DEBUG:root:Result: Action: spread_to_weakest_neutral_planet -> Failure
DEBUG:root:Result: Sequence: Spread Strategy -> Failure
DEBUG:root:Executing:Sequence: Offensive Strategy
DEBUG:root:Executing:Check: have_largest_fleet
DEBUG:root:Result: Check: have_largest_fleet -> Success
DEBUG:root:Executing:Action: attack_weakest_enemy_planet
DEBUG:root:Result: Action: attack_weakest_enemy_planet -> Failure
DEBUG:root:Result: Sequence: Offensive Strategy -> Failure
DEBUG:root:Executing:Action: attack_weakest_enemy_planet
DEBUG:root:Result: Action: attack_weakest_enemy_planet -> Failure
DEBUG:root:Result: Selector: High Level Ordering of Strategies -> Failure
DEBUG:root:Finish turn

DEBUG:root:Executing:Selector: High Level Ordering of Strategies
DEBUG:root:Executing:Sequence: Spread Strategy
DEBUG:root:Executing:Check: if_neutral_planet_available
DEBUG:root:Result: Check: if_neutral_planet_available -> Success
DEBUG:root:Executing:Action: spread_to_weakest_neutral_planet
DEBUG:root:Result: Action: spread_to_weakest_neutral_planet -> Failure
DEBUG:root:Result: Sequence: Spread Strategy -> Failure
DEBUG:root:Executing:Sequence: Offensive Strategy
DEBUG:root:Executing:Check: have_largest_fleet
DEBUG:root:Result: Check: have_largest_fleet -> Success
DEBUG:root:Executing:Action: attack_weakest_enemy_planet
DEBUG:root:Result: Action: attack_weakest_enemy_planet -> Failure
DEBUG:root:Result: Sequence: Offensive Strategy -> Failure
DEBUG:root:Executing:Action: attack_weakest_enemy_planet
DEBUG:root:Result: Action: attack_weakest_enemy_planet -> Failure
DEBUG:root:Result: Selector: High Level Ordering of Strategies -> Failure
DEBUG:root:Finish turn

DEBUG:root:Executing:Selector: High Level Ordering of Strategies
DEBUG:root:Executing:Sequence: Spread Strategy
DEBUG:root:Executing:Check: if_neutral_planet_available
DEBUG:root:Result: Check: if_neutral_planet_available -> Success
DEBUG:root:Executing:Action: spread_to_weakest_neutral_planet
DEBUG:root:Result: Action: spread_to_weakest_neutral_planet -> Failure
DEBUG:root:Result: Sequence: Spread Strategy -> Failure
DEBUG:root:Executing:Sequence: Offensive Strategy
DEBUG:root:Executing:Check: have_largest_fleet
DEBUG:root:Result: Check: have_largest_fleet -> Success
DEBUG:root:Executing:Action: attack_weakest_enemy_planet
DEBUG:root:Result: Action: attack_weakest_enemy_planet -> Failure
DEBUG:root:Result: Sequence: Offensive Strategy -> Failure
DEBUG:root:Executing:Action: attack_weakest_enemy_planet
DEBUG:root:Result: Action: attack_weakest_enemy_planet -> Failure
DEBUG:root:Result: Selector: High Level Ordering of Strategies -> Failure
DEBUG:root:Finish turn

DEBUG:root:Executing:Selector: High Level Ordering of Strategies
DEBUG:root:Executing:Sequence: Spread Strategy
DEBUG:root:Executing:Check: if_neutral_planet_available
DEBUG:root:Result: Check: if_neutral_planet_available -> Success
DEBUG:root:Executing:Action: spread_to_weakest_neutral_planet
DEBUG:root:Result: Action: spread_to_weakest_neutral_planet -> Failure
DEBUG:root:Result: Sequence: Spread Strategy -> Failure
DEBUG:root:Executing:Sequence: Offensive Strategy
DEBUG:root:Executing:Check: have_largest_fleet
DEBUG:root:Result: Check: have_largest_fleet -> Success
DEBUG:root:Executing:Action: attack_weakest_enemy_planet
DEBUG:root:Result: Action: attack_weakest_enemy_planet -> Failure
DEBUG:root:Result: Sequence: Offensive Strategy -> Failure
DEBUG:root:Executing:Action: attack_weakest_enemy_planet
DEBUG:root:Result: Action: attack_weakest_enemy_planet -> Failure
DEBUG:root:Result: Selector: High Level Ordering of Strategies -> Failure
DEBUG:root:Finish turn

DEBUG:root:Executing:Selector: High Level Ordering of Strategies
DEBUG:root:Executing:Sequence: Spread Strategy
DEBUG:root:Executing:Check: if_neutral_planet_available
DEBUG:root:Result: Check: if_neutral_planet_available -> Success
DEBUG:root:Executing:Action: spread_to_weakest_neutral_planet
DEBUG:root:Result: Action: spread_to_weakest_neutral_planet -> Failure
DEBUG:root:Result: Sequence: Spread Strategy -> Failure
DEBUG:root:Executing:Sequence: Offensive Strategy
DEBUG:root:Executing:Check: have_largest_fleet
DEBUG:root:Result: Check: have_largest_fleet -> Success
DEBUG:root:Executing:Action: attack_weakest_enemy_planet
DEBUG:root:Result: Action: attack_weakest_enemy_planet -> Failure
DEBUG:root:Result: Sequence: Offensive Strategy -> Failure
DEBUG:root:Executing:Action: attack_weakest_enemy_planet
DEBUG:root:Result: Action: attack_weakest_enemy_planet -> Failure
DEBUG:root:Result: Selector: High Level Ordering of Strategies -> Failure
DEBUG:root:Finish turn

DEBUG:root:Executing:Selector: High Level Ordering of Strategies
DEBUG:root:Executing:Sequence: Spread Strategy
DEBUG:root:Executing:Check: if_neutral_planet_available
DEBUG:root:Result: Check: if_neutral_planet_available -> Success
DEBUG:root:Executing:Action: spread_to_weakest_neutral_planet
DEBUG:root:Result: Action: spread_to_weakest_neutral_planet -> Failure
DEBUG:root:Result: Sequence: Spread Strategy -> Failure
DEBUG:root:Executing:Sequence: Offensive Strategy
DEBUG:root:Executing:Check: have_largest_fleet
DEBUG:root:Result: Check: have_largest_fleet -> Success
DEBUG:root:Executing:Action: attack_weakest_enemy_planet
DEBUG:root:Result: Action: attack_weakest_enemy_planet -> Failure
DEBUG:root:Result: Sequence: Offensive Strategy -> Failure
DEBUG:root:Executing:Action: attack_weakest_enemy_planet
DEBUG:root:Result: Action: attack_weakest_enemy_planet -> Failure
DEBUG:root:Result: Selector: High Level Ordering of Strategies -> Failure
DEBUG:root:Finish turn

DEBUG:root:Executing:Selector: High Level Ordering of Strategies
DEBUG:root:Executing:Sequence: Spread Strategy
DEBUG:root:Executing:Check: if_neutral_planet_available
DEBUG:root:Result: Check: if_neutral_planet_available -> Success
DEBUG:root:Executing:Action: spread_to_weakest_neutral_planet
DEBUG:root:Order:1 19 56.0
DEBUG:root:Result: Action: spread_to_weakest_neutral_planet -> Success
DEBUG:root:Result: Sequence: Spread Strategy -> Success
DEBUG:root:Result: Selector: High Level Ordering of Strategies -> Success
DEBUG:root:Finish turn

DEBUG:root:Executing:Selector: High Level Ordering of Strategies
DEBUG:root:Executing:Sequence: Spread Strategy
DEBUG:root:Executing:Check: if_neutral_planet_available
DEBUG:root:Result: Check: if_neutral_planet_available -> Success
DEBUG:root:Executing:Action: spread_to_weakest_neutral_planet
DEBUG:root:Result: Action: spread_to_weakest_neutral_planet -> Failure
DEBUG:root:Result: Sequence: Spread Strategy -> Failure
DEBUG:root:Executing:Sequence: Offensive Strategy
DEBUG:root:Executing:Check: have_largest_fleet
DEBUG:root:Result: Check: have_largest_fleet -> Success
DEBUG:root:Executing:Action: attack_weakest_enemy_planet
DEBUG:root:Result: Action: attack_weakest_enemy_planet -> Failure
DEBUG:root:Result: Sequence: Offensive Strategy -> Failure
DEBUG:root:Executing:Action: attack_weakest_enemy_planet
DEBUG:root:Result: Action: attack_weakest_enemy_planet -> Failure
DEBUG:root:Result: Selector: High Level Ordering of Strategies -> Failure
DEBUG:root:Finish turn

DEBUG:root:Executing:Selector: High Level Ordering of Strategies
DEBUG:root:Executing:Sequence: Spread Strategy
DEBUG:root:Executing:Check: if_neutral_planet_available
DEBUG:root:Result: Check: if_neutral_planet_available -> Success
DEBUG:root:Executing:Action: spread_to_weakest_neutral_planet
DEBUG:root:Result: Action: spread_to_weakest_neutral_planet -> Failure
DEBUG:root:Result: Sequence: Spread Strategy -> Failure
DEBUG:root:Executing:Sequence: Offensive Strategy
DEBUG:root:Executing:Check: have_largest_fleet
DEBUG:root:Result: Check: have_largest_fleet -> Success
DEBUG:root:Executing:Action: attack_weakest_enemy_planet
DEBUG:root:Result: Action: attack_weakest_enemy_planet -> Failure
DEBUG:root:Result: Sequence: Offensive Strategy -> Failure
DEBUG:root:Executing:Action: attack_weakest_enemy_planet
DEBUG:root:Result: Action: attack_weakest_enemy_planet -> Failure
DEBUG:root:Result: Selector: High Level Ordering of Strategies -> Failure
DEBUG:root:Finish turn

DEBUG:root:Executing:Selector: High Level Ordering of Strategies
DEBUG:root:Executing:Sequence: Spread Strategy
DEBUG:root:Executing:Check: if_neutral_planet_available
DEBUG:root:Result: Check: if_neutral_planet_available -> Success
DEBUG:root:Executing:Action: spread_to_weakest_neutral_planet
DEBUG:root:Result: Action: spread_to_weakest_neutral_planet -> Failure
DEBUG:root:Result: Sequence: Spread Strategy -> Failure
DEBUG:root:Executing:Sequence: Offensive Strategy
DEBUG:root:Executing:Check: have_largest_fleet
DEBUG:root:Result: Check: have_largest_fleet -> Success
DEBUG:root:Executing:Action: attack_weakest_enemy_planet
DEBUG:root:Result: Action: attack_weakest_enemy_planet -> Failure
DEBUG:root:Result: Sequence: Offensive Strategy -> Failure
DEBUG:root:Executing:Action: attack_weakest_enemy_planet
DEBUG:root:Result: Action: attack_weakest_enemy_planet -> Failure
DEBUG:root:Result: Selector: High Level Ordering of Strategies -> Failure
DEBUG:root:Finish turn

DEBUG:root:Executing:Selector: High Level Ordering of Strategies
DEBUG:root:Executing:Sequence: Spread Strategy
DEBUG:root:Executing:Check: if_neutral_planet_available
DEBUG:root:Result: Check: if_neutral_planet_available -> Success
DEBUG:root:Executing:Action: spread_to_weakest_neutral_planet
DEBUG:root:Result: Action: spread_to_weakest_neutral_planet -> Failure
DEBUG:root:Result: Sequence: Spread Strategy -> Failure
DEBUG:root:Executing:Sequence: Offensive Strategy
DEBUG:root:Executing:Check: have_largest_fleet
DEBUG:root:Result: Check: have_largest_fleet -> Success
DEBUG:root:Executing:Action: attack_weakest_enemy_planet
DEBUG:root:Order:12 17 45.0
DEBUG:root:Result: Action: attack_weakest_enemy_planet -> Success
DEBUG:root:Result: Sequence: Offensive Strategy -> Success
DEBUG:root:Result: Selector: High Level Ordering of Strategies -> Success
DEBUG:root:Finish turn

DEBUG:root:Executing:Selector: High Level Ordering of Strategies
DEBUG:root:Executing:Sequence: Spread Strategy
DEBUG:root:Executing:Check: if_neutral_planet_available
DEBUG:root:Result: Check: if_neutral_planet_available -> Success
DEBUG:root:Executing:Action: spread_to_weakest_neutral_planet
DEBUG:root:Result: Action: spread_to_weakest_neutral_planet -> Failure
DEBUG:root:Result: Sequence: Spread Strategy -> Failure
DEBUG:root:Executing:Sequence: Offensive Strategy
DEBUG:root:Executing:Check: have_largest_fleet
DEBUG:root:Result: Check: have_largest_fleet -> Success
DEBUG:root:Executing:Action: attack_weakest_enemy_planet
DEBUG:root:Result: Action: attack_weakest_enemy_planet -> Failure
DEBUG:root:Result: Sequence: Offensive Strategy -> Failure
DEBUG:root:Executing:Action: attack_weakest_enemy_planet
DEBUG:root:Result: Action: attack_weakest_enemy_planet -> Failure
DEBUG:root:Result: Selector: High Level Ordering of Strategies -> Failure
DEBUG:root:Finish turn

DEBUG:root:Executing:Selector: High Level Ordering of Strategies
DEBUG:root:Executing:Sequence: Spread Strategy
DEBUG:root:Executing:Check: if_neutral_planet_available
DEBUG:root:Result: Check: if_neutral_planet_available -> Success
DEBUG:root:Executing:Action: spread_to_weakest_neutral_planet
DEBUG:root:Result: Action: spread_to_weakest_neutral_planet -> Failure
DEBUG:root:Result: Sequence: Spread Strategy -> Failure
DEBUG:root:Executing:Sequence: Offensive Strategy
DEBUG:root:Executing:Check: have_largest_fleet
DEBUG:root:Result: Check: have_largest_fleet -> Success
DEBUG:root:Executing:Action: attack_weakest_enemy_planet
DEBUG:root:Result: Action: attack_weakest_enemy_planet -> Failure
DEBUG:root:Result: Sequence: Offensive Strategy -> Failure
DEBUG:root:Executing:Action: attack_weakest_enemy_planet
DEBUG:root:Result: Action: attack_weakest_enemy_planet -> Failure
DEBUG:root:Result: Selector: High Level Ordering of Strategies -> Failure
DEBUG:root:Finish turn

DEBUG:root:Executing:Selector: High Level Ordering of Strategies
DEBUG:root:Executing:Sequence: Spread Strategy
DEBUG:root:Executing:Check: if_neutral_planet_available
DEBUG:root:Result: Check: if_neutral_planet_available -> Success
DEBUG:root:Executing:Action: spread_to_weakest_neutral_planet
DEBUG:root:Result: Action: spread_to_weakest_neutral_planet -> Failure
DEBUG:root:Result: Sequence: Spread Strategy -> Failure
DEBUG:root:Executing:Sequence: Offensive Strategy
DEBUG:root:Executing:Check: have_largest_fleet
DEBUG:root:Result: Check: have_largest_fleet -> Success
DEBUG:root:Executing:Action: attack_weakest_enemy_planet
DEBUG:root:Result: Action: attack_weakest_enemy_planet -> Failure
DEBUG:root:Result: Sequence: Offensive Strategy -> Failure
DEBUG:root:Executing:Action: attack_weakest_enemy_planet
DEBUG:root:Result: Action: attack_weakest_enemy_planet -> Failure
DEBUG:root:Result: Selector: High Level Ordering of Strategies -> Failure
DEBUG:root:Finish turn

DEBUG:root:Executing:Selector: High Level Ordering of Strategies
DEBUG:root:Executing:Sequence: Spread Strategy
DEBUG:root:Executing:Check: if_neutral_planet_available
DEBUG:root:Result: Check: if_neutral_planet_available -> Success
DEBUG:root:Executing:Action: spread_to_weakest_neutral_planet
DEBUG:root:Result: Action: spread_to_weakest_neutral_planet -> Failure
DEBUG:root:Result: Sequence: Spread Strategy -> Failure
DEBUG:root:Executing:Sequence: Offensive Strategy
DEBUG:root:Executing:Check: have_largest_fleet
DEBUG:root:Result: Check: have_largest_fleet -> Success
DEBUG:root:Executing:Action: attack_weakest_enemy_planet
DEBUG:root:Result: Action: attack_weakest_enemy_planet -> Failure
DEBUG:root:Result: Sequence: Offensive Strategy -> Failure
DEBUG:root:Executing:Action: attack_weakest_enemy_planet
DEBUG:root:Result: Action: attack_weakest_enemy_planet -> Failure
DEBUG:root:Result: Selector: High Level Ordering of Strategies -> Failure
DEBUG:root:Finish turn

DEBUG:root:Executing:Selector: High Level Ordering of Strategies
DEBUG:root:Executing:Sequence: Spread Strategy
DEBUG:root:Executing:Check: if_neutral_planet_available
DEBUG:root:Result: Check: if_neutral_planet_available -> Success
DEBUG:root:Executing:Action: spread_to_weakest_neutral_planet
DEBUG:root:Result: Action: spread_to_weakest_neutral_planet -> Failure
DEBUG:root:Result: Sequence: Spread Strategy -> Failure
DEBUG:root:Executing:Sequence: Offensive Strategy
DEBUG:root:Executing:Check: have_largest_fleet
DEBUG:root:Result: Check: have_largest_fleet -> Success
DEBUG:root:Executing:Action: attack_weakest_enemy_planet
DEBUG:root:Result: Action: attack_weakest_enemy_planet -> Failure
DEBUG:root:Result: Sequence: Offensive Strategy -> Failure
DEBUG:root:Executing:Action: attack_weakest_enemy_planet
DEBUG:root:Result: Action: attack_weakest_enemy_planet -> Failure
DEBUG:root:Result: Selector: High Level Ordering of Strategies -> Failure
DEBUG:root:Finish turn

DEBUG:root:Executing:Selector: High Level Ordering of Strategies
DEBUG:root:Executing:Sequence: Spread Strategy
DEBUG:root:Executing:Check: if_neutral_planet_available
DEBUG:root:Result: Check: if_neutral_planet_available -> Success
DEBUG:root:Executing:Action: spread_to_weakest_neutral_planet
DEBUG:root:Result: Action: spread_to_weakest_neutral_planet -> Failure
DEBUG:root:Result: Sequence: Spread Strategy -> Failure
DEBUG:root:Executing:Sequence: Offensive Strategy
DEBUG:root:Executing:Check: have_largest_fleet
DEBUG:root:Result: Check: have_largest_fleet -> Success
DEBUG:root:Executing:Action: attack_weakest_enemy_planet
DEBUG:root:Order:0 18 16.0
DEBUG:root:Result: Action: attack_weakest_enemy_planet -> Success
DEBUG:root:Result: Sequence: Offensive Strategy -> Success
DEBUG:root:Result: Selector: High Level Ordering of Strategies -> Success
DEBUG:root:Finish turn

DEBUG:root:Executing:Selector: High Level Ordering of Strategies
DEBUG:root:Executing:Sequence: Spread Strategy
DEBUG:root:Executing:Check: if_neutral_planet_available
DEBUG:root:Result: Check: if_neutral_planet_available -> Success
DEBUG:root:Executing:Action: spread_to_weakest_neutral_planet
DEBUG:root:Order:1 20 56.0
DEBUG:root:Result: Action: spread_to_weakest_neutral_planet -> Success
DEBUG:root:Result: Sequence: Spread Strategy -> Success
DEBUG:root:Result: Selector: High Level Ordering of Strategies -> Success
DEBUG:root:Finish turn

DEBUG:root:Executing:Selector: High Level Ordering of Strategies
DEBUG:root:Executing:Sequence: Spread Strategy
DEBUG:root:Executing:Check: if_neutral_planet_available
DEBUG:root:Result: Check: if_neutral_planet_available -> Success
DEBUG:root:Executing:Action: spread_to_weakest_neutral_planet
DEBUG:root:Result: Action: spread_to_weakest_neutral_planet -> Failure
DEBUG:root:Result: Sequence: Spread Strategy -> Failure
DEBUG:root:Executing:Sequence: Offensive Strategy
DEBUG:root:Executing:Check: have_largest_fleet
DEBUG:root:Result: Check: have_largest_fleet -> Success
DEBUG:root:Executing:Action: attack_weakest_enemy_planet
DEBUG:root:Order:0 11 28.0
DEBUG:root:Result: Action: attack_weakest_enemy_planet -> Success
DEBUG:root:Result: Sequence: Offensive Strategy -> Success
DEBUG:root:Result: Selector: High Level Ordering of Strategies -> Success
DEBUG:root:Finish turn

DEBUG:root:Executing:Selector: High Level Ordering of Strategies
DEBUG:root:Executing:Sequence: Spread Strategy
DEBUG:root:Executing:Check: if_neutral_planet_available
DEBUG:root:Result: Check: if_neutral_planet_available -> Success
DEBUG:root:Executing:Action: spread_to_weakest_neutral_planet
DEBUG:root:Result: Action: spread_to_weakest_neutral_planet -> Failure
DEBUG:root:Result: Sequence: Spread Strategy -> Failure
DEBUG:root:Executing:Sequence: Offensive Strategy
DEBUG:root:Executing:Check: have_largest_fleet
DEBUG:root:Result: Check: have_largest_fleet -> Success
DEBUG:root:Executing:Action: attack_weakest_enemy_planet
DEBUG:root:Result: Action: attack_weakest_enemy_planet -> Failure
DEBUG:root:Result: Sequence: Offensive Strategy -> Failure
DEBUG:root:Executing:Action: attack_weakest_enemy_planet
DEBUG:root:Result: Action: attack_weakest_enemy_planet -> Failure
DEBUG:root:Result: Selector: High Level Ordering of Strategies -> Failure
DEBUG:root:Finish turn

DEBUG:root:Executing:Selector: High Level Ordering of Strategies
DEBUG:root:Executing:Sequence: Spread Strategy
DEBUG:root:Executing:Check: if_neutral_planet_available
DEBUG:root:Result: Check: if_neutral_planet_available -> Success
DEBUG:root:Executing:Action: spread_to_weakest_neutral_planet
DEBUG:root:Result: Action: spread_to_weakest_neutral_planet -> Failure
DEBUG:root:Result: Sequence: Spread Strategy -> Failure
DEBUG:root:Executing:Sequence: Offensive Strategy
DEBUG:root:Executing:Check: have_largest_fleet
DEBUG:root:Result: Check: have_largest_fleet -> Success
DEBUG:root:Executing:Action: attack_weakest_enemy_planet
DEBUG:root:Result: Action: attack_weakest_enemy_planet -> Failure
DEBUG:root:Result: Sequence: Offensive Strategy -> Failure
DEBUG:root:Executing:Action: attack_weakest_enemy_planet
DEBUG:root:Result: Action: attack_weakest_enemy_planet -> Failure
DEBUG:root:Result: Selector: High Level Ordering of Strategies -> Failure
DEBUG:root:Finish turn

DEBUG:root:Executing:Selector: High Level Ordering of Strategies
DEBUG:root:Executing:Sequence: Spread Strategy
DEBUG:root:Executing:Check: if_neutral_planet_available
DEBUG:root:Result: Check: if_neutral_planet_available -> Success
DEBUG:root:Executing:Action: spread_to_weakest_neutral_planet
DEBUG:root:Result: Action: spread_to_weakest_neutral_planet -> Failure
DEBUG:root:Result: Sequence: Spread Strategy -> Failure
DEBUG:root:Executing:Sequence: Offensive Strategy
DEBUG:root:Executing:Check: have_largest_fleet
DEBUG:root:Result: Check: have_largest_fleet -> Success
DEBUG:root:Executing:Action: attack_weakest_enemy_planet
DEBUG:root:Order:1 6 13.0
DEBUG:root:Result: Action: attack_weakest_enemy_planet -> Success
DEBUG:root:Result: Sequence: Offensive Strategy -> Success
DEBUG:root:Result: Selector: High Level Ordering of Strategies -> Success
DEBUG:root:Finish turn

DEBUG:root:Executing:Selector: High Level Ordering of Strategies
DEBUG:root:Executing:Sequence: Spread Strategy
DEBUG:root:Executing:Check: if_neutral_planet_available
DEBUG:root:Result: Check: if_neutral_planet_available -> Success
DEBUG:root:Executing:Action: spread_to_weakest_neutral_planet
DEBUG:root:Order:12 21 59.0
DEBUG:root:Result: Action: spread_to_weakest_neutral_planet -> Success
DEBUG:root:Result: Sequence: Spread Strategy -> Success
DEBUG:root:Result: Selector: High Level Ordering of Strategies -> Success
DEBUG:root:Finish turn

DEBUG:root:Executing:Selector: High Level Ordering of Strategies
DEBUG:root:Executing:Sequence: Spread Strategy
DEBUG:root:Executing:Check: if_neutral_planet_available
DEBUG:root:Result: Check: if_neutral_planet_available -> Success
DEBUG:root:Executing:Action: spread_to_weakest_neutral_planet
DEBUG:root:Result: Action: spread_to_weakest_neutral_planet -> Failure
DEBUG:root:Result: Sequence: Spread Strategy -> Failure
DEBUG:root:Executing:Sequence: Offensive Strategy
DEBUG:root:Executing:Check: have_largest_fleet
DEBUG:root:Result: Check: have_largest_fleet -> Success
DEBUG:root:Executing:Action: attack_weakest_enemy_planet
DEBUG:root:Order:17 0 39.0
DEBUG:root:Result: Action: attack_weakest_enemy_planet -> Success
DEBUG:root:Result: Sequence: Offensive Strategy -> Success
DEBUG:root:Result: Selector: High Level Ordering of Strategies -> Success
DEBUG:root:Finish turn

DEBUG:root:Executing:Selector: High Level Ordering of Strategies
DEBUG:root:Executing:Sequence: Spread Strategy
DEBUG:root:Executing:Check: if_neutral_planet_available
DEBUG:root:Result: Check: if_neutral_planet_available -> Success
DEBUG:root:Executing:Action: spread_to_weakest_neutral_planet
DEBUG:root:Result: Action: spread_to_weakest_neutral_planet -> Failure
DEBUG:root:Result: Sequence: Spread Strategy -> Failure
DEBUG:root:Executing:Sequence: Offensive Strategy
DEBUG:root:Executing:Check: have_largest_fleet
DEBUG:root:Result: Check: have_largest_fleet -> Success
DEBUG:root:Executing:Action: attack_weakest_enemy_planet
DEBUG:root:Result: Action: attack_weakest_enemy_planet -> Failure
DEBUG:root:Result: Sequence: Offensive Strategy -> Failure
DEBUG:root:Executing:Action: attack_weakest_enemy_planet
DEBUG:root:Result: Action: attack_weakest_enemy_planet -> Failure
DEBUG:root:Result: Selector: High Level Ordering of Strategies -> Failure
DEBUG:root:Finish turn

DEBUG:root:Executing:Selector: High Level Ordering of Strategies
DEBUG:root:Executing:Sequence: Spread Strategy
DEBUG:root:Executing:Check: if_neutral_planet_available
DEBUG:root:Result: Check: if_neutral_planet_available -> Success
DEBUG:root:Executing:Action: spread_to_weakest_neutral_planet
DEBUG:root:Result: Action: spread_to_weakest_neutral_planet -> Failure
DEBUG:root:Result: Sequence: Spread Strategy -> Failure
DEBUG:root:Executing:Sequence: Offensive Strategy
DEBUG:root:Executing:Check: have_largest_fleet
DEBUG:root:Result: Check: have_largest_fleet -> Success
DEBUG:root:Executing:Action: attack_weakest_enemy_planet
DEBUG:root:Result: Action: attack_weakest_enemy_planet -> Failure
DEBUG:root:Result: Sequence: Offensive Strategy -> Failure
DEBUG:root:Executing:Action: attack_weakest_enemy_planet
DEBUG:root:Result: Action: attack_weakest_enemy_planet -> Failure
DEBUG:root:Result: Selector: High Level Ordering of Strategies -> Failure
DEBUG:root:Finish turn

DEBUG:root:Executing:Selector: High Level Ordering of Strategies
DEBUG:root:Executing:Sequence: Spread Strategy
DEBUG:root:Executing:Check: if_neutral_planet_available
DEBUG:root:Result: Check: if_neutral_planet_available -> Success
DEBUG:root:Executing:Action: spread_to_weakest_neutral_planet
DEBUG:root:Result: Action: spread_to_weakest_neutral_planet -> Failure
DEBUG:root:Result: Sequence: Spread Strategy -> Failure
DEBUG:root:Executing:Sequence: Offensive Strategy
DEBUG:root:Executing:Check: have_largest_fleet
DEBUG:root:Result: Check: have_largest_fleet -> Success
DEBUG:root:Executing:Action: attack_weakest_enemy_planet
DEBUG:root:Order:11 5 13.0
DEBUG:root:Result: Action: attack_weakest_enemy_planet -> Success
DEBUG:root:Result: Sequence: Offensive Strategy -> Success
DEBUG:root:Result: Selector: High Level Ordering of Strategies -> Success
DEBUG:root:Finish turn

DEBUG:root:Executing:Selector: High Level Ordering of Strategies
DEBUG:root:Executing:Sequence: Spread Strategy
DEBUG:root:Executing:Check: if_neutral_planet_available
DEBUG:root:Result: Check: if_neutral_planet_available -> Success
DEBUG:root:Executing:Action: spread_to_weakest_neutral_planet
DEBUG:root:Result: Action: spread_to_weakest_neutral_planet -> Failure
DEBUG:root:Result: Sequence: Spread Strategy -> Failure
DEBUG:root:Executing:Sequence: Offensive Strategy
DEBUG:root:Executing:Check: have_largest_fleet
DEBUG:root:Result: Check: have_largest_fleet -> Success
DEBUG:root:Executing:Action: attack_weakest_enemy_planet
DEBUG:root:Order:12 17 21.0
DEBUG:root:Result: Action: attack_weakest_enemy_planet -> Success
DEBUG:root:Result: Sequence: Offensive Strategy -> Success
DEBUG:root:Result: Selector: High Level Ordering of Strategies -> Success
DEBUG:root:Finish turn

DEBUG:root:Executing:Selector: High Level Ordering of Strategies
DEBUG:root:Executing:Sequence: Spread Strategy
DEBUG:root:Executing:Check: if_neutral_planet_available
DEBUG:root:Result: Check: if_neutral_planet_available -> Success
DEBUG:root:Executing:Action: spread_to_weakest_neutral_planet
DEBUG:root:Result: Action: spread_to_weakest_neutral_planet -> Failure
DEBUG:root:Result: Sequence: Spread Strategy -> Failure
DEBUG:root:Executing:Sequence: Offensive Strategy
DEBUG:root:Executing:Check: have_largest_fleet
DEBUG:root:Result: Check: have_largest_fleet -> Success
DEBUG:root:Executing:Action: attack_weakest_enemy_planet
DEBUG:root:Result: Action: attack_weakest_enemy_planet -> Failure
DEBUG:root:Result: Sequence: Offensive Strategy -> Failure
DEBUG:root:Executing:Action: attack_weakest_enemy_planet
DEBUG:root:Result: Action: attack_weakest_enemy_planet -> Failure
DEBUG:root:Result: Selector: High Level Ordering of Strategies -> Failure
DEBUG:root:Finish turn

DEBUG:root:Executing:Selector: High Level Ordering of Strategies
DEBUG:root:Executing:Sequence: Spread Strategy
DEBUG:root:Executing:Check: if_neutral_planet_available
DEBUG:root:Result: Check: if_neutral_planet_available -> Success
DEBUG:root:Executing:Action: spread_to_weakest_neutral_planet
DEBUG:root:Result: Action: spread_to_weakest_neutral_planet -> Failure
DEBUG:root:Result: Sequence: Spread Strategy -> Failure
DEBUG:root:Executing:Sequence: Offensive Strategy
DEBUG:root:Executing:Check: have_largest_fleet
DEBUG:root:Result: Check: have_largest_fleet -> Success
DEBUG:root:Executing:Action: attack_weakest_enemy_planet
DEBUG:root:Result: Action: attack_weakest_enemy_planet -> Failure
DEBUG:root:Result: Sequence: Offensive Strategy -> Failure
DEBUG:root:Executing:Action: attack_weakest_enemy_planet
DEBUG:root:Result: Action: attack_weakest_enemy_planet -> Failure
DEBUG:root:Result: Selector: High Level Ordering of Strategies -> Failure
DEBUG:root:Finish turn

DEBUG:root:Executing:Selector: High Level Ordering of Strategies
DEBUG:root:Executing:Sequence: Spread Strategy
DEBUG:root:Executing:Check: if_neutral_planet_available
DEBUG:root:Result: Check: if_neutral_planet_available -> Success
DEBUG:root:Executing:Action: spread_to_weakest_neutral_planet
DEBUG:root:Result: Action: spread_to_weakest_neutral_planet -> Failure
DEBUG:root:Result: Sequence: Spread Strategy -> Failure
DEBUG:root:Executing:Sequence: Offensive Strategy
DEBUG:root:Executing:Check: have_largest_fleet
DEBUG:root:Result: Check: have_largest_fleet -> Success
DEBUG:root:Executing:Action: attack_weakest_enemy_planet
DEBUG:root:Result: Action: attack_weakest_enemy_planet -> Failure
DEBUG:root:Result: Sequence: Offensive Strategy -> Failure
DEBUG:root:Executing:Action: attack_weakest_enemy_planet
DEBUG:root:Result: Action: attack_weakest_enemy_planet -> Failure
DEBUG:root:Result: Selector: High Level Ordering of Strategies -> Failure
DEBUG:root:Finish turn

DEBUG:root:Executing:Selector: High Level Ordering of Strategies
DEBUG:root:Executing:Sequence: Spread Strategy
DEBUG:root:Executing:Check: if_neutral_planet_available
DEBUG:root:Result: Check: if_neutral_planet_available -> Success
DEBUG:root:Executing:Action: spread_to_weakest_neutral_planet
DEBUG:root:Result: Action: spread_to_weakest_neutral_planet -> Failure
DEBUG:root:Result: Sequence: Spread Strategy -> Failure
DEBUG:root:Executing:Sequence: Offensive Strategy
DEBUG:root:Executing:Check: have_largest_fleet
DEBUG:root:Result: Check: have_largest_fleet -> Success
DEBUG:root:Executing:Action: attack_weakest_enemy_planet
DEBUG:root:Result: Action: attack_weakest_enemy_planet -> Failure
DEBUG:root:Result: Sequence: Offensive Strategy -> Failure
DEBUG:root:Executing:Action: attack_weakest_enemy_planet
DEBUG:root:Result: Action: attack_weakest_enemy_planet -> Failure
DEBUG:root:Result: Selector: High Level Ordering of Strategies -> Failure
DEBUG:root:Finish turn

DEBUG:root:Executing:Selector: High Level Ordering of Strategies
DEBUG:root:Executing:Sequence: Spread Strategy
DEBUG:root:Executing:Check: if_neutral_planet_available
DEBUG:root:Result: Check: if_neutral_planet_available -> Success
DEBUG:root:Executing:Action: spread_to_weakest_neutral_planet
DEBUG:root:Order:1 22 59.0
DEBUG:root:Result: Action: spread_to_weakest_neutral_planet -> Success
DEBUG:root:Result: Sequence: Spread Strategy -> Success
DEBUG:root:Result: Selector: High Level Ordering of Strategies -> Success
DEBUG:root:Finish turn

DEBUG:root:Executing:Selector: High Level Ordering of Strategies
DEBUG:root:Executing:Sequence: Spread Strategy
DEBUG:root:Executing:Check: if_neutral_planet_available
DEBUG:root:Result: Check: if_neutral_planet_available -> Success
DEBUG:root:Executing:Action: spread_to_weakest_neutral_planet
DEBUG:root:Result: Action: spread_to_weakest_neutral_planet -> Failure
DEBUG:root:Result: Sequence: Spread Strategy -> Failure
DEBUG:root:Executing:Sequence: Offensive Strategy
DEBUG:root:Executing:Check: have_largest_fleet
DEBUG:root:Result: Check: have_largest_fleet -> Success
DEBUG:root:Executing:Action: attack_weakest_enemy_planet
DEBUG:root:Result: Action: attack_weakest_enemy_planet -> Failure
DEBUG:root:Result: Sequence: Offensive Strategy -> Failure
DEBUG:root:Executing:Action: attack_weakest_enemy_planet
DEBUG:root:Result: Action: attack_weakest_enemy_planet -> Failure
DEBUG:root:Result: Selector: High Level Ordering of Strategies -> Failure
DEBUG:root:Finish turn

DEBUG:root:Executing:Selector: High Level Ordering of Strategies
DEBUG:root:Executing:Sequence: Spread Strategy
DEBUG:root:Executing:Check: if_neutral_planet_available
DEBUG:root:Result: Check: if_neutral_planet_available -> Success
DEBUG:root:Executing:Action: spread_to_weakest_neutral_planet
DEBUG:root:Result: Action: spread_to_weakest_neutral_planet -> Failure
DEBUG:root:Result: Sequence: Spread Strategy -> Failure
DEBUG:root:Executing:Sequence: Offensive Strategy
DEBUG:root:Executing:Check: have_largest_fleet
DEBUG:root:Result: Check: have_largest_fleet -> Success
DEBUG:root:Executing:Action: attack_weakest_enemy_planet
DEBUG:root:Result: Action: attack_weakest_enemy_planet -> Failure
DEBUG:root:Result: Sequence: Offensive Strategy -> Failure
DEBUG:root:Executing:Action: attack_weakest_enemy_planet
DEBUG:root:Result: Action: attack_weakest_enemy_planet -> Failure
DEBUG:root:Result: Selector: High Level Ordering of Strategies -> Failure
DEBUG:root:Finish turn

DEBUG:root:Executing:Selector: High Level Ordering of Strategies
DEBUG:root:Executing:Sequence: Spread Strategy
DEBUG:root:Executing:Check: if_neutral_planet_available
DEBUG:root:Result: Check: if_neutral_planet_available -> Success
DEBUG:root:Executing:Action: spread_to_weakest_neutral_planet
DEBUG:root:Result: Action: spread_to_weakest_neutral_planet -> Failure
DEBUG:root:Result: Sequence: Spread Strategy -> Failure
DEBUG:root:Executing:Sequence: Offensive Strategy
DEBUG:root:Executing:Check: have_largest_fleet
DEBUG:root:Result: Check: have_largest_fleet -> Success
DEBUG:root:Executing:Action: attack_weakest_enemy_planet
DEBUG:root:Order:12 9 16.0
DEBUG:root:Result: Action: attack_weakest_enemy_planet -> Success
DEBUG:root:Result: Sequence: Offensive Strategy -> Success
DEBUG:root:Result: Selector: High Level Ordering of Strategies -> Success
DEBUG:root:Finish turn

DEBUG:root:Executing:Selector: High Level Ordering of Strategies
DEBUG:root:Executing:Sequence: Spread Strategy
DEBUG:root:Executing:Check: if_neutral_planet_available
DEBUG:root:Result: Check: if_neutral_planet_available -> Success
DEBUG:root:Executing:Action: spread_to_weakest_neutral_planet
DEBUG:root:Result: Action: spread_to_weakest_neutral_planet -> Failure
DEBUG:root:Result: Sequence: Spread Strategy -> Failure
DEBUG:root:Executing:Sequence: Offensive Strategy
DEBUG:root:Executing:Check: have_largest_fleet
DEBUG:root:Result: Check: have_largest_fleet -> Success
DEBUG:root:Executing:Action: attack_weakest_enemy_planet
DEBUG:root:Order:18 19 25.0
DEBUG:root:Result: Action: attack_weakest_enemy_planet -> Success
DEBUG:root:Result: Sequence: Offensive Strategy -> Success
DEBUG:root:Result: Selector: High Level Ordering of Strategies -> Success
DEBUG:root:Finish turn

DEBUG:root:Executing:Selector: High Level Ordering of Strategies
DEBUG:root:Executing:Sequence: Spread Strategy
DEBUG:root:Executing:Check: if_neutral_planet_available
DEBUG:root:Result: Check: if_neutral_planet_available -> Success
DEBUG:root:Executing:Action: spread_to_weakest_neutral_planet
DEBUG:root:Order:11 13 60.0
DEBUG:root:Result: Action: spread_to_weakest_neutral_planet -> Success
DEBUG:root:Result: Sequence: Spread Strategy -> Success
DEBUG:root:Result: Selector: High Level Ordering of Strategies -> Success
DEBUG:root:Finish turn

DEBUG:root:Executing:Selector: High Level Ordering of Strategies
DEBUG:root:Executing:Sequence: Spread Strategy
DEBUG:root:Executing:Check: if_neutral_planet_available
DEBUG:root:Result: Check: if_neutral_planet_available -> Success
DEBUG:root:Executing:Action: spread_to_weakest_neutral_planet
DEBUG:root:Result: Action: spread_to_weakest_neutral_planet -> Failure
DEBUG:root:Result: Sequence: Spread Strategy -> Failure
DEBUG:root:Executing:Sequence: Offensive Strategy
DEBUG:root:Executing:Check: have_largest_fleet
DEBUG:root:Result: Check: have_largest_fleet -> Success
DEBUG:root:Executing:Action: attack_weakest_enemy_planet
DEBUG:root:Result: Action: attack_weakest_enemy_planet -> Failure
DEBUG:root:Result: Sequence: Offensive Strategy -> Failure
DEBUG:root:Executing:Action: attack_weakest_enemy_planet
DEBUG:root:Result: Action: attack_weakest_enemy_planet -> Failure
DEBUG:root:Result: Selector: High Level Ordering of Strategies -> Failure
DEBUG:root:Finish turn

DEBUG:root:Executing:Selector: High Level Ordering of Strategies
DEBUG:root:Executing:Sequence: Spread Strategy
DEBUG:root:Executing:Check: if_neutral_planet_available
DEBUG:root:Result: Check: if_neutral_planet_available -> Success
DEBUG:root:Executing:Action: spread_to_weakest_neutral_planet
DEBUG:root:Result: Action: spread_to_weakest_neutral_planet -> Failure
DEBUG:root:Result: Sequence: Spread Strategy -> Failure
DEBUG:root:Executing:Sequence: Offensive Strategy
DEBUG:root:Executing:Check: have_largest_fleet
DEBUG:root:Result: Check: have_largest_fleet -> Success
DEBUG:root:Executing:Action: attack_weakest_enemy_planet
DEBUG:root:Result: Action: attack_weakest_enemy_planet -> Failure
DEBUG:root:Result: Sequence: Offensive Strategy -> Failure
DEBUG:root:Executing:Action: attack_weakest_enemy_planet
DEBUG:root:Result: Action: attack_weakest_enemy_planet -> Failure
DEBUG:root:Result: Selector: High Level Ordering of Strategies -> Failure
DEBUG:root:Finish turn

DEBUG:root:Executing:Selector: High Level Ordering of Strategies
DEBUG:root:Executing:Sequence: Spread Strategy
DEBUG:root:Executing:Check: if_neutral_planet_available
DEBUG:root:Result: Check: if_neutral_planet_available -> Success
DEBUG:root:Executing:Action: spread_to_weakest_neutral_planet
DEBUG:root:Result: Action: spread_to_weakest_neutral_planet -> Failure
DEBUG:root:Result: Sequence: Spread Strategy -> Failure
DEBUG:root:Executing:Sequence: Offensive Strategy
DEBUG:root:Executing:Check: have_largest_fleet
DEBUG:root:Result: Check: have_largest_fleet -> Success
DEBUG:root:Executing:Action: attack_weakest_enemy_planet
DEBUG:root:Order:1 18 41.0
DEBUG:root:Result: Action: attack_weakest_enemy_planet -> Success
DEBUG:root:Result: Sequence: Offensive Strategy -> Success
DEBUG:root:Result: Selector: High Level Ordering of Strategies -> Success
DEBUG:root:Finish turn

DEBUG:root:Executing:Selector: High Level Ordering of Strategies
DEBUG:root:Executing:Sequence: Spread Strategy
DEBUG:root:Executing:Check: if_neutral_planet_available
DEBUG:root:Result: Check: if_neutral_planet_available -> Success
DEBUG:root:Executing:Action: spread_to_weakest_neutral_planet
DEBUG:root:Order:12 14 60.0
DEBUG:root:Result: Action: spread_to_weakest_neutral_planet -> Success
DEBUG:root:Result: Sequence: Spread Strategy -> Success
DEBUG:root:Result: Selector: High Level Ordering of Strategies -> Success
DEBUG:root:Finish turn

DEBUG:root:Executing:Selector: High Level Ordering of Strategies
DEBUG:root:Executing:Sequence: Spread Strategy
DEBUG:root:Executing:Check: if_neutral_planet_available
DEBUG:root:Result: Check: if_neutral_planet_available -> Success
DEBUG:root:Executing:Action: spread_to_weakest_neutral_planet
DEBUG:root:Result: Action: spread_to_weakest_neutral_planet -> Failure
DEBUG:root:Result: Sequence: Spread Strategy -> Failure
DEBUG:root:Executing:Sequence: Offensive Strategy
DEBUG:root:Executing:Check: have_largest_fleet
DEBUG:root:Result: Check: have_largest_fleet -> Success
DEBUG:root:Executing:Action: attack_weakest_enemy_planet
DEBUG:root:Order:11 0 17.0
DEBUG:root:Result: Action: attack_weakest_enemy_planet -> Success
DEBUG:root:Result: Sequence: Offensive Strategy -> Success
DEBUG:root:Result: Selector: High Level Ordering of Strategies -> Success
DEBUG:root:Finish turn

DEBUG:root:Executing:Selector: High Level Ordering of Strategies
DEBUG:root:Executing:Sequence: Spread Strategy
DEBUG:root:Executing:Check: if_neutral_planet_available
DEBUG:root:Result: Check: if_neutral_planet_available -> Success
DEBUG:root:Executing:Action: spread_to_weakest_neutral_planet
DEBUG:root:Result: Action: spread_to_weakest_neutral_planet -> Failure
DEBUG:root:Result: Sequence: Spread Strategy -> Failure
DEBUG:root:Executing:Sequence: Offensive Strategy
DEBUG:root:Executing:Check: have_largest_fleet
DEBUG:root:Result: Check: have_largest_fleet -> Success
DEBUG:root:Executing:Action: attack_weakest_enemy_planet
DEBUG:root:Result: Action: attack_weakest_enemy_planet -> Failure
DEBUG:root:Result: Sequence: Offensive Strategy -> Failure
DEBUG:root:Executing:Action: attack_weakest_enemy_planet
DEBUG:root:Result: Action: attack_weakest_enemy_planet -> Failure
DEBUG:root:Result: Selector: High Level Ordering of Strategies -> Failure
DEBUG:root:Finish turn

DEBUG:root:Executing:Selector: High Level Ordering of Strategies
DEBUG:root:Executing:Sequence: Spread Strategy
DEBUG:root:Executing:Check: if_neutral_planet_available
DEBUG:root:Result: Check: if_neutral_planet_available -> Success
DEBUG:root:Executing:Action: spread_to_weakest_neutral_planet
DEBUG:root:Result: Action: spread_to_weakest_neutral_planet -> Failure
DEBUG:root:Result: Sequence: Spread Strategy -> Failure
DEBUG:root:Executing:Sequence: Offensive Strategy
DEBUG:root:Executing:Check: have_largest_fleet
DEBUG:root:Result: Check: have_largest_fleet -> Success
DEBUG:root:Executing:Action: attack_weakest_enemy_planet
DEBUG:root:Result: Action: attack_weakest_enemy_planet -> Failure
DEBUG:root:Result: Sequence: Offensive Strategy -> Failure
DEBUG:root:Executing:Action: attack_weakest_enemy_planet
DEBUG:root:Result: Action: attack_weakest_enemy_planet -> Failure
DEBUG:root:Result: Selector: High Level Ordering of Strategies -> Failure
DEBUG:root:Finish turn

DEBUG:root:Executing:Selector: High Level Ordering of Strategies
DEBUG:root:Executing:Sequence: Spread Strategy
DEBUG:root:Executing:Check: if_neutral_planet_available
DEBUG:root:Result: Check: if_neutral_planet_available -> Success
DEBUG:root:Executing:Action: spread_to_weakest_neutral_planet
DEBUG:root:Result: Action: spread_to_weakest_neutral_planet -> Failure
DEBUG:root:Result: Sequence: Spread Strategy -> Failure
DEBUG:root:Executing:Sequence: Offensive Strategy
DEBUG:root:Executing:Check: have_largest_fleet
DEBUG:root:Result: Check: have_largest_fleet -> Success
DEBUG:root:Executing:Action: attack_weakest_enemy_planet
DEBUG:root:Order:12 17 20.0
DEBUG:root:Result: Action: attack_weakest_enemy_planet -> Success
DEBUG:root:Result: Sequence: Offensive Strategy -> Success
DEBUG:root:Result: Selector: High Level Ordering of Strategies -> Success
DEBUG:root:Finish turn

DEBUG:root:Executing:Selector: High Level Ordering of Strategies
DEBUG:root:Executing:Sequence: Spread Strategy
DEBUG:root:Executing:Check: if_neutral_planet_available
DEBUG:root:Result: Check: if_neutral_planet_available -> Success
DEBUG:root:Executing:Action: spread_to_weakest_neutral_planet
DEBUG:root:Result: Action: spread_to_weakest_neutral_planet -> Failure
DEBUG:root:Result: Sequence: Spread Strategy -> Failure
DEBUG:root:Executing:Sequence: Offensive Strategy
DEBUG:root:Executing:Check: have_largest_fleet
DEBUG:root:Result: Check: have_largest_fleet -> Success
DEBUG:root:Executing:Action: attack_weakest_enemy_planet
DEBUG:root:Result: Action: attack_weakest_enemy_planet -> Failure
DEBUG:root:Result: Sequence: Offensive Strategy -> Failure
DEBUG:root:Executing:Action: attack_weakest_enemy_planet
DEBUG:root:Result: Action: attack_weakest_enemy_planet -> Failure
DEBUG:root:Result: Selector: High Level Ordering of Strategies -> Failure
DEBUG:root:Finish turn

DEBUG:root:Executing:Selector: High Level Ordering of Strategies
DEBUG:root:Executing:Sequence: Spread Strategy
DEBUG:root:Executing:Check: if_neutral_planet_available
DEBUG:root:Result: Check: if_neutral_planet_available -> Success
DEBUG:root:Executing:Action: spread_to_weakest_neutral_planet
DEBUG:root:Result: Action: spread_to_weakest_neutral_planet -> Failure
DEBUG:root:Result: Sequence: Spread Strategy -> Failure
DEBUG:root:Executing:Sequence: Offensive Strategy
DEBUG:root:Executing:Check: have_largest_fleet
DEBUG:root:Result: Check: have_largest_fleet -> Success
DEBUG:root:Executing:Action: attack_weakest_enemy_planet
DEBUG:root:Result: Action: attack_weakest_enemy_planet -> Failure
DEBUG:root:Result: Sequence: Offensive Strategy -> Failure
DEBUG:root:Executing:Action: attack_weakest_enemy_planet
DEBUG:root:Result: Action: attack_weakest_enemy_planet -> Failure
DEBUG:root:Result: Selector: High Level Ordering of Strategies -> Failure
DEBUG:root:Finish turn

DEBUG:root:Executing:Selector: High Level Ordering of Strategies
DEBUG:root:Executing:Sequence: Spread Strategy
DEBUG:root:Executing:Check: if_neutral_planet_available
DEBUG:root:Result: Check: if_neutral_planet_available -> Success
DEBUG:root:Executing:Action: spread_to_weakest_neutral_planet
DEBUG:root:Result: Action: spread_to_weakest_neutral_planet -> Failure
DEBUG:root:Result: Sequence: Spread Strategy -> Failure
DEBUG:root:Executing:Sequence: Offensive Strategy
DEBUG:root:Executing:Check: have_largest_fleet
DEBUG:root:Result: Check: have_largest_fleet -> Success
DEBUG:root:Executing:Action: attack_weakest_enemy_planet
DEBUG:root:Result: Action: attack_weakest_enemy_planet -> Failure
DEBUG:root:Result: Sequence: Offensive Strategy -> Failure
DEBUG:root:Executing:Action: attack_weakest_enemy_planet
DEBUG:root:Result: Action: attack_weakest_enemy_planet -> Failure
DEBUG:root:Result: Selector: High Level Ordering of Strategies -> Failure
DEBUG:root:Finish turn

DEBUG:root:Executing:Selector: High Level Ordering of Strategies
DEBUG:root:Executing:Sequence: Spread Strategy
DEBUG:root:Executing:Check: if_neutral_planet_available
DEBUG:root:Result: Check: if_neutral_planet_available -> Success
DEBUG:root:Executing:Action: spread_to_weakest_neutral_planet
DEBUG:root:Result: Action: spread_to_weakest_neutral_planet -> Failure
DEBUG:root:Result: Sequence: Spread Strategy -> Failure
DEBUG:root:Executing:Sequence: Offensive Strategy
DEBUG:root:Executing:Check: have_largest_fleet
DEBUG:root:Result: Check: have_largest_fleet -> Success
DEBUG:root:Executing:Action: attack_weakest_enemy_planet
DEBUG:root:Result: Action: attack_weakest_enemy_planet -> Failure
DEBUG:root:Result: Sequence: Offensive Strategy -> Failure
DEBUG:root:Executing:Action: attack_weakest_enemy_planet
DEBUG:root:Result: Action: attack_weakest_enemy_planet -> Failure
DEBUG:root:Result: Selector: High Level Ordering of Strategies -> Failure
DEBUG:root:Finish turn

DEBUG:root:Executing:Selector: High Level Ordering of Strategies
DEBUG:root:Executing:Sequence: Spread Strategy
DEBUG:root:Executing:Check: if_neutral_planet_available
DEBUG:root:Result: Check: if_neutral_planet_available -> Success
DEBUG:root:Executing:Action: spread_to_weakest_neutral_planet
DEBUG:root:Result: Action: spread_to_weakest_neutral_planet -> Failure
DEBUG:root:Result: Sequence: Spread Strategy -> Failure
DEBUG:root:Executing:Sequence: Offensive Strategy
DEBUG:root:Executing:Check: have_largest_fleet
DEBUG:root:Result: Check: have_largest_fleet -> Success
DEBUG:root:Executing:Action: attack_weakest_enemy_planet
DEBUG:root:Order:11 5 13.0
DEBUG:root:Result: Action: attack_weakest_enemy_planet -> Success
DEBUG:root:Result: Sequence: Offensive Strategy -> Success
DEBUG:root:Result: Selector: High Level Ordering of Strategies -> Success
DEBUG:root:Finish turn

DEBUG:root:Executing:Selector: High Level Ordering of Strategies
DEBUG:root:Executing:Sequence: Spread Strategy
DEBUG:root:Executing:Check: if_neutral_planet_available
DEBUG:root:Result: Check: if_neutral_planet_available -> Success
DEBUG:root:Executing:Action: spread_to_weakest_neutral_planet
DEBUG:root:Result: Action: spread_to_weakest_neutral_planet -> Failure
DEBUG:root:Result: Sequence: Spread Strategy -> Failure
DEBUG:root:Executing:Sequence: Offensive Strategy
DEBUG:root:Executing:Check: have_largest_fleet
DEBUG:root:Result: Check: have_largest_fleet -> Success
DEBUG:root:Executing:Action: attack_weakest_enemy_planet
DEBUG:root:Result: Action: attack_weakest_enemy_planet -> Failure
DEBUG:root:Result: Sequence: Offensive Strategy -> Failure
DEBUG:root:Executing:Action: attack_weakest_enemy_planet
DEBUG:root:Result: Action: attack_weakest_enemy_planet -> Failure
DEBUG:root:Result: Selector: High Level Ordering of Strategies -> Failure
DEBUG:root:Finish turn

DEBUG:root:Executing:Selector: High Level Ordering of Strategies
DEBUG:root:Executing:Sequence: Spread Strategy
DEBUG:root:Executing:Check: if_neutral_planet_available
DEBUG:root:Result: Check: if_neutral_planet_available -> Success
DEBUG:root:Executing:Action: spread_to_weakest_neutral_planet
DEBUG:root:Order:1 15 60.0
DEBUG:root:Result: Action: spread_to_weakest_neutral_planet -> Success
DEBUG:root:Result: Sequence: Spread Strategy -> Success
DEBUG:root:Result: Selector: High Level Ordering of Strategies -> Success
DEBUG:root:Finish turn

DEBUG:root:Executing:Selector: High Level Ordering of Strategies
DEBUG:root:Executing:Sequence: Spread Strategy
DEBUG:root:Executing:Check: if_neutral_planet_available
DEBUG:root:Result: Check: if_neutral_planet_available -> Success
DEBUG:root:Executing:Action: spread_to_weakest_neutral_planet
DEBUG:root:Result: Action: spread_to_weakest_neutral_planet -> Failure
DEBUG:root:Result: Sequence: Spread Strategy -> Failure
DEBUG:root:Executing:Sequence: Offensive Strategy
DEBUG:root:Executing:Check: have_largest_fleet
DEBUG:root:Result: Check: have_largest_fleet -> Success
DEBUG:root:Executing:Action: attack_weakest_enemy_planet
DEBUG:root:Result: Action: attack_weakest_enemy_planet -> Failure
DEBUG:root:Result: Sequence: Offensive Strategy -> Failure
DEBUG:root:Executing:Action: attack_weakest_enemy_planet
DEBUG:root:Result: Action: attack_weakest_enemy_planet -> Failure
DEBUG:root:Result: Selector: High Level Ordering of Strategies -> Failure
DEBUG:root:Finish turn

DEBUG:root:Executing:Selector: High Level Ordering of Strategies
DEBUG:root:Executing:Sequence: Spread Strategy
DEBUG:root:Executing:Check: if_neutral_planet_available
DEBUG:root:Result: Check: if_neutral_planet_available -> Success
DEBUG:root:Executing:Action: spread_to_weakest_neutral_planet
DEBUG:root:Result: Action: spread_to_weakest_neutral_planet -> Failure
DEBUG:root:Result: Sequence: Spread Strategy -> Failure
DEBUG:root:Executing:Sequence: Offensive Strategy
DEBUG:root:Executing:Check: have_largest_fleet
DEBUG:root:Result: Check: have_largest_fleet -> Success
DEBUG:root:Executing:Action: attack_weakest_enemy_planet
DEBUG:root:Order:18 21 29.0
DEBUG:root:Result: Action: attack_weakest_enemy_planet -> Success
DEBUG:root:Result: Sequence: Offensive Strategy -> Success
DEBUG:root:Result: Selector: High Level Ordering of Strategies -> Success
DEBUG:root:Finish turn

DEBUG:root:Executing:Selector: High Level Ordering of Strategies
DEBUG:root:Executing:Sequence: Spread Strategy
DEBUG:root:Executing:Check: if_neutral_planet_available
DEBUG:root:Result: Check: if_neutral_planet_available -> Success
DEBUG:root:Executing:Action: spread_to_weakest_neutral_planet
DEBUG:root:Order:11 16 60.0
DEBUG:root:Result: Action: spread_to_weakest_neutral_planet -> Success
DEBUG:root:Result: Sequence: Spread Strategy -> Success
DEBUG:root:Result: Selector: High Level Ordering of Strategies -> Success
DEBUG:root:Finish turn

DEBUG:root:Executing:Selector: High Level Ordering of Strategies
DEBUG:root:Executing:Sequence: Spread Strategy
DEBUG:root:Executing:Check: if_neutral_planet_available
DEBUG:root:Result: Check: if_neutral_planet_available -> Success
DEBUG:root:Executing:Action: spread_to_weakest_neutral_planet
DEBUG:root:Result: Action: spread_to_weakest_neutral_planet -> Failure
DEBUG:root:Result: Sequence: Spread Strategy -> Failure
DEBUG:root:Executing:Sequence: Offensive Strategy
DEBUG:root:Executing:Check: have_largest_fleet
DEBUG:root:Result: Check: have_largest_fleet -> Success
DEBUG:root:Executing:Action: attack_weakest_enemy_planet
DEBUG:root:Order:20 9 7.0
DEBUG:root:Result: Action: attack_weakest_enemy_planet -> Success
DEBUG:root:Result: Sequence: Offensive Strategy -> Success
DEBUG:root:Result: Selector: High Level Ordering of Strategies -> Success
DEBUG:root:Finish turn

DEBUG:root:Executing:Selector: High Level Ordering of Strategies
DEBUG:root:Executing:Sequence: Spread Strategy
DEBUG:root:Executing:Check: if_neutral_planet_available
DEBUG:root:Result: Check: if_neutral_planet_available -> Success
DEBUG:root:Executing:Action: spread_to_weakest_neutral_planet
DEBUG:root:Result: Action: spread_to_weakest_neutral_planet -> Failure
DEBUG:root:Result: Sequence: Spread Strategy -> Failure
DEBUG:root:Executing:Sequence: Offensive Strategy
DEBUG:root:Executing:Check: have_largest_fleet
DEBUG:root:Result: Check: have_largest_fleet -> Success
DEBUG:root:Executing:Action: attack_weakest_enemy_planet
DEBUG:root:Order:1 6 15.0
DEBUG:root:Result: Action: attack_weakest_enemy_planet -> Success
DEBUG:root:Result: Sequence: Offensive Strategy -> Success
DEBUG:root:Result: Selector: High Level Ordering of Strategies -> Success
DEBUG:root:Finish turn

DEBUG:root:Executing:Selector: High Level Ordering of Strategies
DEBUG:root:Executing:Sequence: Spread Strategy
DEBUG:root:Executing:Check: if_neutral_planet_available
DEBUG:root:Result: Check: if_neutral_planet_available -> Success
DEBUG:root:Executing:Action: spread_to_weakest_neutral_planet
DEBUG:root:Result: Action: spread_to_weakest_neutral_planet -> Failure
DEBUG:root:Result: Sequence: Spread Strategy -> Failure
DEBUG:root:Executing:Sequence: Offensive Strategy
DEBUG:root:Executing:Check: have_largest_fleet
DEBUG:root:Result: Check: have_largest_fleet -> Success
DEBUG:root:Executing:Action: attack_weakest_enemy_planet
DEBUG:root:Order:0 13 28.0
DEBUG:root:Result: Action: attack_weakest_enemy_planet -> Success
DEBUG:root:Result: Sequence: Offensive Strategy -> Success
DEBUG:root:Result: Selector: High Level Ordering of Strategies -> Success
DEBUG:root:Finish turn

DEBUG:root:Executing:Selector: High Level Ordering of Strategies
DEBUG:root:Executing:Sequence: Spread Strategy
DEBUG:root:Executing:Check: if_neutral_planet_available
DEBUG:root:Result: Check: if_neutral_planet_available -> Success
DEBUG:root:Executing:Action: spread_to_weakest_neutral_planet
DEBUG:root:Result: Action: spread_to_weakest_neutral_planet -> Failure
DEBUG:root:Result: Sequence: Spread Strategy -> Failure
DEBUG:root:Executing:Sequence: Offensive Strategy
DEBUG:root:Executing:Check: have_largest_fleet
DEBUG:root:Result: Check: have_largest_fleet -> Success
DEBUG:root:Executing:Action: attack_weakest_enemy_planet
DEBUG:root:Order:22 17 12.0
DEBUG:root:Result: Action: attack_weakest_enemy_planet -> Success
DEBUG:root:Result: Sequence: Offensive Strategy -> Success
DEBUG:root:Result: Selector: High Level Ordering of Strategies -> Success
DEBUG:root:Finish turn

DEBUG:root:Executing:Selector: High Level Ordering of Strategies
DEBUG:root:Executing:Sequence: Spread Strategy
DEBUG:root:Executing:Check: if_neutral_planet_available
DEBUG:root:Result: Check: if_neutral_planet_available -> Success
DEBUG:root:Executing:Action: spread_to_weakest_neutral_planet
DEBUG:root:Result: Action: spread_to_weakest_neutral_planet -> Failure
DEBUG:root:Result: Sequence: Spread Strategy -> Failure
DEBUG:root:Executing:Sequence: Offensive Strategy
DEBUG:root:Executing:Check: have_largest_fleet
DEBUG:root:Result: Check: have_largest_fleet -> Success
DEBUG:root:Executing:Action: attack_weakest_enemy_planet
DEBUG:root:Result: Action: attack_weakest_enemy_planet -> Failure
DEBUG:root:Result: Sequence: Offensive Strategy -> Failure
DEBUG:root:Executing:Action: attack_weakest_enemy_planet
DEBUG:root:Result: Action: attack_weakest_enemy_planet -> Failure
DEBUG:root:Result: Selector: High Level Ordering of Strategies -> Failure
DEBUG:root:Finish turn

DEBUG:root:Executing:Selector: High Level Ordering of Strategies
DEBUG:root:Executing:Sequence: Spread Strategy
DEBUG:root:Executing:Check: if_neutral_planet_available
DEBUG:root:Result: Check: if_neutral_planet_available -> Success
DEBUG:root:Executing:Action: spread_to_weakest_neutral_planet
DEBUG:root:Result: Action: spread_to_weakest_neutral_planet -> Failure
DEBUG:root:Result: Sequence: Spread Strategy -> Failure
DEBUG:root:Executing:Sequence: Offensive Strategy
DEBUG:root:Executing:Check: have_largest_fleet
DEBUG:root:Result: Check: have_largest_fleet -> Success
DEBUG:root:Executing:Action: attack_weakest_enemy_planet
DEBUG:root:Order:12 2 75.0
DEBUG:root:Result: Action: attack_weakest_enemy_planet -> Success
DEBUG:root:Result: Sequence: Offensive Strategy -> Success
DEBUG:root:Result: Selector: High Level Ordering of Strategies -> Success
DEBUG:root:Finish turn

DEBUG:root:Executing:Selector: High Level Ordering of Strategies
DEBUG:root:Executing:Sequence: Spread Strategy
DEBUG:root:Executing:Check: if_neutral_planet_available
DEBUG:root:Result: Check: if_neutral_planet_available -> Success
DEBUG:root:Executing:Action: spread_to_weakest_neutral_planet
DEBUG:root:Result: Action: spread_to_weakest_neutral_planet -> Failure
DEBUG:root:Result: Sequence: Spread Strategy -> Failure
DEBUG:root:Executing:Sequence: Offensive Strategy
DEBUG:root:Executing:Check: have_largest_fleet
DEBUG:root:Result: Check: have_largest_fleet -> Success
DEBUG:root:Executing:Action: attack_weakest_enemy_planet
DEBUG:root:Order:22 20 16.0
DEBUG:root:Result: Action: attack_weakest_enemy_planet -> Success
DEBUG:root:Result: Sequence: Offensive Strategy -> Success
DEBUG:root:Result: Selector: High Level Ordering of Strategies -> Success
DEBUG:root:Finish turn

DEBUG:root:Executing:Selector: High Level Ordering of Strategies
DEBUG:root:Executing:Sequence: Spread Strategy
DEBUG:root:Executing:Check: if_neutral_planet_available
DEBUG:root:Result: Check: if_neutral_planet_available -> Success
DEBUG:root:Executing:Action: spread_to_weakest_neutral_planet
DEBUG:root:Result: Action: spread_to_weakest_neutral_planet -> Failure
DEBUG:root:Result: Sequence: Spread Strategy -> Failure
DEBUG:root:Executing:Sequence: Offensive Strategy
DEBUG:root:Executing:Check: have_largest_fleet
DEBUG:root:Result: Check: have_largest_fleet -> Success
DEBUG:root:Executing:Action: attack_weakest_enemy_planet
DEBUG:root:Result: Action: attack_weakest_enemy_planet -> Failure
DEBUG:root:Result: Sequence: Offensive Strategy -> Failure
DEBUG:root:Executing:Action: attack_weakest_enemy_planet
DEBUG:root:Result: Action: attack_weakest_enemy_planet -> Failure
DEBUG:root:Result: Selector: High Level Ordering of Strategies -> Failure
DEBUG:root:Finish turn

DEBUG:root:Executing:Selector: High Level Ordering of Strategies
DEBUG:root:Executing:Sequence: Spread Strategy
DEBUG:root:Executing:Check: if_neutral_planet_available
DEBUG:root:Result: Check: if_neutral_planet_available -> Success
DEBUG:root:Executing:Action: spread_to_weakest_neutral_planet
DEBUG:root:Result: Action: spread_to_weakest_neutral_planet -> Failure
DEBUG:root:Result: Sequence: Spread Strategy -> Failure
DEBUG:root:Executing:Sequence: Offensive Strategy
DEBUG:root:Executing:Check: have_largest_fleet
DEBUG:root:Result: Check: have_largest_fleet -> Success
DEBUG:root:Executing:Action: attack_weakest_enemy_planet
DEBUG:root:Result: Action: attack_weakest_enemy_planet -> Failure
DEBUG:root:Result: Sequence: Offensive Strategy -> Failure
DEBUG:root:Executing:Action: attack_weakest_enemy_planet
DEBUG:root:Result: Action: attack_weakest_enemy_planet -> Failure
DEBUG:root:Result: Selector: High Level Ordering of Strategies -> Failure
DEBUG:root:Finish turn

DEBUG:root:Executing:Selector: High Level Ordering of Strategies
DEBUG:root:Executing:Sequence: Spread Strategy
DEBUG:root:Executing:Check: if_neutral_planet_available
DEBUG:root:Result: Check: if_neutral_planet_available -> Success
DEBUG:root:Executing:Action: spread_to_weakest_neutral_planet
DEBUG:root:Result: Action: spread_to_weakest_neutral_planet -> Failure
DEBUG:root:Result: Sequence: Spread Strategy -> Failure
DEBUG:root:Executing:Sequence: Offensive Strategy
DEBUG:root:Executing:Check: have_largest_fleet
DEBUG:root:Result: Check: have_largest_fleet -> Success
DEBUG:root:Executing:Action: attack_weakest_enemy_planet
DEBUG:root:Result: Action: attack_weakest_enemy_planet -> Failure
DEBUG:root:Result: Sequence: Offensive Strategy -> Failure
DEBUG:root:Executing:Action: attack_weakest_enemy_planet
DEBUG:root:Result: Action: attack_weakest_enemy_planet -> Failure
DEBUG:root:Result: Selector: High Level Ordering of Strategies -> Failure
DEBUG:root:Finish turn

DEBUG:root:Executing:Selector: High Level Ordering of Strategies
DEBUG:root:Executing:Sequence: Spread Strategy
DEBUG:root:Executing:Check: if_neutral_planet_available
DEBUG:root:Result: Check: if_neutral_planet_available -> Success
DEBUG:root:Executing:Action: spread_to_weakest_neutral_planet
DEBUG:root:Result: Action: spread_to_weakest_neutral_planet -> Failure
DEBUG:root:Result: Sequence: Spread Strategy -> Failure
DEBUG:root:Executing:Sequence: Offensive Strategy
DEBUG:root:Executing:Check: have_largest_fleet
DEBUG:root:Result: Check: have_largest_fleet -> Success
DEBUG:root:Executing:Action: attack_weakest_enemy_planet
DEBUG:root:Order:22 9 11.0
DEBUG:root:Result: Action: attack_weakest_enemy_planet -> Success
DEBUG:root:Result: Sequence: Offensive Strategy -> Success
DEBUG:root:Result: Selector: High Level Ordering of Strategies -> Success
DEBUG:root:Finish turn

DEBUG:root:Executing:Selector: High Level Ordering of Strategies
DEBUG:root:Executing:Sequence: Spread Strategy
DEBUG:root:Executing:Check: if_neutral_planet_available
DEBUG:root:Result: Check: if_neutral_planet_available -> Success
DEBUG:root:Executing:Action: spread_to_weakest_neutral_planet
DEBUG:root:Result: Action: spread_to_weakest_neutral_planet -> Failure
DEBUG:root:Result: Sequence: Spread Strategy -> Failure
DEBUG:root:Executing:Sequence: Offensive Strategy
DEBUG:root:Executing:Check: have_largest_fleet
DEBUG:root:Result: Check: have_largest_fleet -> Success
DEBUG:root:Executing:Action: attack_weakest_enemy_planet
DEBUG:root:Result: Action: attack_weakest_enemy_planet -> Failure
DEBUG:root:Result: Sequence: Offensive Strategy -> Failure
DEBUG:root:Executing:Action: attack_weakest_enemy_planet
DEBUG:root:Result: Action: attack_weakest_enemy_planet -> Failure
DEBUG:root:Result: Selector: High Level Ordering of Strategies -> Failure
DEBUG:root:Finish turn

DEBUG:root:Executing:Selector: High Level Ordering of Strategies
DEBUG:root:Executing:Sequence: Spread Strategy
DEBUG:root:Executing:Check: if_neutral_planet_available
DEBUG:root:Result: Check: if_neutral_planet_available -> Success
DEBUG:root:Executing:Action: spread_to_weakest_neutral_planet
DEBUG:root:Result: Action: spread_to_weakest_neutral_planet -> Failure
DEBUG:root:Result: Sequence: Spread Strategy -> Failure
DEBUG:root:Executing:Sequence: Offensive Strategy
DEBUG:root:Executing:Check: have_largest_fleet
DEBUG:root:Result: Check: have_largest_fleet -> Success
DEBUG:root:Executing:Action: attack_weakest_enemy_planet
DEBUG:root:Order:18 19 9.0
DEBUG:root:Result: Action: attack_weakest_enemy_planet -> Success
DEBUG:root:Result: Sequence: Offensive Strategy -> Success
DEBUG:root:Result: Selector: High Level Ordering of Strategies -> Success
DEBUG:root:Finish turn

DEBUG:root:Executing:Selector: High Level Ordering of Strategies
DEBUG:root:Executing:Sequence: Spread Strategy
DEBUG:root:Executing:Check: if_neutral_planet_available
DEBUG:root:Result: Check: if_neutral_planet_available -> Success
DEBUG:root:Executing:Action: spread_to_weakest_neutral_planet
DEBUG:root:Result: Action: spread_to_weakest_neutral_planet -> Failure
DEBUG:root:Result: Sequence: Spread Strategy -> Failure
DEBUG:root:Executing:Sequence: Offensive Strategy
DEBUG:root:Executing:Check: have_largest_fleet
DEBUG:root:Result: Check: have_largest_fleet -> Success
DEBUG:root:Executing:Action: attack_weakest_enemy_planet
DEBUG:root:Result: Action: attack_weakest_enemy_planet -> Failure
DEBUG:root:Result: Sequence: Offensive Strategy -> Failure
DEBUG:root:Executing:Action: attack_weakest_enemy_planet
DEBUG:root:Result: Action: attack_weakest_enemy_planet -> Failure
DEBUG:root:Result: Selector: High Level Ordering of Strategies -> Failure
DEBUG:root:Finish turn

DEBUG:root:Executing:Selector: High Level Ordering of Strategies
DEBUG:root:Executing:Sequence: Spread Strategy
DEBUG:root:Executing:Check: if_neutral_planet_available
DEBUG:root:Result: Check: if_neutral_planet_available -> Success
DEBUG:root:Executing:Action: spread_to_weakest_neutral_planet
DEBUG:root:Result: Action: spread_to_weakest_neutral_planet -> Failure
DEBUG:root:Result: Sequence: Spread Strategy -> Failure
DEBUG:root:Executing:Sequence: Offensive Strategy
DEBUG:root:Executing:Check: have_largest_fleet
DEBUG:root:Result: Check: have_largest_fleet -> Success
DEBUG:root:Executing:Action: attack_weakest_enemy_planet
DEBUG:root:Result: Action: attack_weakest_enemy_planet -> Failure
DEBUG:root:Result: Sequence: Offensive Strategy -> Failure
DEBUG:root:Executing:Action: attack_weakest_enemy_planet
DEBUG:root:Result: Action: attack_weakest_enemy_planet -> Failure
DEBUG:root:Result: Selector: High Level Ordering of Strategies -> Failure
DEBUG:root:Finish turn

DEBUG:root:Executing:Selector: High Level Ordering of Strategies
DEBUG:root:Executing:Sequence: Spread Strategy
DEBUG:root:Executing:Check: if_neutral_planet_available
DEBUG:root:Result: Check: if_neutral_planet_available -> Success
DEBUG:root:Executing:Action: spread_to_weakest_neutral_planet
DEBUG:root:Order:1 3 82.0
DEBUG:root:Result: Action: spread_to_weakest_neutral_planet -> Success
DEBUG:root:Result: Sequence: Spread Strategy -> Success
DEBUG:root:Result: Selector: High Level Ordering of Strategies -> Success
DEBUG:root:Finish turn

DEBUG:root:Executing:Selector: High Level Ordering of Strategies
DEBUG:root:Executing:Sequence: Spread Strategy
DEBUG:root:Executing:Check: if_neutral_planet_available
DEBUG:root:Result: Check: if_neutral_planet_available -> Success
DEBUG:root:Executing:Action: spread_to_weakest_neutral_planet
DEBUG:root:Order:11 4 82.0
DEBUG:root:Result: Action: spread_to_weakest_neutral_planet -> Success
DEBUG:root:Result: Sequence: Spread Strategy -> Success
DEBUG:root:Result: Selector: High Level Ordering of Strategies -> Success
DEBUG:root:Finish turn

DEBUG:root:Executing:Selector: High Level Ordering of Strategies
DEBUG:root:Executing:Sequence: Spread Strategy
DEBUG:root:Executing:Check: if_neutral_planet_available
DEBUG:root:Result: Check: if_neutral_planet_available -> Success
DEBUG:root:Executing:Action: spread_to_weakest_neutral_planet
DEBUG:root:Result: Action: spread_to_weakest_neutral_planet -> Failure
DEBUG:root:Result: Sequence: Spread Strategy -> Failure
DEBUG:root:Executing:Sequence: Offensive Strategy
DEBUG:root:Executing:Check: have_largest_fleet
DEBUG:root:Result: Check: have_largest_fleet -> Success
DEBUG:root:Executing:Action: attack_weakest_enemy_planet
DEBUG:root:Order:22 14 10.0
DEBUG:root:Result: Action: attack_weakest_enemy_planet -> Success
DEBUG:root:Result: Sequence: Offensive Strategy -> Success
DEBUG:root:Result: Selector: High Level Ordering of Strategies -> Success
DEBUG:root:Finish turn

DEBUG:root:Executing:Selector: High Level Ordering of Strategies
DEBUG:root:Executing:Sequence: Spread Strategy
DEBUG:root:Executing:Check: if_neutral_planet_available
DEBUG:root:Result: Check: if_neutral_planet_available -> Success
DEBUG:root:Executing:Action: spread_to_weakest_neutral_planet
DEBUG:root:Result: Action: spread_to_weakest_neutral_planet -> Failure
DEBUG:root:Result: Sequence: Spread Strategy -> Failure
DEBUG:root:Executing:Sequence: Offensive Strategy
DEBUG:root:Executing:Check: have_largest_fleet
DEBUG:root:Result: Check: have_largest_fleet -> Success
DEBUG:root:Executing:Action: attack_weakest_enemy_planet
DEBUG:root:Order:16 5 9.0
DEBUG:root:Result: Action: attack_weakest_enemy_planet -> Success
DEBUG:root:Result: Sequence: Offensive Strategy -> Success
DEBUG:root:Result: Selector: High Level Ordering of Strategies -> Success
DEBUG:root:Finish turn

DEBUG:root:Executing:Selector: High Level Ordering of Strategies
DEBUG:root:Executing:Sequence: Spread Strategy
DEBUG:root:Executing:Check: if_neutral_planet_available
DEBUG:root:Result: Check: if_neutral_planet_available -> Success
DEBUG:root:Executing:Action: spread_to_weakest_neutral_planet
DEBUG:root:Result: Action: spread_to_weakest_neutral_planet -> Failure
DEBUG:root:Result: Sequence: Spread Strategy -> Failure
DEBUG:root:Executing:Sequence: Offensive Strategy
DEBUG:root:Executing:Check: have_largest_fleet
DEBUG:root:Result: Check: have_largest_fleet -> Success
DEBUG:root:Executing:Action: attack_weakest_enemy_planet
DEBUG:root:Order:22 17 14.0
DEBUG:root:Result: Action: attack_weakest_enemy_planet -> Success
DEBUG:root:Result: Sequence: Offensive Strategy -> Success
DEBUG:root:Result: Selector: High Level Ordering of Strategies -> Success
DEBUG:root:Finish turn

DEBUG:root:Executing:Selector: High Level Ordering of Strategies
DEBUG:root:Executing:Sequence: Spread Strategy
DEBUG:root:Executing:Check: if_neutral_planet_available
DEBUG:root:Result: Check: if_neutral_planet_available -> Success
DEBUG:root:Executing:Action: spread_to_weakest_neutral_planet
DEBUG:root:Result: Action: spread_to_weakest_neutral_planet -> Failure
DEBUG:root:Result: Sequence: Spread Strategy -> Failure
DEBUG:root:Executing:Sequence: Offensive Strategy
DEBUG:root:Executing:Check: have_largest_fleet
DEBUG:root:Result: Check: have_largest_fleet -> Success
DEBUG:root:Executing:Action: attack_weakest_enemy_planet
DEBUG:root:Result: Action: attack_weakest_enemy_planet -> Failure
DEBUG:root:Result: Sequence: Offensive Strategy -> Failure
DEBUG:root:Executing:Action: attack_weakest_enemy_planet
DEBUG:root:Result: Action: attack_weakest_enemy_planet -> Failure
DEBUG:root:Result: Selector: High Level Ordering of Strategies -> Failure
DEBUG:root:Finish turn

DEBUG:root:Executing:Selector: High Level Ordering of Strategies
DEBUG:root:Executing:Sequence: Spread Strategy
DEBUG:root:Executing:Check: if_neutral_planet_available
DEBUG:root:Result: Check: if_neutral_planet_available -> Success
DEBUG:root:Executing:Action: spread_to_weakest_neutral_planet
DEBUG:root:Order:12 7 84.0
DEBUG:root:Result: Action: spread_to_weakest_neutral_planet -> Success
DEBUG:root:Result: Sequence: Spread Strategy -> Success
DEBUG:root:Result: Selector: High Level Ordering of Strategies -> Success
DEBUG:root:Finish turn

DEBUG:root:Executing:Selector: High Level Ordering of Strategies
DEBUG:root:Executing:Sequence: Spread Strategy
DEBUG:root:Executing:Check: if_neutral_planet_available
DEBUG:root:Result: Check: if_neutral_planet_available -> Success
DEBUG:root:Executing:Action: spread_to_weakest_neutral_planet
DEBUG:root:Result: Action: spread_to_weakest_neutral_planet -> Failure
DEBUG:root:Result: Sequence: Spread Strategy -> Failure
DEBUG:root:Executing:Sequence: Offensive Strategy
DEBUG:root:Executing:Check: have_largest_fleet
DEBUG:root:Result: Check: have_largest_fleet -> Success
DEBUG:root:Executing:Action: attack_weakest_enemy_planet
DEBUG:root:Result: Action: attack_weakest_enemy_planet -> Failure
DEBUG:root:Result: Sequence: Offensive Strategy -> Failure
DEBUG:root:Executing:Action: attack_weakest_enemy_planet
DEBUG:root:Result: Action: attack_weakest_enemy_planet -> Failure
DEBUG:root:Result: Selector: High Level Ordering of Strategies -> Failure
DEBUG:root:Finish turn

DEBUG:root:Executing:Selector: High Level Ordering of Strategies
DEBUG:root:Executing:Sequence: Spread Strategy
DEBUG:root:Executing:Check: if_neutral_planet_available
DEBUG:root:Result: Check: if_neutral_planet_available -> Success
DEBUG:root:Executing:Action: spread_to_weakest_neutral_planet
DEBUG:root:Result: Action: spread_to_weakest_neutral_planet -> Failure
DEBUG:root:Result: Sequence: Spread Strategy -> Failure
DEBUG:root:Executing:Sequence: Offensive Strategy
DEBUG:root:Executing:Check: have_largest_fleet
DEBUG:root:Result: Check: have_largest_fleet -> Success
DEBUG:root:Executing:Action: attack_weakest_enemy_planet
DEBUG:root:Order:22 20 9.0
DEBUG:root:Result: Action: attack_weakest_enemy_planet -> Success
DEBUG:root:Result: Sequence: Offensive Strategy -> Success
DEBUG:root:Result: Selector: High Level Ordering of Strategies -> Success
DEBUG:root:Finish turn

DEBUG:root:Executing:Selector: High Level Ordering of Strategies
DEBUG:root:Executing:Sequence: Spread Strategy
DEBUG:root:Executing:Check: if_neutral_planet_available
DEBUG:root:Result: Check: if_neutral_planet_available -> Success
DEBUG:root:Executing:Action: spread_to_weakest_neutral_planet
DEBUG:root:Result: Action: spread_to_weakest_neutral_planet -> Failure
DEBUG:root:Result: Sequence: Spread Strategy -> Failure
DEBUG:root:Executing:Sequence: Offensive Strategy
DEBUG:root:Executing:Check: have_largest_fleet
DEBUG:root:Result: Check: have_largest_fleet -> Success
DEBUG:root:Executing:Action: attack_weakest_enemy_planet
DEBUG:root:Result: Action: attack_weakest_enemy_planet -> Failure
DEBUG:root:Result: Sequence: Offensive Strategy -> Failure
DEBUG:root:Executing:Action: attack_weakest_enemy_planet
DEBUG:root:Result: Action: attack_weakest_enemy_planet -> Failure
DEBUG:root:Result: Selector: High Level Ordering of Strategies -> Failure
DEBUG:root:Finish turn

DEBUG:root:Executing:Selector: High Level Ordering of Strategies
DEBUG:root:Executing:Sequence: Spread Strategy
DEBUG:root:Executing:Check: if_neutral_planet_available
DEBUG:root:Result: Check: if_neutral_planet_available -> Success
DEBUG:root:Executing:Action: spread_to_weakest_neutral_planet
DEBUG:root:Order:2 8 84.0
DEBUG:root:Result: Action: spread_to_weakest_neutral_planet -> Success
DEBUG:root:Result: Sequence: Spread Strategy -> Success
DEBUG:root:Result: Selector: High Level Ordering of Strategies -> Success
DEBUG:root:Finish turn

DEBUG:root:Executing:Selector: High Level Ordering of Strategies
DEBUG:root:Executing:Sequence: Spread Strategy
DEBUG:root:Executing:Check: if_neutral_planet_available
DEBUG:root:Result: Check: if_neutral_planet_available -> Success
DEBUG:root:Executing:Action: spread_to_weakest_neutral_planet
DEBUG:root:Result: Action: spread_to_weakest_neutral_planet -> Failure
DEBUG:root:Result: Sequence: Spread Strategy -> Failure
DEBUG:root:Executing:Sequence: Offensive Strategy
DEBUG:root:Executing:Check: have_largest_fleet
DEBUG:root:Result: Check: have_largest_fleet -> Success
DEBUG:root:Executing:Action: attack_weakest_enemy_planet
DEBUG:root:Result: Action: attack_weakest_enemy_planet -> Failure
DEBUG:root:Result: Sequence: Offensive Strategy -> Failure
DEBUG:root:Executing:Action: attack_weakest_enemy_planet
DEBUG:root:Result: Action: attack_weakest_enemy_planet -> Failure
DEBUG:root:Result: Selector: High Level Ordering of Strategies -> Failure
DEBUG:root:Finish turn

DEBUG:root:Executing:Selector: High Level Ordering of Strategies
DEBUG:root:Executing:Sequence: Spread Strategy
DEBUG:root:Executing:Check: if_neutral_planet_available
DEBUG:root:Result: Check: if_neutral_planet_available -> Success
DEBUG:root:Executing:Action: spread_to_weakest_neutral_planet
DEBUG:root:Result: Action: spread_to_weakest_neutral_planet -> Failure
DEBUG:root:Result: Sequence: Spread Strategy -> Failure
DEBUG:root:Executing:Sequence: Offensive Strategy
DEBUG:root:Executing:Check: have_largest_fleet
DEBUG:root:Result: Check: have_largest_fleet -> Success
DEBUG:root:Executing:Action: attack_weakest_enemy_planet
DEBUG:root:Result: Action: attack_weakest_enemy_planet -> Failure
DEBUG:root:Result: Sequence: Offensive Strategy -> Failure
DEBUG:root:Executing:Action: attack_weakest_enemy_planet
DEBUG:root:Result: Action: attack_weakest_enemy_planet -> Failure
DEBUG:root:Result: Selector: High Level Ordering of Strategies -> Failure
DEBUG:root:Finish turn

DEBUG:root:Executing:Selector: High Level Ordering of Strategies
DEBUG:root:Executing:Sequence: Spread Strategy
DEBUG:root:Executing:Check: if_neutral_planet_available
DEBUG:root:Result: Check: if_neutral_planet_available -> Success
DEBUG:root:Executing:Action: spread_to_weakest_neutral_planet
DEBUG:root:Order:0 10 85.0
DEBUG:root:Result: Action: spread_to_weakest_neutral_planet -> Success
DEBUG:root:Result: Sequence: Spread Strategy -> Success
DEBUG:root:Result: Selector: High Level Ordering of Strategies -> Success
DEBUG:root:Finish turn

DEBUG:root:Executing:Selector: High Level Ordering of Strategies
DEBUG:root:Executing:Sequence: Spread Strategy
DEBUG:root:Executing:Check: if_neutral_planet_available
DEBUG:root:Result: Check: if_neutral_planet_available -> Success
DEBUG:root:Executing:Action: spread_to_weakest_neutral_planet
DEBUG:root:Result: Action: spread_to_weakest_neutral_planet -> Failure
DEBUG:root:Result: Sequence: Spread Strategy -> Failure
DEBUG:root:Executing:Sequence: Offensive Strategy
DEBUG:root:Executing:Check: have_largest_fleet
DEBUG:root:Result: Check: have_largest_fleet -> Success
DEBUG:root:Executing:Action: attack_weakest_enemy_planet
DEBUG:root:Result: Action: attack_weakest_enemy_planet -> Failure
DEBUG:root:Result: Sequence: Offensive Strategy -> Failure
DEBUG:root:Executing:Action: attack_weakest_enemy_planet
DEBUG:root:Result: Action: attack_weakest_enemy_planet -> Failure
DEBUG:root:Result: Selector: High Level Ordering of Strategies -> Failure
DEBUG:root:Finish turn

